2022-03-10 17:52:26,189 django.utils.autoreload INFO     Watching for file changes with StatReloader
2022-03-10 17:52:36,754 django.utils.autoreload INFO     /home/sindre/Dokumenter/MG/info-screens/root/settings/base.py changed, reloading.
2022-03-10 17:52:44,156 django.utils.autoreload INFO     Watching for file changes with StatReloader
2022-03-10 17:54:38,020 django.server INFO     "GET /screens/ HTTP/1.1" 200 16922
2022-03-10 17:54:38,046 django.server INFO     "GET /static/CACHE/css/base.e9ec07212d87.css HTTP/1.1" 200 727
2022-03-10 17:56:28,384 django.server INFO     "GET /screens/ HTTP/1.1" 200 16922
2022-03-10 17:56:28,420 django.server INFO     "GET /static/CACHE/css/base.e9ec07212d87.css HTTP/1.1" 200 727
2022-03-10 17:56:37,351 django.server INFO     "GET /static/CACHE/css/base.e9ec07212d87.css HTTP/1.1" 304 0
2022-03-10 17:59:32,630 django.server INFO     "GET /screens/ HTTP/1.1" 200 16920
2022-03-10 17:59:32,659 django.server INFO     "GET /static/CACHE/css/base.e9ec07212d87.css HTTP/1.1" 200 727
2022-03-10 18:05:06,788 django.server INFO     "GET /screens/ HTTP/1.1" 200 18015
2022-03-10 18:05:06,829 django.server INFO     "GET /static/CACHE/css/base.e9ec07212d87.css HTTP/1.1" 200 727
2022-03-10 18:05:51,415 django.server INFO     "GET /screens/ HTTP/1.1" 200 18012
2022-03-10 18:05:51,450 django.server INFO     "GET /static/CACHE/css/base.e9ec07212d87.css HTTP/1.1" 200 727
2022-03-10 18:07:39,027 django.server INFO     "GET /screens/ HTTP/1.1" 200 17455
2022-03-10 18:07:39,063 django.server INFO     "GET /static/CACHE/css/base.e9ec07212d87.css HTTP/1.1" 200 727
2022-03-10 18:13:32,094 django.request ERROR    Internal Server Error: /screens/
Traceback (most recent call last):
  File "/home/sindre/Dokumenter/MG/info-screens/.venv/lib/python3.7/site-packages/django/core/handlers/exception.py", line 47, in inner
    response = get_response(request)
  File "/home/sindre/Dokumenter/MG/info-screens/.venv/lib/python3.7/site-packages/django/core/handlers/base.py", line 181, in _get_response
    response = wrapped_callback(request, *callback_args, **callback_kwargs)
  File "/home/sindre/Dokumenter/MG/info-screens/.venv/lib/python3.7/site-packages/django/views/generic/base.py", line 70, in view
    return self.dispatch(request, *args, **kwargs)
  File "/home/sindre/Dokumenter/MG/info-screens/.venv/lib/python3.7/site-packages/django/views/generic/base.py", line 98, in dispatch
    return handler(request, *args, **kwargs)
  File "/home/sindre/Dokumenter/MG/info-screens/infoscreen/views.py", line 30, in get
    'screens': screens,
  File "/home/sindre/Dokumenter/MG/info-screens/.venv/lib/python3.7/site-packages/django/shortcuts.py", line 19, in render
    content = loader.render_to_string(template_name, context, request, using=using)
  File "/home/sindre/Dokumenter/MG/info-screens/.venv/lib/python3.7/site-packages/django/template/loader.py", line 62, in render_to_string
    return template.render(context, request)
  File "/home/sindre/Dokumenter/MG/info-screens/.venv/lib/python3.7/site-packages/django/template/backends/django.py", line 61, in render
    return self.template.render(context)
  File "/home/sindre/Dokumenter/MG/info-screens/.venv/lib/python3.7/site-packages/django/template/base.py", line 170, in render
    return self._render(context)
  File "/home/sindre/Dokumenter/MG/info-screens/.venv/lib/python3.7/site-packages/django/test/utils.py", line 100, in instrumented_test_render
    return self.nodelist.render(context)
  File "/home/sindre/Dokumenter/MG/info-screens/.venv/lib/python3.7/site-packages/django/template/base.py", line 938, in render
    bit = node.render_annotated(context)
  File "/home/sindre/Dokumenter/MG/info-screens/.venv/lib/python3.7/site-packages/django/template/base.py", line 905, in render_annotated
    return self.render(context)
  File "/home/sindre/Dokumenter/MG/info-screens/.venv/lib/python3.7/site-packages/django/template/loader_tags.py", line 150, in render
    return compiled_parent._render(context)
  File "/home/sindre/Dokumenter/MG/info-screens/.venv/lib/python3.7/site-packages/django/test/utils.py", line 100, in instrumented_test_render
    return self.nodelist.render(context)
  File "/home/sindre/Dokumenter/MG/info-screens/.venv/lib/python3.7/site-packages/django/template/base.py", line 938, in render
    bit = node.render_annotated(context)
  File "/home/sindre/Dokumenter/MG/info-screens/.venv/lib/python3.7/site-packages/django/template/base.py", line 905, in render_annotated
    return self.render(context)
  File "/home/sindre/Dokumenter/MG/info-screens/.venv/lib/python3.7/site-packages/compressor/templatetags/compress.py", line 151, in render
    return self.render_compressed(context, self.kind, self.mode, forced=forced, log=log, verbosity=verbosity)
  File "/home/sindre/Dokumenter/MG/info-screens/.venv/lib/python3.7/site-packages/compressor/templatetags/compress.py", line 121, in render_compressed
    rendered_output = compressor.output(mode, forced=forced, basename=file_basename)
  File "/home/sindre/Dokumenter/MG/info-screens/.venv/lib/python3.7/site-packages/compressor/css.py", line 46, in output
    ret.append(subnode.output(*args, **kwargs))
  File "/home/sindre/Dokumenter/MG/info-screens/.venv/lib/python3.7/site-packages/compressor/css.py", line 48, in output
    return super().output(*args, **kwargs)
  File "/home/sindre/Dokumenter/MG/info-screens/.venv/lib/python3.7/site-packages/compressor/base.py", line 323, in output
    output = '\n'.join(self.filter_input(forced))
  File "/home/sindre/Dokumenter/MG/info-screens/.venv/lib/python3.7/site-packages/compressor/base.py", line 263, in filter_input
    for hunk in self.hunks(forced):
  File "/home/sindre/Dokumenter/MG/info-screens/.venv/lib/python3.7/site-packages/compressor/base.py", line 237, in hunks
    precompiled, value = self.precompile(value, **options)
  File "/home/sindre/Dokumenter/MG/info-screens/.venv/lib/python3.7/site-packages/compressor/base.py", line 304, in precompile
    return True, filter.input(**kwargs)
  File "/home/sindre/Dokumenter/MG/info-screens/.venv/lib/python3.7/site-packages/django_libsass.py", line 150, in input
    source_comments=SOURCE_COMMENTS)
  File "/home/sindre/Dokumenter/MG/info-screens/.venv/lib/python3.7/site-packages/django_libsass.py", line 135, in compile
    output = sass.compile(**kwargs)
  File "/home/sindre/Dokumenter/MG/info-screens/.venv/lib/python3.7/site-packages/sass.py", line 738, in compile
    raise CompileError(v)
sass.CompileError: Error: Undefined variable: "$light4".
        on line 5:6 of infoscreen/static/infoscreen/scss/base.scss
>> $bg: $light4;

   -----^

2022-03-10 18:13:32,263 django.server ERROR    "GET /screens/ HTTP/1.1" 500 210187
2022-03-10 18:13:40,448 django.server INFO     "GET /screens/ HTTP/1.1" 200 17457
2022-03-10 18:13:40,485 django.server INFO     "GET /static/CACHE/css/base.e9ec07212d87.css HTTP/1.1" 200 727
2022-03-10 18:14:56,038 django.server INFO     "GET /screens/ HTTP/1.1" 200 16920
2022-03-10 18:14:56,074 django.server INFO     "GET /static/CACHE/css/base.e9ec07212d87.css HTTP/1.1" 200 727
2022-03-10 18:16:30,692 django.server INFO     "GET /screens/ HTTP/1.1" 200 17957
2022-03-10 18:16:30,726 django.server INFO     "GET /static/CACHE/css/base.e9ec07212d87.css HTTP/1.1" 200 727
2022-03-10 18:17:02,970 django.server INFO     "GET /screens/ HTTP/1.1" 200 17416
2022-03-10 18:17:03,003 django.server INFO     "GET /static/CACHE/css/base.e9ec07212d87.css HTTP/1.1" 200 727
2022-03-10 18:17:44,866 django.server INFO     "GET /screens/ HTTP/1.1" 200 17434
2022-03-10 18:17:44,896 django.server INFO     "GET /static/CACHE/css/base.e9ec07212d87.css HTTP/1.1" 200 727
2022-03-10 18:19:17,978 django.server INFO     "GET /screens/ HTTP/1.1" 200 17436
2022-03-10 18:19:18,007 django.server INFO     "GET /static/CACHE/css/base.e9ec07212d87.css HTTP/1.1" 200 727
2022-03-10 18:21:53,659 django.server INFO     "GET /screens/ HTTP/1.1" 200 17428
2022-03-10 18:21:53,692 django.server INFO     "GET /static/CACHE/css/base.e9ec07212d87.css HTTP/1.1" 200 727
2022-03-10 18:21:54,533 django.server INFO     "GET /screens/ HTTP/1.1" 200 17426
2022-03-10 18:21:54,560 django.server INFO     "GET /static/CACHE/css/base.e9ec07212d87.css HTTP/1.1" 200 727
2022-03-10 18:22:31,285 django.server INFO     "GET /screens/ HTTP/1.1" 200 17426
2022-03-10 18:22:31,312 django.server INFO     "GET /static/CACHE/css/base.e9ec07212d87.css HTTP/1.1" 200 727
2022-03-10 18:22:52,581 django.request WARNING  Not Found: /screen_list
2022-03-10 18:22:52,581 django.server WARNING  "GET /screen_list HTTP/1.1" 404 12821
2022-03-10 18:23:35,802 django.server INFO     "GET /screens/ HTTP/1.1" 200 17434
2022-03-10 18:23:35,824 django.server INFO     "GET /static/CACHE/css/base.e9ec07212d87.css HTTP/1.1" 200 727
2022-03-10 18:23:36,533 django.server INFO     "GET /screens/ HTTP/1.1" 200 17434
2022-03-10 18:23:36,556 django.server INFO     "GET /static/CACHE/css/base.e9ec07212d87.css HTTP/1.1" 200 727
2022-03-10 18:23:47,369 django.server INFO     "GET /screens/ HTTP/1.1" 200 17434
2022-03-10 18:23:47,396 django.server INFO     "GET /static/CACHE/css/base.e9ec07212d87.css HTTP/1.1" 200 727
2022-03-10 18:25:29,563 django.server INFO     "GET /screens/ HTTP/1.1" 200 17426
2022-03-10 18:25:29,590 django.server INFO     "GET /static/CACHE/css/base.e9ec07212d87.css HTTP/1.1" 200 727
2022-03-10 18:25:30,568 django.server INFO     "GET /screens/ HTTP/1.1" 200 17426
2022-03-10 18:25:30,596 django.server INFO     "GET /static/CACHE/css/base.e9ec07212d87.css HTTP/1.1" 200 727
2022-03-10 18:25:36,838 django.server INFO     "GET /screens/ HTTP/1.1" 200 17446
2022-03-10 18:25:36,864 django.server INFO     "GET /static/CACHE/css/base.e9ec07212d87.css HTTP/1.1" 200 727
2022-03-10 18:26:08,437 django.server INFO     "GET /screens/ HTTP/1.1" 200 17612
2022-03-10 18:26:08,468 django.server INFO     "GET /static/CACHE/css/base.e9ec07212d87.css HTTP/1.1" 200 727
2022-03-10 18:27:06,153 django.server INFO     "GET /screens/ HTTP/1.1" 200 17643
2022-03-10 18:27:06,182 django.server INFO     "GET /static/CACHE/css/base.e9ec07212d87.css HTTP/1.1" 200 727
2022-03-10 18:29:23,213 django.server INFO     "GET /screens/ HTTP/1.1" 200 17696
2022-03-10 18:29:23,239 django.server INFO     "GET /static/CACHE/css/base.e9ec07212d87.css HTTP/1.1" 200 727
2022-03-10 18:29:30,360 django.server INFO     "GET /screens/ HTTP/1.1" 200 17748
2022-03-10 18:29:30,388 django.server INFO     "GET /static/CACHE/css/base.e9ec07212d87.css HTTP/1.1" 200 727
2022-03-10 19:06:58,592 django.server INFO     "GET /screens/ HTTP/1.1" 200 17477
2022-03-10 19:06:58,625 django.server INFO     "GET /static/CACHE/css/base.e9ec07212d87.css HTTP/1.1" 200 727
2022-03-10 19:07:05,727 django.server INFO     "GET /admin/infoscreen/image/ HTTP/1.1" 200 15883
2022-03-10 19:07:05,818 django.server INFO     "GET /admin/jsi18n/ HTTP/1.1" 200 3195
2022-03-10 19:07:17,395 django.server INFO     "GET /admin/infoscreen/screen/add/ HTTP/1.1" 200 20290
2022-03-10 19:07:17,421 django.server INFO     "GET /static/admin/css/forms.css HTTP/1.1" 200 8804
2022-03-10 19:07:17,435 django.server INFO     "GET /static/admin/js/SelectBox.js HTTP/1.1" 200 4360
2022-03-10 19:07:17,436 django.server INFO     "GET /static/admin/js/SelectFilter2.js HTTP/1.1" 200 12350
2022-03-10 19:07:17,492 django.server INFO     "GET /static/admin/css/widgets.css HTTP/1.1" 200 11097
2022-03-10 19:07:17,494 django.server INFO     "GET /static/admin/js/prepopulate_init.js HTTP/1.1" 200 492
2022-03-10 19:07:17,505 django.server INFO     "GET /admin/jsi18n/ HTTP/1.1" 200 3195
2022-03-10 19:07:17,506 django.server INFO     "GET /static/admin/js/change_form.js HTTP/1.1" 200 606
2022-03-10 19:07:17,560 django.server INFO     "GET /static/admin/img/icon-unknown.svg HTTP/1.1" 200 655
2022-03-10 19:07:17,561 django.server INFO     "GET /static/admin/img/selector-icons.svg HTTP/1.1" 200 3291
2022-03-10 19:07:17,561 django.server INFO     "GET /static/admin/img/icon-unknown-alt.svg HTTP/1.1" 200 655
2022-03-10 19:07:26,189 django.server INFO     "POST /admin/infoscreen/screen/add/ HTTP/1.1" 200 20449
2022-03-10 19:07:26,271 django.server INFO     "GET /admin/jsi18n/ HTTP/1.1" 200 3195
2022-03-10 19:07:31,661 django.server INFO     "POST /admin/infoscreen/screen/add/ HTTP/1.1" 302 0
2022-03-10 19:07:31,827 django.server INFO     "GET /admin/infoscreen/screen/ HTTP/1.1" 200 17264
2022-03-10 19:07:31,927 django.server INFO     "GET /admin/jsi18n/ HTTP/1.1" 200 3195
2022-03-10 19:07:31,952 django.server INFO     "GET /static/admin/img/icon-yes.svg HTTP/1.1" 200 436
2022-03-10 19:07:35,816 django.server INFO     "GET /screens/ HTTP/1.1" 200 17600
2022-03-10 19:07:35,841 django.server INFO     "GET /static/CACHE/css/base.e9ec07212d87.css HTTP/1.1" 200 727
2022-03-10 19:07:35,866 django.server WARNING  "GET /static/img/default.jpg HTTP/1.1" 404 1905
2022-03-10 19:07:49,339 django.server INFO     "GET /admin/infoscreen/screen/1/change/ HTTP/1.1" 200 20709
2022-03-10 19:07:49,423 django.server INFO     "GET /admin/jsi18n/ HTTP/1.1" 200 3195
2022-03-10 19:07:57,685 django.server INFO     "GET /admin/infoscreen/image/add/?_to_field=id&_popup=1 HTTP/1.1" 200 14966
2022-03-10 19:07:57,932 django.server INFO     "GET /admin/jsi18n/ HTTP/1.1" 200 3195
2022-03-10 19:08:25,552 django.server INFO     "GET /admin/infoscreen/image/add/?_to_field=id&_popup=1 HTTP/1.1" 200 14966
2022-03-10 19:08:25,635 django.server INFO     "GET /admin/jsi18n/ HTTP/1.1" 200 3195
2022-03-10 19:08:34,032 django.server INFO     "POST /admin/infoscreen/image/add/?_to_field=id&_popup=1 HTTP/1.1" 200 10351
2022-03-10 19:08:34,074 django.server INFO     "GET /static/admin/js/popup_response.js HTTP/1.1" 200 551
2022-03-10 19:08:37,508 django.server INFO     "GET /screens/ HTTP/1.1" 200 17602
2022-03-10 19:08:37,538 django.server INFO     "GET /static/CACHE/css/base.e9ec07212d87.css HTTP/1.1" 200 727
2022-03-10 19:08:37,556 django.server WARNING  "GET /static/img/default.jpg HTTP/1.1" 404 1905
2022-03-10 19:08:38,363 django.server INFO     "GET /screens/ HTTP/1.1" 200 17600
2022-03-10 19:08:38,393 django.server INFO     "GET /static/CACHE/css/base.e9ec07212d87.css HTTP/1.1" 200 727
2022-03-10 19:08:38,394 django.server WARNING  "GET /static/img/default.jpg HTTP/1.1" 404 1905
2022-03-10 19:08:50,395 django.server INFO     "GET /screens/ HTTP/1.1" 200 17600
2022-03-10 19:08:50,431 django.server INFO     "GET /static/CACHE/css/base.e9ec07212d87.css HTTP/1.1" 200 727
2022-03-10 19:08:50,432 django.server WARNING  "GET /static/img/default.jpg HTTP/1.1" 404 1905
2022-03-10 19:08:51,028 django.server INFO     "GET /screens/ HTTP/1.1" 200 17600
2022-03-10 19:08:51,063 django.server INFO     "GET /static/CACHE/css/base.e9ec07212d87.css HTTP/1.1" 304 0
2022-03-10 19:08:51,064 django.server WARNING  "GET /static/img/default.jpg HTTP/1.1" 404 1905
2022-03-10 19:09:08,560 django.server INFO     "GET /screens/ HTTP/1.1" 200 17600
2022-03-10 19:09:08,598 django.server INFO     "GET /static/CACHE/css/base.e9ec07212d87.css HTTP/1.1" 200 727
2022-03-10 19:09:08,600 django.server WARNING  "GET /static/img/default.jpg HTTP/1.1" 404 1905
2022-03-10 19:09:09,493 django.server INFO     "GET /screens/ HTTP/1.1" 200 17600
2022-03-10 19:09:09,527 django.server INFO     "GET /static/CACHE/css/base.e9ec07212d87.css HTTP/1.1" 200 727
2022-03-10 19:09:09,527 django.server WARNING  "GET /static/img/default.jpg HTTP/1.1" 404 1905
2022-03-10 19:09:23,777 django.server INFO     "GET /screens/ HTTP/1.1" 200 17633
2022-03-10 19:09:23,809 django.server INFO     "GET /static/CACHE/css/base.e9ec07212d87.css HTTP/1.1" 200 727
2022-03-10 19:09:23,810 django.server WARNING  "GET /static/img/default.jpg HTTP/1.1" 404 1905
2022-03-10 19:09:33,062 django.server INFO     "GET /screens/ HTTP/1.1" 200 17633
2022-03-10 19:09:33,091 django.server INFO     "GET /static/CACHE/css/base.e9ec07212d87.css HTTP/1.1" 200 727
2022-03-10 19:09:33,092 django.server WARNING  "GET /static/img/default.jpg HTTP/1.1" 404 1905
2022-03-10 19:09:34,071 django.server INFO     "GET /screens/ HTTP/1.1" 200 17633
2022-03-10 19:09:34,119 django.server INFO     "GET /static/CACHE/css/base.e9ec07212d87.css HTTP/1.1" 200 727
2022-03-10 19:09:34,120 django.server WARNING  "GET /static/img/default.jpg HTTP/1.1" 404 1905
2022-03-10 19:09:38,267 django.server INFO     "POST /admin/infoscreen/screen/1/change/ HTTP/1.1" 302 0
2022-03-10 19:09:38,432 django.server INFO     "GET /admin/infoscreen/screen/ HTTP/1.1" 200 17634
2022-03-10 19:09:38,523 django.server INFO     "GET /admin/jsi18n/ HTTP/1.1" 200 3195
2022-03-10 19:09:40,459 django.server INFO     "GET /screens/ HTTP/1.1" 200 17633
2022-03-10 19:09:40,486 django.server INFO     "GET /static/CACHE/css/base.e9ec07212d87.css HTTP/1.1" 200 727
2022-03-10 19:09:40,547 django.server WARNING  "GET /static/img/default.jpg HTTP/1.1" 404 1905
2022-03-10 19:09:41,438 django.server INFO     "GET /screens/ HTTP/1.1" 200 17633
2022-03-10 19:09:41,472 django.server INFO     "GET /static/CACHE/css/base.e9ec07212d87.css HTTP/1.1" 200 727
2022-03-10 19:09:41,473 django.server WARNING  "GET /static/img/default.jpg HTTP/1.1" 404 1905
2022-03-10 19:09:54,005 django.server INFO     "GET /screens/ HTTP/1.1" 200 17634
2022-03-10 19:09:54,036 django.server INFO     "GET /static/CACHE/css/base.e9ec07212d87.css HTTP/1.1" 200 727
2022-03-10 19:09:54,043 django.server WARNING  "GET /static/img/default.jpg HTTP/1.1" 404 1905
2022-03-10 19:09:54,829 django.server INFO     "GET /screens/ HTTP/1.1" 200 17634
2022-03-10 19:09:54,857 django.server INFO     "GET /static/CACHE/css/base.e9ec07212d87.css HTTP/1.1" 200 727
2022-03-10 19:09:54,858 django.server WARNING  "GET /static/img/default.jpg HTTP/1.1" 404 1905
2022-03-10 19:10:08,875 django.server INFO     "GET /admin/infoscreen/screen/1/change/ HTTP/1.1" 200 20753
2022-03-10 19:10:08,982 django.server INFO     "GET /admin/jsi18n/ HTTP/1.1" 200 3195
2022-03-10 19:10:18,827 django.server INFO     "POST /admin/infoscreen/screen/1/change/ HTTP/1.1" 302 0
2022-03-10 19:10:19,048 django.server INFO     "GET /admin/infoscreen/screen/ HTTP/1.1" 200 17634
2022-03-10 19:10:19,128 django.server INFO     "GET /admin/jsi18n/ HTTP/1.1" 200 3195
2022-03-10 19:10:22,742 django.server INFO     "GET /screens/ HTTP/1.1" 200 17636
2022-03-10 19:10:22,779 django.server INFO     "GET /static/CACHE/css/base.e9ec07212d87.css HTTP/1.1" 200 727
2022-03-10 19:10:22,779 django.server WARNING  "GET /static/img/default.jpg HTTP/1.1" 404 1905
2022-03-10 19:10:23,510 django.server INFO     "GET /screens/ HTTP/1.1" 200 17636
2022-03-10 19:10:23,550 django.server INFO     "GET /static/CACHE/css/base.e9ec07212d87.css HTTP/1.1" 200 727
2022-03-10 19:10:23,551 django.server WARNING  "GET /static/img/default.jpg HTTP/1.1" 404 1905
2022-03-10 19:10:36,142 django.server INFO     "GET /admin/infoscreen/screen/ HTTP/1.1" 200 17429
2022-03-10 19:10:36,235 django.server INFO     "GET /admin/jsi18n/ HTTP/1.1" 200 3195
2022-03-10 19:10:37,871 django.server INFO     "GET /screens/ HTTP/1.1" 200 17634
2022-03-10 19:10:37,906 django.server INFO     "GET /static/CACHE/css/base.e9ec07212d87.css HTTP/1.1" 200 727
2022-03-10 19:10:37,909 django.server WARNING  "GET /static/img/default.jpg HTTP/1.1" 404 1905
2022-03-10 19:10:40,182 django.server INFO     "GET /admin/infoscreen/screen/1/change/ HTTP/1.1" 200 20744
2022-03-10 19:10:40,284 django.server INFO     "GET /admin/jsi18n/ HTTP/1.1" 200 3195
2022-03-10 19:10:53,890 django.server INFO     "POST /admin/infoscreen/screen/1/change/ HTTP/1.1" 302 0
2022-03-10 19:10:54,048 django.server INFO     "GET /admin/infoscreen/screen/ HTTP/1.1" 200 17634
2022-03-10 19:10:54,195 django.server INFO     "GET /admin/jsi18n/ HTTP/1.1" 200 3195
2022-03-10 19:10:57,341 django.server INFO     "GET /admin/infoscreen/screen/?images__id__exact=1 HTTP/1.1" 200 17727
2022-03-10 19:10:57,482 django.server INFO     "GET /admin/jsi18n/ HTTP/1.1" 200 3195
2022-03-10 19:11:00,629 django.server INFO     "GET /admin/infoscreen/image/ HTTP/1.1" 200 17522
2022-03-10 19:11:00,702 django.server INFO     "GET /admin/jsi18n/ HTTP/1.1" 200 3195
2022-03-10 19:11:00,772 django.server INFO     "GET /static/admin/img/sorting-icons.svg HTTP/1.1" 200 1097
2022-03-10 19:11:03,121 django.server INFO     "GET /admin/infoscreen/image/1/change/ HTTP/1.1" 200 18924
2022-03-10 19:11:03,197 django.server INFO     "GET /admin/jsi18n/ HTTP/1.1" 200 3195
2022-03-10 19:11:06,344 django.server INFO     "GET /admin/infoscreen/screen/ HTTP/1.1" 200 17429
2022-03-10 19:11:06,433 django.server INFO     "GET /admin/jsi18n/ HTTP/1.1" 200 3195
2022-03-10 19:11:31,101 django.server INFO     "GET /screens/ HTTP/1.1" 200 17634
2022-03-10 19:11:31,128 django.server INFO     "GET /static/CACHE/css/base.e9ec07212d87.css HTTP/1.1" 200 727
2022-03-10 19:11:31,143 django.server WARNING  "GET /static/img/default.jpg HTTP/1.1" 404 1905
2022-03-10 19:11:31,839 django.server INFO     "GET /screens/ HTTP/1.1" 200 17634
2022-03-10 19:11:31,872 django.server INFO     "GET /static/CACHE/css/base.e9ec07212d87.css HTTP/1.1" 304 0
2022-03-10 19:11:31,873 django.server WARNING  "GET /static/img/default.jpg HTTP/1.1" 404 1905
2022-03-10 19:11:50,629 django.server INFO     "GET /screens/ HTTP/1.1" 200 17634
2022-03-10 19:11:50,663 django.server INFO     "GET /static/CACHE/css/base.e9ec07212d87.css HTTP/1.1" 200 727
2022-03-10 19:11:50,666 django.server WARNING  "GET /static/img/default.jpg HTTP/1.1" 404 1905
2022-03-10 19:11:51,265 django.server INFO     "GET /screens/ HTTP/1.1" 200 17634
2022-03-10 19:11:51,301 django.server INFO     "GET /static/CACHE/css/base.e9ec07212d87.css HTTP/1.1" 200 727
2022-03-10 19:11:51,303 django.server WARNING  "GET /static/img/default.jpg HTTP/1.1" 404 1905
2022-03-10 19:14:20,741 django.server INFO     "GET /admin/infoscreen/screen/1/change/ HTTP/1.1" 200 20753
2022-03-10 19:14:20,825 django.server INFO     "GET /admin/jsi18n/ HTTP/1.1" 200 3195
2022-03-10 19:14:31,709 django.server INFO     "GET /screens/ HTTP/1.1" 200 17634
2022-03-10 19:14:31,737 django.server INFO     "GET /static/CACHE/css/base.e9ec07212d87.css HTTP/1.1" 200 727
2022-03-10 19:14:31,767 django.server WARNING  "GET /static/img/default.jpg HTTP/1.1" 404 1905
2022-03-10 19:15:04,493 django.server INFO     "GET /screens/ HTTP/1.1" 200 17633
2022-03-10 19:15:04,524 django.server INFO     "GET /static/CACHE/css/base.e9ec07212d87.css HTTP/1.1" 200 727
2022-03-10 19:15:04,584 django.request WARNING  Not Found: /screens/screen.images.first.url/
2022-03-10 19:15:04,585 django.server WARNING  "GET /screens/screen.images.first.url/ HTTP/1.1" 404 12905
2022-03-10 19:16:00,172 django.server INFO     "GET /screens/ HTTP/1.1" 200 17646
2022-03-10 19:16:00,200 django.server INFO     "GET /static/CACHE/css/base.e9ec07212d87.css HTTP/1.1" 200 727
2022-03-10 19:16:00,266 django.request WARNING  Not Found: /screens/screen.images.first.url/
2022-03-10 19:16:00,266 django.server WARNING  "GET /screens/screen.images.first.url/ HTTP/1.1" 404 12905
2022-03-10 19:16:22,051 django.server INFO     "GET /admin/infoscreen/image/ HTTP/1.1" 200 17522
2022-03-10 19:16:22,175 django.server INFO     "GET /admin/jsi18n/ HTTP/1.1" 200 3195
2022-03-10 19:17:06,492 django.server INFO     "GET /admin/infoscreen/image/ HTTP/1.1" 200 17522
2022-03-10 19:17:06,576 django.server INFO     "GET /admin/jsi18n/ HTTP/1.1" 200 3195
2022-03-10 19:17:09,322 django.server INFO     "GET /screens/ HTTP/1.1" 200 17599
2022-03-10 19:17:09,353 django.server INFO     "GET /static/CACHE/css/base.e9ec07212d87.css HTTP/1.1" 200 727
2022-03-10 19:17:09,399 django.request WARNING  Not Found: /screens/screen.images.first.url/
2022-03-10 19:17:09,400 django.server WARNING  "GET /screens/screen.images.first.url/ HTTP/1.1" 404 12905
2022-03-10 19:17:10,242 django.server INFO     "GET /screens/ HTTP/1.1" 200 17601
2022-03-10 19:17:10,274 django.server INFO     "GET /static/CACHE/css/base.e9ec07212d87.css HTTP/1.1" 200 727
2022-03-10 19:17:10,314 django.request WARNING  Not Found: /screens/screen.images.first.url/
2022-03-10 19:17:10,315 django.server WARNING  "GET /screens/screen.images.first.url/ HTTP/1.1" 404 12905
2022-03-10 19:17:47,276 django.server INFO     "GET /admin/infoscreen/screen/ HTTP/1.1" 200 17429
2022-03-10 19:17:47,347 django.server INFO     "GET /admin/jsi18n/ HTTP/1.1" 200 3195
2022-03-10 19:17:50,698 django.server INFO     "GET /admin/infoscreen/screen/add/ HTTP/1.1" 200 20325
2022-03-10 19:17:50,789 django.server INFO     "GET /admin/jsi18n/ HTTP/1.1" 200 3195
2022-03-10 19:17:58,887 django.server INFO     "POST /admin/infoscreen/screen/add/ HTTP/1.1" 200 20508
2022-03-10 19:17:58,975 django.server INFO     "GET /admin/jsi18n/ HTTP/1.1" 200 3195
2022-03-10 19:18:04,438 django.server INFO     "POST /admin/infoscreen/screen/add/ HTTP/1.1" 302 0
2022-03-10 19:18:04,676 django.server INFO     "GET /admin/infoscreen/screen/ HTTP/1.1" 200 17841
2022-03-10 19:18:04,754 django.server INFO     "GET /admin/jsi18n/ HTTP/1.1" 200 3195
2022-03-10 19:18:06,635 django.server INFO     "GET /admin/infoscreen/screen/add/ HTTP/1.1" 200 20325
2022-03-10 19:18:06,728 django.server INFO     "GET /admin/jsi18n/ HTTP/1.1" 200 3195
2022-03-10 19:18:11,918 django.server INFO     "POST /admin/infoscreen/screen/add/ HTTP/1.1" 302 0
2022-03-10 19:18:12,080 django.server INFO     "GET /admin/infoscreen/screen/ HTTP/1.1" 200 18049
2022-03-10 19:18:12,214 django.server INFO     "GET /admin/jsi18n/ HTTP/1.1" 200 3195
2022-03-10 19:18:14,073 django.server INFO     "GET /admin/infoscreen/screen/add/ HTTP/1.1" 200 20325
2022-03-10 19:18:14,165 django.server INFO     "GET /admin/jsi18n/ HTTP/1.1" 200 3195
2022-03-10 19:18:20,406 django.server INFO     "POST /admin/infoscreen/screen/add/ HTTP/1.1" 302 0
2022-03-10 19:18:20,596 django.server INFO     "GET /admin/infoscreen/screen/ HTTP/1.1" 200 18257
2022-03-10 19:18:20,745 django.server INFO     "GET /admin/jsi18n/ HTTP/1.1" 200 3195
2022-03-10 19:18:23,174 django.server INFO     "GET /screens/ HTTP/1.1" 200 17976
2022-03-10 19:18:23,200 django.server INFO     "GET /static/CACHE/css/base.e9ec07212d87.css HTTP/1.1" 200 727
2022-03-10 19:18:23,246 django.request WARNING  Not Found: /screens/screen.images.first.url/
2022-03-10 19:18:23,247 django.server WARNING  "GET /screens/screen.images.first.url/ HTTP/1.1" 404 12905
2022-03-10 19:18:23,255 django.server WARNING  "GET /static/img/default.jpg HTTP/1.1" 404 1905
2022-03-10 19:18:23,353 django.server WARNING  "GET /static/img/default.jpg HTTP/1.1" 404 1905
2022-03-10 19:19:18,807 django.server INFO     "GET /screens/ HTTP/1.1" 200 18292
2022-03-10 19:19:18,863 django.server INFO     "GET /static/CACHE/css/base.e9ec07212d87.css HTTP/1.1" 200 727
2022-03-10 19:19:18,872 django.server WARNING  "GET /static/img/default.jpg HTTP/1.1" 404 1905
2022-03-10 19:19:18,902 django.request WARNING  Not Found: /screens/screen.images.first.url/
2022-03-10 19:19:18,903 django.server WARNING  "GET /screens/screen.images.first.url/ HTTP/1.1" 404 12905
2022-03-10 19:19:27,211 django.server INFO     "GET /static/CACHE/css/base.e9ec07212d87.css HTTP/1.1" 304 0
2022-03-10 19:20:02,141 django.server INFO     "GET /screens/ HTTP/1.1" 200 18337
2022-03-10 19:20:02,175 django.server INFO     "GET /static/CACHE/css/base.e9ec07212d87.css HTTP/1.1" 200 727
2022-03-10 19:20:02,263 django.server WARNING  "GET /static/img/default.jpg HTTP/1.1" 404 1905
2022-03-10 19:20:32,069 django.server INFO     "GET /admin/infoscreen/screen/1/change/ HTTP/1.1" 200 20753
2022-03-10 19:20:32,163 django.server INFO     "GET /admin/jsi18n/ HTTP/1.1" 200 3195
2022-03-10 19:20:35,545 django.server INFO     "GET /admin/infoscreen/image/ HTTP/1.1" 200 17522
2022-03-10 19:20:35,733 django.server INFO     "GET /admin/jsi18n/ HTTP/1.1" 200 3195
2022-03-10 19:23:09,185 django.request ERROR    Internal Server Error: /screens/
Traceback (most recent call last):
  File "/home/sindre/Dokumenter/MG/info-screens/.venv/lib/python3.7/site-packages/django/template/base.py", line 470, in parse
    compile_func = self.tags[command]
KeyError: 'screen.images.first.url'

During handling of the above exception, another exception occurred:

Traceback (most recent call last):
  File "/home/sindre/Dokumenter/MG/info-screens/.venv/lib/python3.7/site-packages/django/core/handlers/exception.py", line 47, in inner
    response = get_response(request)
  File "/home/sindre/Dokumenter/MG/info-screens/.venv/lib/python3.7/site-packages/django/core/handlers/base.py", line 181, in _get_response
    response = wrapped_callback(request, *callback_args, **callback_kwargs)
  File "/home/sindre/Dokumenter/MG/info-screens/.venv/lib/python3.7/site-packages/django/views/generic/base.py", line 70, in view
    return self.dispatch(request, *args, **kwargs)
  File "/home/sindre/Dokumenter/MG/info-screens/.venv/lib/python3.7/site-packages/django/views/generic/base.py", line 98, in dispatch
    return handler(request, *args, **kwargs)
  File "/home/sindre/Dokumenter/MG/info-screens/infoscreen/views.py", line 30, in get
    'screens': screens,
  File "/home/sindre/Dokumenter/MG/info-screens/.venv/lib/python3.7/site-packages/django/shortcuts.py", line 19, in render
    content = loader.render_to_string(template_name, context, request, using=using)
  File "/home/sindre/Dokumenter/MG/info-screens/.venv/lib/python3.7/site-packages/django/template/loader.py", line 61, in render_to_string
    template = get_template(template_name, using=using)
  File "/home/sindre/Dokumenter/MG/info-screens/.venv/lib/python3.7/site-packages/django/template/loader.py", line 15, in get_template
    return engine.get_template(template_name)
  File "/home/sindre/Dokumenter/MG/info-screens/.venv/lib/python3.7/site-packages/django/template/backends/django.py", line 34, in get_template
    return Template(self.engine.get_template(template_name), self)
  File "/home/sindre/Dokumenter/MG/info-screens/.venv/lib/python3.7/site-packages/django/template/engine.py", line 143, in get_template
    template, origin = self.find_template(template_name)
  File "/home/sindre/Dokumenter/MG/info-screens/.venv/lib/python3.7/site-packages/django/template/engine.py", line 125, in find_template
    template = loader.get_template(name, skip=skip)
  File "/home/sindre/Dokumenter/MG/info-screens/.venv/lib/python3.7/site-packages/django/template/loaders/base.py", line 30, in get_template
    contents, origin, origin.template_name, self.engine,
  File "/home/sindre/Dokumenter/MG/info-screens/.venv/lib/python3.7/site-packages/django/template/base.py", line 155, in __init__
    self.nodelist = self.compile_nodelist()
  File "/home/sindre/Dokumenter/MG/info-screens/.venv/lib/python3.7/site-packages/django/template/base.py", line 193, in compile_nodelist
    return parser.parse()
  File "/home/sindre/Dokumenter/MG/info-screens/.venv/lib/python3.7/site-packages/django/template/base.py", line 478, in parse
    raise self.error(token, e)
  File "/home/sindre/Dokumenter/MG/info-screens/.venv/lib/python3.7/site-packages/django/template/base.py", line 476, in parse
    compiled_result = compile_func(self, token)
  File "/home/sindre/Dokumenter/MG/info-screens/.venv/lib/python3.7/site-packages/django/template/loader_tags.py", line 278, in do_extends
    nodelist = parser.parse()
  File "/home/sindre/Dokumenter/MG/info-screens/.venv/lib/python3.7/site-packages/django/template/base.py", line 478, in parse
    raise self.error(token, e)
  File "/home/sindre/Dokumenter/MG/info-screens/.venv/lib/python3.7/site-packages/django/template/base.py", line 476, in parse
    compiled_result = compile_func(self, token)
  File "/home/sindre/Dokumenter/MG/info-screens/.venv/lib/python3.7/site-packages/django/template/loader_tags.py", line 216, in do_block
    nodelist = parser.parse(('endblock',))
  File "/home/sindre/Dokumenter/MG/info-screens/.venv/lib/python3.7/site-packages/django/template/base.py", line 478, in parse
    raise self.error(token, e)
  File "/home/sindre/Dokumenter/MG/info-screens/.venv/lib/python3.7/site-packages/django/template/base.py", line 476, in parse
    compiled_result = compile_func(self, token)
  File "/home/sindre/Dokumenter/MG/info-screens/.venv/lib/python3.7/site-packages/django/template/defaulttags.py", line 817, in do_for
    nodelist_loop = parser.parse(('empty', 'endfor',))
  File "/home/sindre/Dokumenter/MG/info-screens/.venv/lib/python3.7/site-packages/django/template/base.py", line 478, in parse
    raise self.error(token, e)
  File "/home/sindre/Dokumenter/MG/info-screens/.venv/lib/python3.7/site-packages/django/template/base.py", line 476, in parse
    compiled_result = compile_func(self, token)
  File "/home/sindre/Dokumenter/MG/info-screens/.venv/lib/python3.7/site-packages/django/template/defaulttags.py", line 968, in do_if
    nodelist = parser.parse(('elif', 'else', 'endif'))
  File "/home/sindre/Dokumenter/MG/info-screens/.venv/lib/python3.7/site-packages/django/template/base.py", line 472, in parse
    self.invalid_block_tag(token, command, parse_until)
  File "/home/sindre/Dokumenter/MG/info-screens/.venv/lib/python3.7/site-packages/django/template/base.py", line 528, in invalid_block_tag
    get_text_list(["'%s'" % p for p in parse_until], 'or'),
django.template.exceptions.TemplateSyntaxError: Invalid block tag on line 20: 'screen.images.first.url', expected 'elif', 'else' or 'endif'. Did you forget to register or load this tag?
2022-03-10 19:23:09,254 django.server ERROR    "GET /screens/ HTTP/1.1" 500 219389
2022-03-10 19:23:27,463 django.request ERROR    Internal Server Error: /screens/
Traceback (most recent call last):
  File "/home/sindre/Dokumenter/MG/info-screens/.venv/lib/python3.7/site-packages/django/template/base.py", line 470, in parse
    compile_func = self.tags[command]
KeyError: 'screen.images.first.url'

During handling of the above exception, another exception occurred:

Traceback (most recent call last):
  File "/home/sindre/Dokumenter/MG/info-screens/.venv/lib/python3.7/site-packages/django/core/handlers/exception.py", line 47, in inner
    response = get_response(request)
  File "/home/sindre/Dokumenter/MG/info-screens/.venv/lib/python3.7/site-packages/django/core/handlers/base.py", line 181, in _get_response
    response = wrapped_callback(request, *callback_args, **callback_kwargs)
  File "/home/sindre/Dokumenter/MG/info-screens/.venv/lib/python3.7/site-packages/django/views/generic/base.py", line 70, in view
    return self.dispatch(request, *args, **kwargs)
  File "/home/sindre/Dokumenter/MG/info-screens/.venv/lib/python3.7/site-packages/django/views/generic/base.py", line 98, in dispatch
    return handler(request, *args, **kwargs)
  File "/home/sindre/Dokumenter/MG/info-screens/infoscreen/views.py", line 30, in get
    'screens': screens,
  File "/home/sindre/Dokumenter/MG/info-screens/.venv/lib/python3.7/site-packages/django/shortcuts.py", line 19, in render
    content = loader.render_to_string(template_name, context, request, using=using)
  File "/home/sindre/Dokumenter/MG/info-screens/.venv/lib/python3.7/site-packages/django/template/loader.py", line 61, in render_to_string
    template = get_template(template_name, using=using)
  File "/home/sindre/Dokumenter/MG/info-screens/.venv/lib/python3.7/site-packages/django/template/loader.py", line 15, in get_template
    return engine.get_template(template_name)
  File "/home/sindre/Dokumenter/MG/info-screens/.venv/lib/python3.7/site-packages/django/template/backends/django.py", line 34, in get_template
    return Template(self.engine.get_template(template_name), self)
  File "/home/sindre/Dokumenter/MG/info-screens/.venv/lib/python3.7/site-packages/django/template/engine.py", line 143, in get_template
    template, origin = self.find_template(template_name)
  File "/home/sindre/Dokumenter/MG/info-screens/.venv/lib/python3.7/site-packages/django/template/engine.py", line 125, in find_template
    template = loader.get_template(name, skip=skip)
  File "/home/sindre/Dokumenter/MG/info-screens/.venv/lib/python3.7/site-packages/django/template/loaders/base.py", line 30, in get_template
    contents, origin, origin.template_name, self.engine,
  File "/home/sindre/Dokumenter/MG/info-screens/.venv/lib/python3.7/site-packages/django/template/base.py", line 155, in __init__
    self.nodelist = self.compile_nodelist()
  File "/home/sindre/Dokumenter/MG/info-screens/.venv/lib/python3.7/site-packages/django/template/base.py", line 193, in compile_nodelist
    return parser.parse()
  File "/home/sindre/Dokumenter/MG/info-screens/.venv/lib/python3.7/site-packages/django/template/base.py", line 478, in parse
    raise self.error(token, e)
  File "/home/sindre/Dokumenter/MG/info-screens/.venv/lib/python3.7/site-packages/django/template/base.py", line 476, in parse
    compiled_result = compile_func(self, token)
  File "/home/sindre/Dokumenter/MG/info-screens/.venv/lib/python3.7/site-packages/django/template/loader_tags.py", line 278, in do_extends
    nodelist = parser.parse()
  File "/home/sindre/Dokumenter/MG/info-screens/.venv/lib/python3.7/site-packages/django/template/base.py", line 478, in parse
    raise self.error(token, e)
  File "/home/sindre/Dokumenter/MG/info-screens/.venv/lib/python3.7/site-packages/django/template/base.py", line 476, in parse
    compiled_result = compile_func(self, token)
  File "/home/sindre/Dokumenter/MG/info-screens/.venv/lib/python3.7/site-packages/django/template/loader_tags.py", line 216, in do_block
    nodelist = parser.parse(('endblock',))
  File "/home/sindre/Dokumenter/MG/info-screens/.venv/lib/python3.7/site-packages/django/template/base.py", line 478, in parse
    raise self.error(token, e)
  File "/home/sindre/Dokumenter/MG/info-screens/.venv/lib/python3.7/site-packages/django/template/base.py", line 476, in parse
    compiled_result = compile_func(self, token)
  File "/home/sindre/Dokumenter/MG/info-screens/.venv/lib/python3.7/site-packages/django/template/defaulttags.py", line 817, in do_for
    nodelist_loop = parser.parse(('empty', 'endfor',))
  File "/home/sindre/Dokumenter/MG/info-screens/.venv/lib/python3.7/site-packages/django/template/base.py", line 478, in parse
    raise self.error(token, e)
  File "/home/sindre/Dokumenter/MG/info-screens/.venv/lib/python3.7/site-packages/django/template/base.py", line 476, in parse
    compiled_result = compile_func(self, token)
  File "/home/sindre/Dokumenter/MG/info-screens/.venv/lib/python3.7/site-packages/django/template/defaulttags.py", line 968, in do_if
    nodelist = parser.parse(('elif', 'else', 'endif'))
  File "/home/sindre/Dokumenter/MG/info-screens/.venv/lib/python3.7/site-packages/django/template/base.py", line 472, in parse
    self.invalid_block_tag(token, command, parse_until)
  File "/home/sindre/Dokumenter/MG/info-screens/.venv/lib/python3.7/site-packages/django/template/base.py", line 528, in invalid_block_tag
    get_text_list(["'%s'" % p for p in parse_until], 'or'),
django.template.exceptions.TemplateSyntaxError: Invalid block tag on line 20: 'screen.images.first.url', expected 'elif', 'else' or 'endif'. Did you forget to register or load this tag?
2022-03-10 19:23:27,544 django.server ERROR    "GET /screens/ HTTP/1.1" 500 219373
2022-03-10 19:23:44,395 django.server INFO     "GET /screens/ HTTP/1.1" 200 18325
2022-03-10 19:23:44,439 django.server INFO     "GET /static/CACHE/css/base.e9ec07212d87.css HTTP/1.1" 200 727
2022-03-10 19:23:44,555 django.server WARNING  "GET /static/img/default.jpg HTTP/1.1" 404 1905
2022-03-10 19:25:40,649 django.server INFO     "GET /screens/ HTTP/1.1" 200 18327
2022-03-10 19:25:40,683 django.server INFO     "GET /static/CACHE/css/base.e9ec07212d87.css HTTP/1.1" 200 727
2022-03-10 19:25:40,809 django.server WARNING  "GET /static/img/default.jpg HTTP/1.1" 404 1905
2022-03-10 19:26:15,938 django.server INFO     "GET /screens/ HTTP/1.1" 200 18341
2022-03-10 19:26:15,967 django.server INFO     "GET /static/CACHE/css/base.e9ec07212d87.css HTTP/1.1" 200 727
2022-03-10 19:26:16,010 django.server WARNING  "GET /static/img/default.jpg HTTP/1.1" 404 1905
2022-03-10 19:26:25,480 django.server INFO     "GET /screens/ HTTP/1.1" 200 18340
2022-03-10 19:26:25,518 django.server INFO     "GET /static/CACHE/css/base.e9ec07212d87.css HTTP/1.1" 200 727
2022-03-10 19:26:25,571 django.server WARNING  "GET /static/img/default.jpg HTTP/1.1" 404 1905
2022-03-10 19:26:36,341 django.server INFO     "GET /screens/ HTTP/1.1" 200 18339
2022-03-10 19:26:36,379 django.server INFO     "GET /static/CACHE/css/base.e9ec07212d87.css HTTP/1.1" 200 727
2022-03-10 19:26:36,422 django.server WARNING  "GET /static/img/default.jpg HTTP/1.1" 404 1905
2022-03-10 19:26:41,449 django.server INFO     "GET /screens/ HTTP/1.1" 200 18340
2022-03-10 19:26:41,484 django.server INFO     "GET /static/CACHE/css/base.e9ec07212d87.css HTTP/1.1" 200 727
2022-03-10 19:26:41,559 django.server WARNING  "GET /static/img/default.jpg HTTP/1.1" 404 1905
2022-03-10 19:26:50,528 django.server INFO     "GET /screens/ HTTP/1.1" 200 18339
2022-03-10 19:26:50,557 django.server INFO     "GET /static/CACHE/css/base.e9ec07212d87.css HTTP/1.1" 200 727
2022-03-10 19:26:50,619 django.server WARNING  "GET /static/img/default.jpg HTTP/1.1" 404 1905
2022-03-10 19:26:50,644 django.server WARNING  "GET /static/img/default.jpg HTTP/1.1" 404 1905
2022-03-10 19:28:30,216 django.server INFO     "GET /screens/ HTTP/1.1" 200 18351
2022-03-10 19:28:30,252 django.server INFO     "GET /static/CACHE/css/base.e9ec07212d87.css HTTP/1.1" 200 727
2022-03-10 19:28:30,344 django.request WARNING  Not Found: /screens/{ static
2022-03-10 19:28:30,345 django.server WARNING  "GET /screens/%7B%20static HTTP/1.1" 404 12849
2022-03-10 19:28:30,506 django.request WARNING  Not Found: /screens/{ static
2022-03-10 19:28:30,507 django.server WARNING  "GET /screens/%7B%20static HTTP/1.1" 404 12849
2022-03-10 19:28:42,311 django.server INFO     "GET /screens/ HTTP/1.1" 200 18354
2022-03-10 19:28:42,345 django.server INFO     "GET /static/CACHE/css/base.e9ec07212d87.css HTTP/1.1" 200 727
2022-03-10 19:28:42,447 django.request WARNING  Not Found: /screens/{ %static
2022-03-10 19:28:42,448 django.server WARNING  "GET /screens/%7B%20%static HTTP/1.1" 404 12857
2022-03-10 19:29:21,622 django.request ERROR    Internal Server Error: /screens/
Traceback (most recent call last):
  File "/home/sindre/Dokumenter/MG/info-screens/.venv/lib/python3.7/site-packages/django/template/base.py", line 470, in parse
    compile_func = self.tags[command]
KeyError: 'static'

During handling of the above exception, another exception occurred:

Traceback (most recent call last):
  File "/home/sindre/Dokumenter/MG/info-screens/.venv/lib/python3.7/site-packages/django/core/handlers/exception.py", line 47, in inner
    response = get_response(request)
  File "/home/sindre/Dokumenter/MG/info-screens/.venv/lib/python3.7/site-packages/django/core/handlers/base.py", line 181, in _get_response
    response = wrapped_callback(request, *callback_args, **callback_kwargs)
  File "/home/sindre/Dokumenter/MG/info-screens/.venv/lib/python3.7/site-packages/django/views/generic/base.py", line 70, in view
    return self.dispatch(request, *args, **kwargs)
  File "/home/sindre/Dokumenter/MG/info-screens/.venv/lib/python3.7/site-packages/django/views/generic/base.py", line 98, in dispatch
    return handler(request, *args, **kwargs)
  File "/home/sindre/Dokumenter/MG/info-screens/infoscreen/views.py", line 30, in get
    'screens': screens,
  File "/home/sindre/Dokumenter/MG/info-screens/.venv/lib/python3.7/site-packages/django/shortcuts.py", line 19, in render
    content = loader.render_to_string(template_name, context, request, using=using)
  File "/home/sindre/Dokumenter/MG/info-screens/.venv/lib/python3.7/site-packages/django/template/loader.py", line 61, in render_to_string
    template = get_template(template_name, using=using)
  File "/home/sindre/Dokumenter/MG/info-screens/.venv/lib/python3.7/site-packages/django/template/loader.py", line 15, in get_template
    return engine.get_template(template_name)
  File "/home/sindre/Dokumenter/MG/info-screens/.venv/lib/python3.7/site-packages/django/template/backends/django.py", line 34, in get_template
    return Template(self.engine.get_template(template_name), self)
  File "/home/sindre/Dokumenter/MG/info-screens/.venv/lib/python3.7/site-packages/django/template/engine.py", line 143, in get_template
    template, origin = self.find_template(template_name)
  File "/home/sindre/Dokumenter/MG/info-screens/.venv/lib/python3.7/site-packages/django/template/engine.py", line 125, in find_template
    template = loader.get_template(name, skip=skip)
  File "/home/sindre/Dokumenter/MG/info-screens/.venv/lib/python3.7/site-packages/django/template/loaders/base.py", line 30, in get_template
    contents, origin, origin.template_name, self.engine,
  File "/home/sindre/Dokumenter/MG/info-screens/.venv/lib/python3.7/site-packages/django/template/base.py", line 155, in __init__
    self.nodelist = self.compile_nodelist()
  File "/home/sindre/Dokumenter/MG/info-screens/.venv/lib/python3.7/site-packages/django/template/base.py", line 193, in compile_nodelist
    return parser.parse()
  File "/home/sindre/Dokumenter/MG/info-screens/.venv/lib/python3.7/site-packages/django/template/base.py", line 478, in parse
    raise self.error(token, e)
  File "/home/sindre/Dokumenter/MG/info-screens/.venv/lib/python3.7/site-packages/django/template/base.py", line 476, in parse
    compiled_result = compile_func(self, token)
  File "/home/sindre/Dokumenter/MG/info-screens/.venv/lib/python3.7/site-packages/django/template/loader_tags.py", line 278, in do_extends
    nodelist = parser.parse()
  File "/home/sindre/Dokumenter/MG/info-screens/.venv/lib/python3.7/site-packages/django/template/base.py", line 478, in parse
    raise self.error(token, e)
  File "/home/sindre/Dokumenter/MG/info-screens/.venv/lib/python3.7/site-packages/django/template/base.py", line 476, in parse
    compiled_result = compile_func(self, token)
  File "/home/sindre/Dokumenter/MG/info-screens/.venv/lib/python3.7/site-packages/django/template/loader_tags.py", line 216, in do_block
    nodelist = parser.parse(('endblock',))
  File "/home/sindre/Dokumenter/MG/info-screens/.venv/lib/python3.7/site-packages/django/template/base.py", line 478, in parse
    raise self.error(token, e)
  File "/home/sindre/Dokumenter/MG/info-screens/.venv/lib/python3.7/site-packages/django/template/base.py", line 476, in parse
    compiled_result = compile_func(self, token)
  File "/home/sindre/Dokumenter/MG/info-screens/.venv/lib/python3.7/site-packages/django/template/defaulttags.py", line 817, in do_for
    nodelist_loop = parser.parse(('empty', 'endfor',))
  File "/home/sindre/Dokumenter/MG/info-screens/.venv/lib/python3.7/site-packages/django/template/base.py", line 478, in parse
    raise self.error(token, e)
  File "/home/sindre/Dokumenter/MG/info-screens/.venv/lib/python3.7/site-packages/django/template/base.py", line 476, in parse
    compiled_result = compile_func(self, token)
  File "/home/sindre/Dokumenter/MG/info-screens/.venv/lib/python3.7/site-packages/django/template/defaulttags.py", line 982, in do_if
    nodelist = parser.parse(('endif',))
  File "/home/sindre/Dokumenter/MG/info-screens/.venv/lib/python3.7/site-packages/django/template/base.py", line 472, in parse
    self.invalid_block_tag(token, command, parse_until)
  File "/home/sindre/Dokumenter/MG/info-screens/.venv/lib/python3.7/site-packages/django/template/base.py", line 528, in invalid_block_tag
    get_text_list(["'%s'" % p for p in parse_until], 'or'),
django.template.exceptions.TemplateSyntaxError: Invalid block tag on line 25: 'static', expected 'endif'. Did you forget to register or load this tag?
2022-03-10 19:29:21,695 django.server ERROR    "GET /screens/ HTTP/1.1" 500 219983
2022-03-10 19:29:39,948 django.request ERROR    Internal Server Error: /screens/
Traceback (most recent call last):
  File "/home/sindre/Dokumenter/MG/info-screens/.venv/lib/python3.7/site-packages/django/template/base.py", line 470, in parse
    compile_func = self.tags[command]
KeyError: 'static'

During handling of the above exception, another exception occurred:

Traceback (most recent call last):
  File "/home/sindre/Dokumenter/MG/info-screens/.venv/lib/python3.7/site-packages/django/core/handlers/exception.py", line 47, in inner
    response = get_response(request)
  File "/home/sindre/Dokumenter/MG/info-screens/.venv/lib/python3.7/site-packages/django/core/handlers/base.py", line 181, in _get_response
    response = wrapped_callback(request, *callback_args, **callback_kwargs)
  File "/home/sindre/Dokumenter/MG/info-screens/.venv/lib/python3.7/site-packages/django/views/generic/base.py", line 70, in view
    return self.dispatch(request, *args, **kwargs)
  File "/home/sindre/Dokumenter/MG/info-screens/.venv/lib/python3.7/site-packages/django/views/generic/base.py", line 98, in dispatch
    return handler(request, *args, **kwargs)
  File "/home/sindre/Dokumenter/MG/info-screens/infoscreen/views.py", line 30, in get
    'screens': screens,
  File "/home/sindre/Dokumenter/MG/info-screens/.venv/lib/python3.7/site-packages/django/shortcuts.py", line 19, in render
    content = loader.render_to_string(template_name, context, request, using=using)
  File "/home/sindre/Dokumenter/MG/info-screens/.venv/lib/python3.7/site-packages/django/template/loader.py", line 61, in render_to_string
    template = get_template(template_name, using=using)
  File "/home/sindre/Dokumenter/MG/info-screens/.venv/lib/python3.7/site-packages/django/template/loader.py", line 15, in get_template
    return engine.get_template(template_name)
  File "/home/sindre/Dokumenter/MG/info-screens/.venv/lib/python3.7/site-packages/django/template/backends/django.py", line 34, in get_template
    return Template(self.engine.get_template(template_name), self)
  File "/home/sindre/Dokumenter/MG/info-screens/.venv/lib/python3.7/site-packages/django/template/engine.py", line 143, in get_template
    template, origin = self.find_template(template_name)
  File "/home/sindre/Dokumenter/MG/info-screens/.venv/lib/python3.7/site-packages/django/template/engine.py", line 125, in find_template
    template = loader.get_template(name, skip=skip)
  File "/home/sindre/Dokumenter/MG/info-screens/.venv/lib/python3.7/site-packages/django/template/loaders/base.py", line 30, in get_template
    contents, origin, origin.template_name, self.engine,
  File "/home/sindre/Dokumenter/MG/info-screens/.venv/lib/python3.7/site-packages/django/template/base.py", line 155, in __init__
    self.nodelist = self.compile_nodelist()
  File "/home/sindre/Dokumenter/MG/info-screens/.venv/lib/python3.7/site-packages/django/template/base.py", line 193, in compile_nodelist
    return parser.parse()
  File "/home/sindre/Dokumenter/MG/info-screens/.venv/lib/python3.7/site-packages/django/template/base.py", line 478, in parse
    raise self.error(token, e)
  File "/home/sindre/Dokumenter/MG/info-screens/.venv/lib/python3.7/site-packages/django/template/base.py", line 476, in parse
    compiled_result = compile_func(self, token)
  File "/home/sindre/Dokumenter/MG/info-screens/.venv/lib/python3.7/site-packages/django/template/loader_tags.py", line 278, in do_extends
    nodelist = parser.parse()
  File "/home/sindre/Dokumenter/MG/info-screens/.venv/lib/python3.7/site-packages/django/template/base.py", line 478, in parse
    raise self.error(token, e)
  File "/home/sindre/Dokumenter/MG/info-screens/.venv/lib/python3.7/site-packages/django/template/base.py", line 476, in parse
    compiled_result = compile_func(self, token)
  File "/home/sindre/Dokumenter/MG/info-screens/.venv/lib/python3.7/site-packages/django/template/loader_tags.py", line 216, in do_block
    nodelist = parser.parse(('endblock',))
  File "/home/sindre/Dokumenter/MG/info-screens/.venv/lib/python3.7/site-packages/django/template/base.py", line 478, in parse
    raise self.error(token, e)
  File "/home/sindre/Dokumenter/MG/info-screens/.venv/lib/python3.7/site-packages/django/template/base.py", line 476, in parse
    compiled_result = compile_func(self, token)
  File "/home/sindre/Dokumenter/MG/info-screens/.venv/lib/python3.7/site-packages/django/template/defaulttags.py", line 817, in do_for
    nodelist_loop = parser.parse(('empty', 'endfor',))
  File "/home/sindre/Dokumenter/MG/info-screens/.venv/lib/python3.7/site-packages/django/template/base.py", line 478, in parse
    raise self.error(token, e)
  File "/home/sindre/Dokumenter/MG/info-screens/.venv/lib/python3.7/site-packages/django/template/base.py", line 476, in parse
    compiled_result = compile_func(self, token)
  File "/home/sindre/Dokumenter/MG/info-screens/.venv/lib/python3.7/site-packages/django/template/defaulttags.py", line 982, in do_if
    nodelist = parser.parse(('endif',))
  File "/home/sindre/Dokumenter/MG/info-screens/.venv/lib/python3.7/site-packages/django/template/base.py", line 472, in parse
    self.invalid_block_tag(token, command, parse_until)
  File "/home/sindre/Dokumenter/MG/info-screens/.venv/lib/python3.7/site-packages/django/template/base.py", line 528, in invalid_block_tag
    get_text_list(["'%s'" % p for p in parse_until], 'or'),
django.template.exceptions.TemplateSyntaxError: Invalid block tag on line 25: 'static', expected 'endif'. Did you forget to register or load this tag?
2022-03-10 19:29:40,030 django.server ERROR    "GET /screens/ HTTP/1.1" 500 219987
2022-03-10 19:29:40,849 django.request ERROR    Internal Server Error: /screens/
Traceback (most recent call last):
  File "/home/sindre/Dokumenter/MG/info-screens/.venv/lib/python3.7/site-packages/django/template/base.py", line 470, in parse
    compile_func = self.tags[command]
KeyError: 'static'

During handling of the above exception, another exception occurred:

Traceback (most recent call last):
  File "/home/sindre/Dokumenter/MG/info-screens/.venv/lib/python3.7/site-packages/django/core/handlers/exception.py", line 47, in inner
    response = get_response(request)
  File "/home/sindre/Dokumenter/MG/info-screens/.venv/lib/python3.7/site-packages/django/core/handlers/base.py", line 181, in _get_response
    response = wrapped_callback(request, *callback_args, **callback_kwargs)
  File "/home/sindre/Dokumenter/MG/info-screens/.venv/lib/python3.7/site-packages/django/views/generic/base.py", line 70, in view
    return self.dispatch(request, *args, **kwargs)
  File "/home/sindre/Dokumenter/MG/info-screens/.venv/lib/python3.7/site-packages/django/views/generic/base.py", line 98, in dispatch
    return handler(request, *args, **kwargs)
  File "/home/sindre/Dokumenter/MG/info-screens/infoscreen/views.py", line 30, in get
    'screens': screens,
  File "/home/sindre/Dokumenter/MG/info-screens/.venv/lib/python3.7/site-packages/django/shortcuts.py", line 19, in render
    content = loader.render_to_string(template_name, context, request, using=using)
  File "/home/sindre/Dokumenter/MG/info-screens/.venv/lib/python3.7/site-packages/django/template/loader.py", line 61, in render_to_string
    template = get_template(template_name, using=using)
  File "/home/sindre/Dokumenter/MG/info-screens/.venv/lib/python3.7/site-packages/django/template/loader.py", line 15, in get_template
    return engine.get_template(template_name)
  File "/home/sindre/Dokumenter/MG/info-screens/.venv/lib/python3.7/site-packages/django/template/backends/django.py", line 34, in get_template
    return Template(self.engine.get_template(template_name), self)
  File "/home/sindre/Dokumenter/MG/info-screens/.venv/lib/python3.7/site-packages/django/template/engine.py", line 143, in get_template
    template, origin = self.find_template(template_name)
  File "/home/sindre/Dokumenter/MG/info-screens/.venv/lib/python3.7/site-packages/django/template/engine.py", line 125, in find_template
    template = loader.get_template(name, skip=skip)
  File "/home/sindre/Dokumenter/MG/info-screens/.venv/lib/python3.7/site-packages/django/template/loaders/base.py", line 30, in get_template
    contents, origin, origin.template_name, self.engine,
  File "/home/sindre/Dokumenter/MG/info-screens/.venv/lib/python3.7/site-packages/django/template/base.py", line 155, in __init__
    self.nodelist = self.compile_nodelist()
  File "/home/sindre/Dokumenter/MG/info-screens/.venv/lib/python3.7/site-packages/django/template/base.py", line 193, in compile_nodelist
    return parser.parse()
  File "/home/sindre/Dokumenter/MG/info-screens/.venv/lib/python3.7/site-packages/django/template/base.py", line 478, in parse
    raise self.error(token, e)
  File "/home/sindre/Dokumenter/MG/info-screens/.venv/lib/python3.7/site-packages/django/template/base.py", line 476, in parse
    compiled_result = compile_func(self, token)
  File "/home/sindre/Dokumenter/MG/info-screens/.venv/lib/python3.7/site-packages/django/template/loader_tags.py", line 278, in do_extends
    nodelist = parser.parse()
  File "/home/sindre/Dokumenter/MG/info-screens/.venv/lib/python3.7/site-packages/django/template/base.py", line 478, in parse
    raise self.error(token, e)
  File "/home/sindre/Dokumenter/MG/info-screens/.venv/lib/python3.7/site-packages/django/template/base.py", line 476, in parse
    compiled_result = compile_func(self, token)
  File "/home/sindre/Dokumenter/MG/info-screens/.venv/lib/python3.7/site-packages/django/template/loader_tags.py", line 216, in do_block
    nodelist = parser.parse(('endblock',))
  File "/home/sindre/Dokumenter/MG/info-screens/.venv/lib/python3.7/site-packages/django/template/base.py", line 478, in parse
    raise self.error(token, e)
  File "/home/sindre/Dokumenter/MG/info-screens/.venv/lib/python3.7/site-packages/django/template/base.py", line 476, in parse
    compiled_result = compile_func(self, token)
  File "/home/sindre/Dokumenter/MG/info-screens/.venv/lib/python3.7/site-packages/django/template/defaulttags.py", line 817, in do_for
    nodelist_loop = parser.parse(('empty', 'endfor',))
  File "/home/sindre/Dokumenter/MG/info-screens/.venv/lib/python3.7/site-packages/django/template/base.py", line 478, in parse
    raise self.error(token, e)
  File "/home/sindre/Dokumenter/MG/info-screens/.venv/lib/python3.7/site-packages/django/template/base.py", line 476, in parse
    compiled_result = compile_func(self, token)
  File "/home/sindre/Dokumenter/MG/info-screens/.venv/lib/python3.7/site-packages/django/template/defaulttags.py", line 982, in do_if
    nodelist = parser.parse(('endif',))
  File "/home/sindre/Dokumenter/MG/info-screens/.venv/lib/python3.7/site-packages/django/template/base.py", line 472, in parse
    self.invalid_block_tag(token, command, parse_until)
  File "/home/sindre/Dokumenter/MG/info-screens/.venv/lib/python3.7/site-packages/django/template/base.py", line 528, in invalid_block_tag
    get_text_list(["'%s'" % p for p in parse_until], 'or'),
django.template.exceptions.TemplateSyntaxError: Invalid block tag on line 25: 'static', expected 'endif'. Did you forget to register or load this tag?
2022-03-10 19:29:40,920 django.server ERROR    "GET /screens/ HTTP/1.1" 500 219987
2022-03-10 19:32:30,942 django.request ERROR    Internal Server Error: /screens/
Traceback (most recent call last):
  File "/home/sindre/Dokumenter/MG/info-screens/.venv/lib/python3.7/site-packages/django/template/base.py", line 470, in parse
    compile_func = self.tags[command]
KeyError: 'static'

During handling of the above exception, another exception occurred:

Traceback (most recent call last):
  File "/home/sindre/Dokumenter/MG/info-screens/.venv/lib/python3.7/site-packages/django/core/handlers/exception.py", line 47, in inner
    response = get_response(request)
  File "/home/sindre/Dokumenter/MG/info-screens/.venv/lib/python3.7/site-packages/django/core/handlers/base.py", line 181, in _get_response
    response = wrapped_callback(request, *callback_args, **callback_kwargs)
  File "/home/sindre/Dokumenter/MG/info-screens/.venv/lib/python3.7/site-packages/django/views/generic/base.py", line 70, in view
    return self.dispatch(request, *args, **kwargs)
  File "/home/sindre/Dokumenter/MG/info-screens/.venv/lib/python3.7/site-packages/django/views/generic/base.py", line 98, in dispatch
    return handler(request, *args, **kwargs)
  File "/home/sindre/Dokumenter/MG/info-screens/infoscreen/views.py", line 30, in get
    'screens': screens,
  File "/home/sindre/Dokumenter/MG/info-screens/.venv/lib/python3.7/site-packages/django/shortcuts.py", line 19, in render
    content = loader.render_to_string(template_name, context, request, using=using)
  File "/home/sindre/Dokumenter/MG/info-screens/.venv/lib/python3.7/site-packages/django/template/loader.py", line 61, in render_to_string
    template = get_template(template_name, using=using)
  File "/home/sindre/Dokumenter/MG/info-screens/.venv/lib/python3.7/site-packages/django/template/loader.py", line 15, in get_template
    return engine.get_template(template_name)
  File "/home/sindre/Dokumenter/MG/info-screens/.venv/lib/python3.7/site-packages/django/template/backends/django.py", line 34, in get_template
    return Template(self.engine.get_template(template_name), self)
  File "/home/sindre/Dokumenter/MG/info-screens/.venv/lib/python3.7/site-packages/django/template/engine.py", line 143, in get_template
    template, origin = self.find_template(template_name)
  File "/home/sindre/Dokumenter/MG/info-screens/.venv/lib/python3.7/site-packages/django/template/engine.py", line 125, in find_template
    template = loader.get_template(name, skip=skip)
  File "/home/sindre/Dokumenter/MG/info-screens/.venv/lib/python3.7/site-packages/django/template/loaders/base.py", line 30, in get_template
    contents, origin, origin.template_name, self.engine,
  File "/home/sindre/Dokumenter/MG/info-screens/.venv/lib/python3.7/site-packages/django/template/base.py", line 155, in __init__
    self.nodelist = self.compile_nodelist()
  File "/home/sindre/Dokumenter/MG/info-screens/.venv/lib/python3.7/site-packages/django/template/base.py", line 193, in compile_nodelist
    return parser.parse()
  File "/home/sindre/Dokumenter/MG/info-screens/.venv/lib/python3.7/site-packages/django/template/base.py", line 478, in parse
    raise self.error(token, e)
  File "/home/sindre/Dokumenter/MG/info-screens/.venv/lib/python3.7/site-packages/django/template/base.py", line 476, in parse
    compiled_result = compile_func(self, token)
  File "/home/sindre/Dokumenter/MG/info-screens/.venv/lib/python3.7/site-packages/django/template/loader_tags.py", line 278, in do_extends
    nodelist = parser.parse()
  File "/home/sindre/Dokumenter/MG/info-screens/.venv/lib/python3.7/site-packages/django/template/base.py", line 478, in parse
    raise self.error(token, e)
  File "/home/sindre/Dokumenter/MG/info-screens/.venv/lib/python3.7/site-packages/django/template/base.py", line 476, in parse
    compiled_result = compile_func(self, token)
  File "/home/sindre/Dokumenter/MG/info-screens/.venv/lib/python3.7/site-packages/django/template/loader_tags.py", line 216, in do_block
    nodelist = parser.parse(('endblock',))
  File "/home/sindre/Dokumenter/MG/info-screens/.venv/lib/python3.7/site-packages/django/template/base.py", line 478, in parse
    raise self.error(token, e)
  File "/home/sindre/Dokumenter/MG/info-screens/.venv/lib/python3.7/site-packages/django/template/base.py", line 476, in parse
    compiled_result = compile_func(self, token)
  File "/home/sindre/Dokumenter/MG/info-screens/.venv/lib/python3.7/site-packages/django/template/defaulttags.py", line 817, in do_for
    nodelist_loop = parser.parse(('empty', 'endfor',))
  File "/home/sindre/Dokumenter/MG/info-screens/.venv/lib/python3.7/site-packages/django/template/base.py", line 478, in parse
    raise self.error(token, e)
  File "/home/sindre/Dokumenter/MG/info-screens/.venv/lib/python3.7/site-packages/django/template/base.py", line 476, in parse
    compiled_result = compile_func(self, token)
  File "/home/sindre/Dokumenter/MG/info-screens/.venv/lib/python3.7/site-packages/django/template/defaulttags.py", line 982, in do_if
    nodelist = parser.parse(('endif',))
  File "/home/sindre/Dokumenter/MG/info-screens/.venv/lib/python3.7/site-packages/django/template/base.py", line 472, in parse
    self.invalid_block_tag(token, command, parse_until)
  File "/home/sindre/Dokumenter/MG/info-screens/.venv/lib/python3.7/site-packages/django/template/base.py", line 528, in invalid_block_tag
    get_text_list(["'%s'" % p for p in parse_until], 'or'),
django.template.exceptions.TemplateSyntaxError: Invalid block tag on line 27: 'static', expected 'endif'. Did you forget to register or load this tag?
2022-03-10 19:32:31,013 django.server ERROR    "GET /screens/ HTTP/1.1" 500 220993
2022-03-10 19:32:49,167 django.request ERROR    Internal Server Error: /screens/
Traceback (most recent call last):
  File "/home/sindre/Dokumenter/MG/info-screens/.venv/lib/python3.7/site-packages/django/template/base.py", line 470, in parse
    compile_func = self.tags[command]
KeyError: 'static'

During handling of the above exception, another exception occurred:

Traceback (most recent call last):
  File "/home/sindre/Dokumenter/MG/info-screens/.venv/lib/python3.7/site-packages/django/core/handlers/exception.py", line 47, in inner
    response = get_response(request)
  File "/home/sindre/Dokumenter/MG/info-screens/.venv/lib/python3.7/site-packages/django/core/handlers/base.py", line 181, in _get_response
    response = wrapped_callback(request, *callback_args, **callback_kwargs)
  File "/home/sindre/Dokumenter/MG/info-screens/.venv/lib/python3.7/site-packages/django/views/generic/base.py", line 70, in view
    return self.dispatch(request, *args, **kwargs)
  File "/home/sindre/Dokumenter/MG/info-screens/.venv/lib/python3.7/site-packages/django/views/generic/base.py", line 98, in dispatch
    return handler(request, *args, **kwargs)
  File "/home/sindre/Dokumenter/MG/info-screens/infoscreen/views.py", line 30, in get
    'screens': screens,
  File "/home/sindre/Dokumenter/MG/info-screens/.venv/lib/python3.7/site-packages/django/shortcuts.py", line 19, in render
    content = loader.render_to_string(template_name, context, request, using=using)
  File "/home/sindre/Dokumenter/MG/info-screens/.venv/lib/python3.7/site-packages/django/template/loader.py", line 61, in render_to_string
    template = get_template(template_name, using=using)
  File "/home/sindre/Dokumenter/MG/info-screens/.venv/lib/python3.7/site-packages/django/template/loader.py", line 15, in get_template
    return engine.get_template(template_name)
  File "/home/sindre/Dokumenter/MG/info-screens/.venv/lib/python3.7/site-packages/django/template/backends/django.py", line 34, in get_template
    return Template(self.engine.get_template(template_name), self)
  File "/home/sindre/Dokumenter/MG/info-screens/.venv/lib/python3.7/site-packages/django/template/engine.py", line 143, in get_template
    template, origin = self.find_template(template_name)
  File "/home/sindre/Dokumenter/MG/info-screens/.venv/lib/python3.7/site-packages/django/template/engine.py", line 125, in find_template
    template = loader.get_template(name, skip=skip)
  File "/home/sindre/Dokumenter/MG/info-screens/.venv/lib/python3.7/site-packages/django/template/loaders/base.py", line 30, in get_template
    contents, origin, origin.template_name, self.engine,
  File "/home/sindre/Dokumenter/MG/info-screens/.venv/lib/python3.7/site-packages/django/template/base.py", line 155, in __init__
    self.nodelist = self.compile_nodelist()
  File "/home/sindre/Dokumenter/MG/info-screens/.venv/lib/python3.7/site-packages/django/template/base.py", line 193, in compile_nodelist
    return parser.parse()
  File "/home/sindre/Dokumenter/MG/info-screens/.venv/lib/python3.7/site-packages/django/template/base.py", line 478, in parse
    raise self.error(token, e)
  File "/home/sindre/Dokumenter/MG/info-screens/.venv/lib/python3.7/site-packages/django/template/base.py", line 476, in parse
    compiled_result = compile_func(self, token)
  File "/home/sindre/Dokumenter/MG/info-screens/.venv/lib/python3.7/site-packages/django/template/loader_tags.py", line 278, in do_extends
    nodelist = parser.parse()
  File "/home/sindre/Dokumenter/MG/info-screens/.venv/lib/python3.7/site-packages/django/template/base.py", line 478, in parse
    raise self.error(token, e)
  File "/home/sindre/Dokumenter/MG/info-screens/.venv/lib/python3.7/site-packages/django/template/base.py", line 476, in parse
    compiled_result = compile_func(self, token)
  File "/home/sindre/Dokumenter/MG/info-screens/.venv/lib/python3.7/site-packages/django/template/loader_tags.py", line 216, in do_block
    nodelist = parser.parse(('endblock',))
  File "/home/sindre/Dokumenter/MG/info-screens/.venv/lib/python3.7/site-packages/django/template/base.py", line 478, in parse
    raise self.error(token, e)
  File "/home/sindre/Dokumenter/MG/info-screens/.venv/lib/python3.7/site-packages/django/template/base.py", line 476, in parse
    compiled_result = compile_func(self, token)
  File "/home/sindre/Dokumenter/MG/info-screens/.venv/lib/python3.7/site-packages/django/template/defaulttags.py", line 817, in do_for
    nodelist_loop = parser.parse(('empty', 'endfor',))
  File "/home/sindre/Dokumenter/MG/info-screens/.venv/lib/python3.7/site-packages/django/template/base.py", line 478, in parse
    raise self.error(token, e)
  File "/home/sindre/Dokumenter/MG/info-screens/.venv/lib/python3.7/site-packages/django/template/base.py", line 476, in parse
    compiled_result = compile_func(self, token)
  File "/home/sindre/Dokumenter/MG/info-screens/.venv/lib/python3.7/site-packages/django/template/defaulttags.py", line 982, in do_if
    nodelist = parser.parse(('endif',))
  File "/home/sindre/Dokumenter/MG/info-screens/.venv/lib/python3.7/site-packages/django/template/base.py", line 472, in parse
    self.invalid_block_tag(token, command, parse_until)
  File "/home/sindre/Dokumenter/MG/info-screens/.venv/lib/python3.7/site-packages/django/template/base.py", line 528, in invalid_block_tag
    get_text_list(["'%s'" % p for p in parse_until], 'or'),
django.template.exceptions.TemplateSyntaxError: Invalid block tag on line 27: 'static', expected 'endif'. Did you forget to register or load this tag?
2022-03-10 19:32:49,242 django.server ERROR    "GET /screens/ HTTP/1.1" 500 221041
2022-03-10 19:32:50,023 django.request ERROR    Internal Server Error: /screens/
Traceback (most recent call last):
  File "/home/sindre/Dokumenter/MG/info-screens/.venv/lib/python3.7/site-packages/django/template/base.py", line 470, in parse
    compile_func = self.tags[command]
KeyError: 'static'

During handling of the above exception, another exception occurred:

Traceback (most recent call last):
  File "/home/sindre/Dokumenter/MG/info-screens/.venv/lib/python3.7/site-packages/django/core/handlers/exception.py", line 47, in inner
    response = get_response(request)
  File "/home/sindre/Dokumenter/MG/info-screens/.venv/lib/python3.7/site-packages/django/core/handlers/base.py", line 181, in _get_response
    response = wrapped_callback(request, *callback_args, **callback_kwargs)
  File "/home/sindre/Dokumenter/MG/info-screens/.venv/lib/python3.7/site-packages/django/views/generic/base.py", line 70, in view
    return self.dispatch(request, *args, **kwargs)
  File "/home/sindre/Dokumenter/MG/info-screens/.venv/lib/python3.7/site-packages/django/views/generic/base.py", line 98, in dispatch
    return handler(request, *args, **kwargs)
  File "/home/sindre/Dokumenter/MG/info-screens/infoscreen/views.py", line 30, in get
    'screens': screens,
  File "/home/sindre/Dokumenter/MG/info-screens/.venv/lib/python3.7/site-packages/django/shortcuts.py", line 19, in render
    content = loader.render_to_string(template_name, context, request, using=using)
  File "/home/sindre/Dokumenter/MG/info-screens/.venv/lib/python3.7/site-packages/django/template/loader.py", line 61, in render_to_string
    template = get_template(template_name, using=using)
  File "/home/sindre/Dokumenter/MG/info-screens/.venv/lib/python3.7/site-packages/django/template/loader.py", line 15, in get_template
    return engine.get_template(template_name)
  File "/home/sindre/Dokumenter/MG/info-screens/.venv/lib/python3.7/site-packages/django/template/backends/django.py", line 34, in get_template
    return Template(self.engine.get_template(template_name), self)
  File "/home/sindre/Dokumenter/MG/info-screens/.venv/lib/python3.7/site-packages/django/template/engine.py", line 143, in get_template
    template, origin = self.find_template(template_name)
  File "/home/sindre/Dokumenter/MG/info-screens/.venv/lib/python3.7/site-packages/django/template/engine.py", line 125, in find_template
    template = loader.get_template(name, skip=skip)
  File "/home/sindre/Dokumenter/MG/info-screens/.venv/lib/python3.7/site-packages/django/template/loaders/base.py", line 30, in get_template
    contents, origin, origin.template_name, self.engine,
  File "/home/sindre/Dokumenter/MG/info-screens/.venv/lib/python3.7/site-packages/django/template/base.py", line 155, in __init__
    self.nodelist = self.compile_nodelist()
  File "/home/sindre/Dokumenter/MG/info-screens/.venv/lib/python3.7/site-packages/django/template/base.py", line 193, in compile_nodelist
    return parser.parse()
  File "/home/sindre/Dokumenter/MG/info-screens/.venv/lib/python3.7/site-packages/django/template/base.py", line 478, in parse
    raise self.error(token, e)
  File "/home/sindre/Dokumenter/MG/info-screens/.venv/lib/python3.7/site-packages/django/template/base.py", line 476, in parse
    compiled_result = compile_func(self, token)
  File "/home/sindre/Dokumenter/MG/info-screens/.venv/lib/python3.7/site-packages/django/template/loader_tags.py", line 278, in do_extends
    nodelist = parser.parse()
  File "/home/sindre/Dokumenter/MG/info-screens/.venv/lib/python3.7/site-packages/django/template/base.py", line 478, in parse
    raise self.error(token, e)
  File "/home/sindre/Dokumenter/MG/info-screens/.venv/lib/python3.7/site-packages/django/template/base.py", line 476, in parse
    compiled_result = compile_func(self, token)
  File "/home/sindre/Dokumenter/MG/info-screens/.venv/lib/python3.7/site-packages/django/template/loader_tags.py", line 216, in do_block
    nodelist = parser.parse(('endblock',))
  File "/home/sindre/Dokumenter/MG/info-screens/.venv/lib/python3.7/site-packages/django/template/base.py", line 478, in parse
    raise self.error(token, e)
  File "/home/sindre/Dokumenter/MG/info-screens/.venv/lib/python3.7/site-packages/django/template/base.py", line 476, in parse
    compiled_result = compile_func(self, token)
  File "/home/sindre/Dokumenter/MG/info-screens/.venv/lib/python3.7/site-packages/django/template/defaulttags.py", line 817, in do_for
    nodelist_loop = parser.parse(('empty', 'endfor',))
  File "/home/sindre/Dokumenter/MG/info-screens/.venv/lib/python3.7/site-packages/django/template/base.py", line 478, in parse
    raise self.error(token, e)
  File "/home/sindre/Dokumenter/MG/info-screens/.venv/lib/python3.7/site-packages/django/template/base.py", line 476, in parse
    compiled_result = compile_func(self, token)
  File "/home/sindre/Dokumenter/MG/info-screens/.venv/lib/python3.7/site-packages/django/template/defaulttags.py", line 982, in do_if
    nodelist = parser.parse(('endif',))
  File "/home/sindre/Dokumenter/MG/info-screens/.venv/lib/python3.7/site-packages/django/template/base.py", line 472, in parse
    self.invalid_block_tag(token, command, parse_until)
  File "/home/sindre/Dokumenter/MG/info-screens/.venv/lib/python3.7/site-packages/django/template/base.py", line 528, in invalid_block_tag
    get_text_list(["'%s'" % p for p in parse_until], 'or'),
django.template.exceptions.TemplateSyntaxError: Invalid block tag on line 27: 'static', expected 'endif'. Did you forget to register or load this tag?
2022-03-10 19:32:50,104 django.server ERROR    "GET /screens/ HTTP/1.1" 500 221041
2022-03-10 19:34:16,171 django.request ERROR    Internal Server Error: /screens/
Traceback (most recent call last):
  File "/home/sindre/Dokumenter/MG/info-screens/.venv/lib/python3.7/site-packages/django/template/base.py", line 470, in parse
    compile_func = self.tags[command]
KeyError: 'static'

During handling of the above exception, another exception occurred:

Traceback (most recent call last):
  File "/home/sindre/Dokumenter/MG/info-screens/.venv/lib/python3.7/site-packages/django/core/handlers/exception.py", line 47, in inner
    response = get_response(request)
  File "/home/sindre/Dokumenter/MG/info-screens/.venv/lib/python3.7/site-packages/django/core/handlers/base.py", line 181, in _get_response
    response = wrapped_callback(request, *callback_args, **callback_kwargs)
  File "/home/sindre/Dokumenter/MG/info-screens/.venv/lib/python3.7/site-packages/django/views/generic/base.py", line 70, in view
    return self.dispatch(request, *args, **kwargs)
  File "/home/sindre/Dokumenter/MG/info-screens/.venv/lib/python3.7/site-packages/django/views/generic/base.py", line 98, in dispatch
    return handler(request, *args, **kwargs)
  File "/home/sindre/Dokumenter/MG/info-screens/infoscreen/views.py", line 30, in get
    'screens': screens,
  File "/home/sindre/Dokumenter/MG/info-screens/.venv/lib/python3.7/site-packages/django/shortcuts.py", line 19, in render
    content = loader.render_to_string(template_name, context, request, using=using)
  File "/home/sindre/Dokumenter/MG/info-screens/.venv/lib/python3.7/site-packages/django/template/loader.py", line 61, in render_to_string
    template = get_template(template_name, using=using)
  File "/home/sindre/Dokumenter/MG/info-screens/.venv/lib/python3.7/site-packages/django/template/loader.py", line 15, in get_template
    return engine.get_template(template_name)
  File "/home/sindre/Dokumenter/MG/info-screens/.venv/lib/python3.7/site-packages/django/template/backends/django.py", line 34, in get_template
    return Template(self.engine.get_template(template_name), self)
  File "/home/sindre/Dokumenter/MG/info-screens/.venv/lib/python3.7/site-packages/django/template/engine.py", line 143, in get_template
    template, origin = self.find_template(template_name)
  File "/home/sindre/Dokumenter/MG/info-screens/.venv/lib/python3.7/site-packages/django/template/engine.py", line 125, in find_template
    template = loader.get_template(name, skip=skip)
  File "/home/sindre/Dokumenter/MG/info-screens/.venv/lib/python3.7/site-packages/django/template/loaders/base.py", line 30, in get_template
    contents, origin, origin.template_name, self.engine,
  File "/home/sindre/Dokumenter/MG/info-screens/.venv/lib/python3.7/site-packages/django/template/base.py", line 155, in __init__
    self.nodelist = self.compile_nodelist()
  File "/home/sindre/Dokumenter/MG/info-screens/.venv/lib/python3.7/site-packages/django/template/base.py", line 193, in compile_nodelist
    return parser.parse()
  File "/home/sindre/Dokumenter/MG/info-screens/.venv/lib/python3.7/site-packages/django/template/base.py", line 478, in parse
    raise self.error(token, e)
  File "/home/sindre/Dokumenter/MG/info-screens/.venv/lib/python3.7/site-packages/django/template/base.py", line 476, in parse
    compiled_result = compile_func(self, token)
  File "/home/sindre/Dokumenter/MG/info-screens/.venv/lib/python3.7/site-packages/django/template/loader_tags.py", line 278, in do_extends
    nodelist = parser.parse()
  File "/home/sindre/Dokumenter/MG/info-screens/.venv/lib/python3.7/site-packages/django/template/base.py", line 478, in parse
    raise self.error(token, e)
  File "/home/sindre/Dokumenter/MG/info-screens/.venv/lib/python3.7/site-packages/django/template/base.py", line 476, in parse
    compiled_result = compile_func(self, token)
  File "/home/sindre/Dokumenter/MG/info-screens/.venv/lib/python3.7/site-packages/django/template/loader_tags.py", line 216, in do_block
    nodelist = parser.parse(('endblock',))
  File "/home/sindre/Dokumenter/MG/info-screens/.venv/lib/python3.7/site-packages/django/template/base.py", line 478, in parse
    raise self.error(token, e)
  File "/home/sindre/Dokumenter/MG/info-screens/.venv/lib/python3.7/site-packages/django/template/base.py", line 476, in parse
    compiled_result = compile_func(self, token)
  File "/home/sindre/Dokumenter/MG/info-screens/.venv/lib/python3.7/site-packages/django/template/defaulttags.py", line 817, in do_for
    nodelist_loop = parser.parse(('empty', 'endfor',))
  File "/home/sindre/Dokumenter/MG/info-screens/.venv/lib/python3.7/site-packages/django/template/base.py", line 478, in parse
    raise self.error(token, e)
  File "/home/sindre/Dokumenter/MG/info-screens/.venv/lib/python3.7/site-packages/django/template/base.py", line 476, in parse
    compiled_result = compile_func(self, token)
  File "/home/sindre/Dokumenter/MG/info-screens/.venv/lib/python3.7/site-packages/django/template/defaulttags.py", line 982, in do_if
    nodelist = parser.parse(('endif',))
  File "/home/sindre/Dokumenter/MG/info-screens/.venv/lib/python3.7/site-packages/django/template/base.py", line 472, in parse
    self.invalid_block_tag(token, command, parse_until)
  File "/home/sindre/Dokumenter/MG/info-screens/.venv/lib/python3.7/site-packages/django/template/base.py", line 528, in invalid_block_tag
    get_text_list(["'%s'" % p for p in parse_until], 'or'),
django.template.exceptions.TemplateSyntaxError: Invalid block tag on line 27: 'static', expected 'endif'. Did you forget to register or load this tag?
2022-03-10 19:34:16,256 django.server ERROR    "GET /screens/ HTTP/1.1" 500 221041
2022-03-10 19:34:33,903 django.server INFO     "GET /screens/ HTTP/1.1" 200 18288
2022-03-10 19:34:33,938 django.server INFO     "GET /static/CACHE/css/base.e9ec07212d87.css HTTP/1.1" 200 727
2022-03-10 19:34:56,943 django.request ERROR    Internal Server Error: /screens/
Traceback (most recent call last):
  File "/home/sindre/Dokumenter/MG/info-screens/.venv/lib/python3.7/site-packages/django/template/base.py", line 470, in parse
    compile_func = self.tags[command]
KeyError: 'static'

During handling of the above exception, another exception occurred:

Traceback (most recent call last):
  File "/home/sindre/Dokumenter/MG/info-screens/.venv/lib/python3.7/site-packages/django/core/handlers/exception.py", line 47, in inner
    response = get_response(request)
  File "/home/sindre/Dokumenter/MG/info-screens/.venv/lib/python3.7/site-packages/django/core/handlers/base.py", line 181, in _get_response
    response = wrapped_callback(request, *callback_args, **callback_kwargs)
  File "/home/sindre/Dokumenter/MG/info-screens/.venv/lib/python3.7/site-packages/django/views/generic/base.py", line 70, in view
    return self.dispatch(request, *args, **kwargs)
  File "/home/sindre/Dokumenter/MG/info-screens/.venv/lib/python3.7/site-packages/django/views/generic/base.py", line 98, in dispatch
    return handler(request, *args, **kwargs)
  File "/home/sindre/Dokumenter/MG/info-screens/infoscreen/views.py", line 30, in get
    'screens': screens,
  File "/home/sindre/Dokumenter/MG/info-screens/.venv/lib/python3.7/site-packages/django/shortcuts.py", line 19, in render
    content = loader.render_to_string(template_name, context, request, using=using)
  File "/home/sindre/Dokumenter/MG/info-screens/.venv/lib/python3.7/site-packages/django/template/loader.py", line 61, in render_to_string
    template = get_template(template_name, using=using)
  File "/home/sindre/Dokumenter/MG/info-screens/.venv/lib/python3.7/site-packages/django/template/loader.py", line 15, in get_template
    return engine.get_template(template_name)
  File "/home/sindre/Dokumenter/MG/info-screens/.venv/lib/python3.7/site-packages/django/template/backends/django.py", line 34, in get_template
    return Template(self.engine.get_template(template_name), self)
  File "/home/sindre/Dokumenter/MG/info-screens/.venv/lib/python3.7/site-packages/django/template/engine.py", line 143, in get_template
    template, origin = self.find_template(template_name)
  File "/home/sindre/Dokumenter/MG/info-screens/.venv/lib/python3.7/site-packages/django/template/engine.py", line 125, in find_template
    template = loader.get_template(name, skip=skip)
  File "/home/sindre/Dokumenter/MG/info-screens/.venv/lib/python3.7/site-packages/django/template/loaders/base.py", line 30, in get_template
    contents, origin, origin.template_name, self.engine,
  File "/home/sindre/Dokumenter/MG/info-screens/.venv/lib/python3.7/site-packages/django/template/base.py", line 155, in __init__
    self.nodelist = self.compile_nodelist()
  File "/home/sindre/Dokumenter/MG/info-screens/.venv/lib/python3.7/site-packages/django/template/base.py", line 193, in compile_nodelist
    return parser.parse()
  File "/home/sindre/Dokumenter/MG/info-screens/.venv/lib/python3.7/site-packages/django/template/base.py", line 478, in parse
    raise self.error(token, e)
  File "/home/sindre/Dokumenter/MG/info-screens/.venv/lib/python3.7/site-packages/django/template/base.py", line 476, in parse
    compiled_result = compile_func(self, token)
  File "/home/sindre/Dokumenter/MG/info-screens/.venv/lib/python3.7/site-packages/django/template/loader_tags.py", line 278, in do_extends
    nodelist = parser.parse()
  File "/home/sindre/Dokumenter/MG/info-screens/.venv/lib/python3.7/site-packages/django/template/base.py", line 478, in parse
    raise self.error(token, e)
  File "/home/sindre/Dokumenter/MG/info-screens/.venv/lib/python3.7/site-packages/django/template/base.py", line 476, in parse
    compiled_result = compile_func(self, token)
  File "/home/sindre/Dokumenter/MG/info-screens/.venv/lib/python3.7/site-packages/django/template/loader_tags.py", line 216, in do_block
    nodelist = parser.parse(('endblock',))
  File "/home/sindre/Dokumenter/MG/info-screens/.venv/lib/python3.7/site-packages/django/template/base.py", line 478, in parse
    raise self.error(token, e)
  File "/home/sindre/Dokumenter/MG/info-screens/.venv/lib/python3.7/site-packages/django/template/base.py", line 476, in parse
    compiled_result = compile_func(self, token)
  File "/home/sindre/Dokumenter/MG/info-screens/.venv/lib/python3.7/site-packages/django/template/defaulttags.py", line 817, in do_for
    nodelist_loop = parser.parse(('empty', 'endfor',))
  File "/home/sindre/Dokumenter/MG/info-screens/.venv/lib/python3.7/site-packages/django/template/base.py", line 478, in parse
    raise self.error(token, e)
  File "/home/sindre/Dokumenter/MG/info-screens/.venv/lib/python3.7/site-packages/django/template/base.py", line 476, in parse
    compiled_result = compile_func(self, token)
  File "/home/sindre/Dokumenter/MG/info-screens/.venv/lib/python3.7/site-packages/django/template/defaulttags.py", line 982, in do_if
    nodelist = parser.parse(('endif',))
  File "/home/sindre/Dokumenter/MG/info-screens/.venv/lib/python3.7/site-packages/django/template/base.py", line 472, in parse
    self.invalid_block_tag(token, command, parse_until)
  File "/home/sindre/Dokumenter/MG/info-screens/.venv/lib/python3.7/site-packages/django/template/base.py", line 528, in invalid_block_tag
    get_text_list(["'%s'" % p for p in parse_until], 'or'),
django.template.exceptions.TemplateSyntaxError: Invalid block tag on line 27: 'static', expected 'endif'. Did you forget to register or load this tag?
2022-03-10 19:34:57,045 django.server ERROR    "GET /screens/ HTTP/1.1" 500 221045
2022-03-10 19:34:58,746 django.request ERROR    Internal Server Error: /screens/
Traceback (most recent call last):
  File "/home/sindre/Dokumenter/MG/info-screens/.venv/lib/python3.7/site-packages/django/template/base.py", line 470, in parse
    compile_func = self.tags[command]
KeyError: 'static'

During handling of the above exception, another exception occurred:

Traceback (most recent call last):
  File "/home/sindre/Dokumenter/MG/info-screens/.venv/lib/python3.7/site-packages/django/core/handlers/exception.py", line 47, in inner
    response = get_response(request)
  File "/home/sindre/Dokumenter/MG/info-screens/.venv/lib/python3.7/site-packages/django/core/handlers/base.py", line 181, in _get_response
    response = wrapped_callback(request, *callback_args, **callback_kwargs)
  File "/home/sindre/Dokumenter/MG/info-screens/.venv/lib/python3.7/site-packages/django/views/generic/base.py", line 70, in view
    return self.dispatch(request, *args, **kwargs)
  File "/home/sindre/Dokumenter/MG/info-screens/.venv/lib/python3.7/site-packages/django/views/generic/base.py", line 98, in dispatch
    return handler(request, *args, **kwargs)
  File "/home/sindre/Dokumenter/MG/info-screens/infoscreen/views.py", line 30, in get
    'screens': screens,
  File "/home/sindre/Dokumenter/MG/info-screens/.venv/lib/python3.7/site-packages/django/shortcuts.py", line 19, in render
    content = loader.render_to_string(template_name, context, request, using=using)
  File "/home/sindre/Dokumenter/MG/info-screens/.venv/lib/python3.7/site-packages/django/template/loader.py", line 61, in render_to_string
    template = get_template(template_name, using=using)
  File "/home/sindre/Dokumenter/MG/info-screens/.venv/lib/python3.7/site-packages/django/template/loader.py", line 15, in get_template
    return engine.get_template(template_name)
  File "/home/sindre/Dokumenter/MG/info-screens/.venv/lib/python3.7/site-packages/django/template/backends/django.py", line 34, in get_template
    return Template(self.engine.get_template(template_name), self)
  File "/home/sindre/Dokumenter/MG/info-screens/.venv/lib/python3.7/site-packages/django/template/engine.py", line 143, in get_template
    template, origin = self.find_template(template_name)
  File "/home/sindre/Dokumenter/MG/info-screens/.venv/lib/python3.7/site-packages/django/template/engine.py", line 125, in find_template
    template = loader.get_template(name, skip=skip)
  File "/home/sindre/Dokumenter/MG/info-screens/.venv/lib/python3.7/site-packages/django/template/loaders/base.py", line 30, in get_template
    contents, origin, origin.template_name, self.engine,
  File "/home/sindre/Dokumenter/MG/info-screens/.venv/lib/python3.7/site-packages/django/template/base.py", line 155, in __init__
    self.nodelist = self.compile_nodelist()
  File "/home/sindre/Dokumenter/MG/info-screens/.venv/lib/python3.7/site-packages/django/template/base.py", line 193, in compile_nodelist
    return parser.parse()
  File "/home/sindre/Dokumenter/MG/info-screens/.venv/lib/python3.7/site-packages/django/template/base.py", line 478, in parse
    raise self.error(token, e)
  File "/home/sindre/Dokumenter/MG/info-screens/.venv/lib/python3.7/site-packages/django/template/base.py", line 476, in parse
    compiled_result = compile_func(self, token)
  File "/home/sindre/Dokumenter/MG/info-screens/.venv/lib/python3.7/site-packages/django/template/loader_tags.py", line 278, in do_extends
    nodelist = parser.parse()
  File "/home/sindre/Dokumenter/MG/info-screens/.venv/lib/python3.7/site-packages/django/template/base.py", line 478, in parse
    raise self.error(token, e)
  File "/home/sindre/Dokumenter/MG/info-screens/.venv/lib/python3.7/site-packages/django/template/base.py", line 476, in parse
    compiled_result = compile_func(self, token)
  File "/home/sindre/Dokumenter/MG/info-screens/.venv/lib/python3.7/site-packages/django/template/loader_tags.py", line 216, in do_block
    nodelist = parser.parse(('endblock',))
  File "/home/sindre/Dokumenter/MG/info-screens/.venv/lib/python3.7/site-packages/django/template/base.py", line 478, in parse
    raise self.error(token, e)
  File "/home/sindre/Dokumenter/MG/info-screens/.venv/lib/python3.7/site-packages/django/template/base.py", line 476, in parse
    compiled_result = compile_func(self, token)
  File "/home/sindre/Dokumenter/MG/info-screens/.venv/lib/python3.7/site-packages/django/template/defaulttags.py", line 817, in do_for
    nodelist_loop = parser.parse(('empty', 'endfor',))
  File "/home/sindre/Dokumenter/MG/info-screens/.venv/lib/python3.7/site-packages/django/template/base.py", line 478, in parse
    raise self.error(token, e)
  File "/home/sindre/Dokumenter/MG/info-screens/.venv/lib/python3.7/site-packages/django/template/base.py", line 476, in parse
    compiled_result = compile_func(self, token)
  File "/home/sindre/Dokumenter/MG/info-screens/.venv/lib/python3.7/site-packages/django/template/defaulttags.py", line 982, in do_if
    nodelist = parser.parse(('endif',))
  File "/home/sindre/Dokumenter/MG/info-screens/.venv/lib/python3.7/site-packages/django/template/base.py", line 472, in parse
    self.invalid_block_tag(token, command, parse_until)
  File "/home/sindre/Dokumenter/MG/info-screens/.venv/lib/python3.7/site-packages/django/template/base.py", line 528, in invalid_block_tag
    get_text_list(["'%s'" % p for p in parse_until], 'or'),
django.template.exceptions.TemplateSyntaxError: Invalid block tag on line 27: 'static', expected 'endif'. Did you forget to register or load this tag?
2022-03-10 19:34:58,815 django.server ERROR    "GET /screens/ HTTP/1.1" 500 221045
2022-03-10 19:36:32,753 django.request ERROR    Internal Server Error: /screens/
Traceback (most recent call last):
  File "/home/sindre/Dokumenter/MG/info-screens/.venv/lib/python3.7/site-packages/django/template/base.py", line 470, in parse
    compile_func = self.tags[command]
KeyError: 'static'

During handling of the above exception, another exception occurred:

Traceback (most recent call last):
  File "/home/sindre/Dokumenter/MG/info-screens/.venv/lib/python3.7/site-packages/django/core/handlers/exception.py", line 47, in inner
    response = get_response(request)
  File "/home/sindre/Dokumenter/MG/info-screens/.venv/lib/python3.7/site-packages/django/core/handlers/base.py", line 181, in _get_response
    response = wrapped_callback(request, *callback_args, **callback_kwargs)
  File "/home/sindre/Dokumenter/MG/info-screens/.venv/lib/python3.7/site-packages/django/views/generic/base.py", line 70, in view
    return self.dispatch(request, *args, **kwargs)
  File "/home/sindre/Dokumenter/MG/info-screens/.venv/lib/python3.7/site-packages/django/views/generic/base.py", line 98, in dispatch
    return handler(request, *args, **kwargs)
  File "/home/sindre/Dokumenter/MG/info-screens/infoscreen/views.py", line 30, in get
    'screens': screens,
  File "/home/sindre/Dokumenter/MG/info-screens/.venv/lib/python3.7/site-packages/django/shortcuts.py", line 19, in render
    content = loader.render_to_string(template_name, context, request, using=using)
  File "/home/sindre/Dokumenter/MG/info-screens/.venv/lib/python3.7/site-packages/django/template/loader.py", line 61, in render_to_string
    template = get_template(template_name, using=using)
  File "/home/sindre/Dokumenter/MG/info-screens/.venv/lib/python3.7/site-packages/django/template/loader.py", line 15, in get_template
    return engine.get_template(template_name)
  File "/home/sindre/Dokumenter/MG/info-screens/.venv/lib/python3.7/site-packages/django/template/backends/django.py", line 34, in get_template
    return Template(self.engine.get_template(template_name), self)
  File "/home/sindre/Dokumenter/MG/info-screens/.venv/lib/python3.7/site-packages/django/template/engine.py", line 143, in get_template
    template, origin = self.find_template(template_name)
  File "/home/sindre/Dokumenter/MG/info-screens/.venv/lib/python3.7/site-packages/django/template/engine.py", line 125, in find_template
    template = loader.get_template(name, skip=skip)
  File "/home/sindre/Dokumenter/MG/info-screens/.venv/lib/python3.7/site-packages/django/template/loaders/base.py", line 30, in get_template
    contents, origin, origin.template_name, self.engine,
  File "/home/sindre/Dokumenter/MG/info-screens/.venv/lib/python3.7/site-packages/django/template/base.py", line 155, in __init__
    self.nodelist = self.compile_nodelist()
  File "/home/sindre/Dokumenter/MG/info-screens/.venv/lib/python3.7/site-packages/django/template/base.py", line 193, in compile_nodelist
    return parser.parse()
  File "/home/sindre/Dokumenter/MG/info-screens/.venv/lib/python3.7/site-packages/django/template/base.py", line 478, in parse
    raise self.error(token, e)
  File "/home/sindre/Dokumenter/MG/info-screens/.venv/lib/python3.7/site-packages/django/template/base.py", line 476, in parse
    compiled_result = compile_func(self, token)
  File "/home/sindre/Dokumenter/MG/info-screens/.venv/lib/python3.7/site-packages/django/template/loader_tags.py", line 278, in do_extends
    nodelist = parser.parse()
  File "/home/sindre/Dokumenter/MG/info-screens/.venv/lib/python3.7/site-packages/django/template/base.py", line 478, in parse
    raise self.error(token, e)
  File "/home/sindre/Dokumenter/MG/info-screens/.venv/lib/python3.7/site-packages/django/template/base.py", line 476, in parse
    compiled_result = compile_func(self, token)
  File "/home/sindre/Dokumenter/MG/info-screens/.venv/lib/python3.7/site-packages/django/template/loader_tags.py", line 216, in do_block
    nodelist = parser.parse(('endblock',))
  File "/home/sindre/Dokumenter/MG/info-screens/.venv/lib/python3.7/site-packages/django/template/base.py", line 478, in parse
    raise self.error(token, e)
  File "/home/sindre/Dokumenter/MG/info-screens/.venv/lib/python3.7/site-packages/django/template/base.py", line 476, in parse
    compiled_result = compile_func(self, token)
  File "/home/sindre/Dokumenter/MG/info-screens/.venv/lib/python3.7/site-packages/django/template/defaulttags.py", line 817, in do_for
    nodelist_loop = parser.parse(('empty', 'endfor',))
  File "/home/sindre/Dokumenter/MG/info-screens/.venv/lib/python3.7/site-packages/django/template/base.py", line 478, in parse
    raise self.error(token, e)
  File "/home/sindre/Dokumenter/MG/info-screens/.venv/lib/python3.7/site-packages/django/template/base.py", line 476, in parse
    compiled_result = compile_func(self, token)
  File "/home/sindre/Dokumenter/MG/info-screens/.venv/lib/python3.7/site-packages/django/template/defaulttags.py", line 982, in do_if
    nodelist = parser.parse(('endif',))
  File "/home/sindre/Dokumenter/MG/info-screens/.venv/lib/python3.7/site-packages/django/template/base.py", line 472, in parse
    self.invalid_block_tag(token, command, parse_until)
  File "/home/sindre/Dokumenter/MG/info-screens/.venv/lib/python3.7/site-packages/django/template/base.py", line 528, in invalid_block_tag
    get_text_list(["'%s'" % p for p in parse_until], 'or'),
django.template.exceptions.TemplateSyntaxError: Invalid block tag on line 27: 'static', expected 'endif'. Did you forget to register or load this tag?
2022-03-10 19:36:32,824 django.server ERROR    "GET /screens/ HTTP/1.1" 500 221269
2022-03-10 19:36:33,689 django.request ERROR    Internal Server Error: /screens/
Traceback (most recent call last):
  File "/home/sindre/Dokumenter/MG/info-screens/.venv/lib/python3.7/site-packages/django/template/base.py", line 470, in parse
    compile_func = self.tags[command]
KeyError: 'static'

During handling of the above exception, another exception occurred:

Traceback (most recent call last):
  File "/home/sindre/Dokumenter/MG/info-screens/.venv/lib/python3.7/site-packages/django/core/handlers/exception.py", line 47, in inner
    response = get_response(request)
  File "/home/sindre/Dokumenter/MG/info-screens/.venv/lib/python3.7/site-packages/django/core/handlers/base.py", line 181, in _get_response
    response = wrapped_callback(request, *callback_args, **callback_kwargs)
  File "/home/sindre/Dokumenter/MG/info-screens/.venv/lib/python3.7/site-packages/django/views/generic/base.py", line 70, in view
    return self.dispatch(request, *args, **kwargs)
  File "/home/sindre/Dokumenter/MG/info-screens/.venv/lib/python3.7/site-packages/django/views/generic/base.py", line 98, in dispatch
    return handler(request, *args, **kwargs)
  File "/home/sindre/Dokumenter/MG/info-screens/infoscreen/views.py", line 30, in get
    'screens': screens,
  File "/home/sindre/Dokumenter/MG/info-screens/.venv/lib/python3.7/site-packages/django/shortcuts.py", line 19, in render
    content = loader.render_to_string(template_name, context, request, using=using)
  File "/home/sindre/Dokumenter/MG/info-screens/.venv/lib/python3.7/site-packages/django/template/loader.py", line 61, in render_to_string
    template = get_template(template_name, using=using)
  File "/home/sindre/Dokumenter/MG/info-screens/.venv/lib/python3.7/site-packages/django/template/loader.py", line 15, in get_template
    return engine.get_template(template_name)
  File "/home/sindre/Dokumenter/MG/info-screens/.venv/lib/python3.7/site-packages/django/template/backends/django.py", line 34, in get_template
    return Template(self.engine.get_template(template_name), self)
  File "/home/sindre/Dokumenter/MG/info-screens/.venv/lib/python3.7/site-packages/django/template/engine.py", line 143, in get_template
    template, origin = self.find_template(template_name)
  File "/home/sindre/Dokumenter/MG/info-screens/.venv/lib/python3.7/site-packages/django/template/engine.py", line 125, in find_template
    template = loader.get_template(name, skip=skip)
  File "/home/sindre/Dokumenter/MG/info-screens/.venv/lib/python3.7/site-packages/django/template/loaders/base.py", line 30, in get_template
    contents, origin, origin.template_name, self.engine,
  File "/home/sindre/Dokumenter/MG/info-screens/.venv/lib/python3.7/site-packages/django/template/base.py", line 155, in __init__
    self.nodelist = self.compile_nodelist()
  File "/home/sindre/Dokumenter/MG/info-screens/.venv/lib/python3.7/site-packages/django/template/base.py", line 193, in compile_nodelist
    return parser.parse()
  File "/home/sindre/Dokumenter/MG/info-screens/.venv/lib/python3.7/site-packages/django/template/base.py", line 478, in parse
    raise self.error(token, e)
  File "/home/sindre/Dokumenter/MG/info-screens/.venv/lib/python3.7/site-packages/django/template/base.py", line 476, in parse
    compiled_result = compile_func(self, token)
  File "/home/sindre/Dokumenter/MG/info-screens/.venv/lib/python3.7/site-packages/django/template/loader_tags.py", line 278, in do_extends
    nodelist = parser.parse()
  File "/home/sindre/Dokumenter/MG/info-screens/.venv/lib/python3.7/site-packages/django/template/base.py", line 478, in parse
    raise self.error(token, e)
  File "/home/sindre/Dokumenter/MG/info-screens/.venv/lib/python3.7/site-packages/django/template/base.py", line 476, in parse
    compiled_result = compile_func(self, token)
  File "/home/sindre/Dokumenter/MG/info-screens/.venv/lib/python3.7/site-packages/django/template/loader_tags.py", line 216, in do_block
    nodelist = parser.parse(('endblock',))
  File "/home/sindre/Dokumenter/MG/info-screens/.venv/lib/python3.7/site-packages/django/template/base.py", line 478, in parse
    raise self.error(token, e)
  File "/home/sindre/Dokumenter/MG/info-screens/.venv/lib/python3.7/site-packages/django/template/base.py", line 476, in parse
    compiled_result = compile_func(self, token)
  File "/home/sindre/Dokumenter/MG/info-screens/.venv/lib/python3.7/site-packages/django/template/defaulttags.py", line 817, in do_for
    nodelist_loop = parser.parse(('empty', 'endfor',))
  File "/home/sindre/Dokumenter/MG/info-screens/.venv/lib/python3.7/site-packages/django/template/base.py", line 478, in parse
    raise self.error(token, e)
  File "/home/sindre/Dokumenter/MG/info-screens/.venv/lib/python3.7/site-packages/django/template/base.py", line 476, in parse
    compiled_result = compile_func(self, token)
  File "/home/sindre/Dokumenter/MG/info-screens/.venv/lib/python3.7/site-packages/django/template/defaulttags.py", line 982, in do_if
    nodelist = parser.parse(('endif',))
  File "/home/sindre/Dokumenter/MG/info-screens/.venv/lib/python3.7/site-packages/django/template/base.py", line 472, in parse
    self.invalid_block_tag(token, command, parse_until)
  File "/home/sindre/Dokumenter/MG/info-screens/.venv/lib/python3.7/site-packages/django/template/base.py", line 528, in invalid_block_tag
    get_text_list(["'%s'" % p for p in parse_until], 'or'),
django.template.exceptions.TemplateSyntaxError: Invalid block tag on line 27: 'static', expected 'endif'. Did you forget to register or load this tag?
2022-03-10 19:36:33,765 django.server ERROR    "GET /screens/ HTTP/1.1" 500 221269
2022-03-10 19:37:07,742 django.request ERROR    Internal Server Error: /screens/
Traceback (most recent call last):
  File "/home/sindre/Dokumenter/MG/info-screens/.venv/lib/python3.7/site-packages/django/template/defaulttags.py", line 1037, in find_library
    return parser.libraries[name]
KeyError: 'staticfiles'

During handling of the above exception, another exception occurred:

Traceback (most recent call last):
  File "/home/sindre/Dokumenter/MG/info-screens/.venv/lib/python3.7/site-packages/django/core/handlers/exception.py", line 47, in inner
    response = get_response(request)
  File "/home/sindre/Dokumenter/MG/info-screens/.venv/lib/python3.7/site-packages/django/core/handlers/base.py", line 181, in _get_response
    response = wrapped_callback(request, *callback_args, **callback_kwargs)
  File "/home/sindre/Dokumenter/MG/info-screens/.venv/lib/python3.7/site-packages/django/views/generic/base.py", line 70, in view
    return self.dispatch(request, *args, **kwargs)
  File "/home/sindre/Dokumenter/MG/info-screens/.venv/lib/python3.7/site-packages/django/views/generic/base.py", line 98, in dispatch
    return handler(request, *args, **kwargs)
  File "/home/sindre/Dokumenter/MG/info-screens/infoscreen/views.py", line 30, in get
    'screens': screens,
  File "/home/sindre/Dokumenter/MG/info-screens/.venv/lib/python3.7/site-packages/django/shortcuts.py", line 19, in render
    content = loader.render_to_string(template_name, context, request, using=using)
  File "/home/sindre/Dokumenter/MG/info-screens/.venv/lib/python3.7/site-packages/django/template/loader.py", line 61, in render_to_string
    template = get_template(template_name, using=using)
  File "/home/sindre/Dokumenter/MG/info-screens/.venv/lib/python3.7/site-packages/django/template/loader.py", line 15, in get_template
    return engine.get_template(template_name)
  File "/home/sindre/Dokumenter/MG/info-screens/.venv/lib/python3.7/site-packages/django/template/backends/django.py", line 34, in get_template
    return Template(self.engine.get_template(template_name), self)
  File "/home/sindre/Dokumenter/MG/info-screens/.venv/lib/python3.7/site-packages/django/template/engine.py", line 143, in get_template
    template, origin = self.find_template(template_name)
  File "/home/sindre/Dokumenter/MG/info-screens/.venv/lib/python3.7/site-packages/django/template/engine.py", line 125, in find_template
    template = loader.get_template(name, skip=skip)
  File "/home/sindre/Dokumenter/MG/info-screens/.venv/lib/python3.7/site-packages/django/template/loaders/base.py", line 30, in get_template
    contents, origin, origin.template_name, self.engine,
  File "/home/sindre/Dokumenter/MG/info-screens/.venv/lib/python3.7/site-packages/django/template/base.py", line 155, in __init__
    self.nodelist = self.compile_nodelist()
  File "/home/sindre/Dokumenter/MG/info-screens/.venv/lib/python3.7/site-packages/django/template/base.py", line 193, in compile_nodelist
    return parser.parse()
  File "/home/sindre/Dokumenter/MG/info-screens/.venv/lib/python3.7/site-packages/django/template/base.py", line 478, in parse
    raise self.error(token, e)
  File "/home/sindre/Dokumenter/MG/info-screens/.venv/lib/python3.7/site-packages/django/template/base.py", line 476, in parse
    compiled_result = compile_func(self, token)
  File "/home/sindre/Dokumenter/MG/info-screens/.venv/lib/python3.7/site-packages/django/template/loader_tags.py", line 278, in do_extends
    nodelist = parser.parse()
  File "/home/sindre/Dokumenter/MG/info-screens/.venv/lib/python3.7/site-packages/django/template/base.py", line 478, in parse
    raise self.error(token, e)
  File "/home/sindre/Dokumenter/MG/info-screens/.venv/lib/python3.7/site-packages/django/template/base.py", line 476, in parse
    compiled_result = compile_func(self, token)
  File "/home/sindre/Dokumenter/MG/info-screens/.venv/lib/python3.7/site-packages/django/template/defaulttags.py", line 1094, in load
    lib = find_library(parser, name)
  File "/home/sindre/Dokumenter/MG/info-screens/.venv/lib/python3.7/site-packages/django/template/defaulttags.py", line 1041, in find_library
    name, "\n".join(sorted(parser.libraries)),
django.template.exceptions.TemplateSyntaxError: 'staticfiles' is not a registered tag library. Must be one of:
admin_list
admin_modify
admin_urls
cache
compress
i18n
infoscreen_tags
l10n
log
static
tz
2022-03-10 19:37:07,816 django.server ERROR    "GET /screens/ HTTP/1.1" 500 181118
2022-03-10 19:37:08,900 django.request ERROR    Internal Server Error: /screens/
Traceback (most recent call last):
  File "/home/sindre/Dokumenter/MG/info-screens/.venv/lib/python3.7/site-packages/django/template/defaulttags.py", line 1037, in find_library
    return parser.libraries[name]
KeyError: 'staticfiles'

During handling of the above exception, another exception occurred:

Traceback (most recent call last):
  File "/home/sindre/Dokumenter/MG/info-screens/.venv/lib/python3.7/site-packages/django/core/handlers/exception.py", line 47, in inner
    response = get_response(request)
  File "/home/sindre/Dokumenter/MG/info-screens/.venv/lib/python3.7/site-packages/django/core/handlers/base.py", line 181, in _get_response
    response = wrapped_callback(request, *callback_args, **callback_kwargs)
  File "/home/sindre/Dokumenter/MG/info-screens/.venv/lib/python3.7/site-packages/django/views/generic/base.py", line 70, in view
    return self.dispatch(request, *args, **kwargs)
  File "/home/sindre/Dokumenter/MG/info-screens/.venv/lib/python3.7/site-packages/django/views/generic/base.py", line 98, in dispatch
    return handler(request, *args, **kwargs)
  File "/home/sindre/Dokumenter/MG/info-screens/infoscreen/views.py", line 30, in get
    'screens': screens,
  File "/home/sindre/Dokumenter/MG/info-screens/.venv/lib/python3.7/site-packages/django/shortcuts.py", line 19, in render
    content = loader.render_to_string(template_name, context, request, using=using)
  File "/home/sindre/Dokumenter/MG/info-screens/.venv/lib/python3.7/site-packages/django/template/loader.py", line 61, in render_to_string
    template = get_template(template_name, using=using)
  File "/home/sindre/Dokumenter/MG/info-screens/.venv/lib/python3.7/site-packages/django/template/loader.py", line 15, in get_template
    return engine.get_template(template_name)
  File "/home/sindre/Dokumenter/MG/info-screens/.venv/lib/python3.7/site-packages/django/template/backends/django.py", line 34, in get_template
    return Template(self.engine.get_template(template_name), self)
  File "/home/sindre/Dokumenter/MG/info-screens/.venv/lib/python3.7/site-packages/django/template/engine.py", line 143, in get_template
    template, origin = self.find_template(template_name)
  File "/home/sindre/Dokumenter/MG/info-screens/.venv/lib/python3.7/site-packages/django/template/engine.py", line 125, in find_template
    template = loader.get_template(name, skip=skip)
  File "/home/sindre/Dokumenter/MG/info-screens/.venv/lib/python3.7/site-packages/django/template/loaders/base.py", line 30, in get_template
    contents, origin, origin.template_name, self.engine,
  File "/home/sindre/Dokumenter/MG/info-screens/.venv/lib/python3.7/site-packages/django/template/base.py", line 155, in __init__
    self.nodelist = self.compile_nodelist()
  File "/home/sindre/Dokumenter/MG/info-screens/.venv/lib/python3.7/site-packages/django/template/base.py", line 193, in compile_nodelist
    return parser.parse()
  File "/home/sindre/Dokumenter/MG/info-screens/.venv/lib/python3.7/site-packages/django/template/base.py", line 478, in parse
    raise self.error(token, e)
  File "/home/sindre/Dokumenter/MG/info-screens/.venv/lib/python3.7/site-packages/django/template/base.py", line 476, in parse
    compiled_result = compile_func(self, token)
  File "/home/sindre/Dokumenter/MG/info-screens/.venv/lib/python3.7/site-packages/django/template/loader_tags.py", line 278, in do_extends
    nodelist = parser.parse()
  File "/home/sindre/Dokumenter/MG/info-screens/.venv/lib/python3.7/site-packages/django/template/base.py", line 478, in parse
    raise self.error(token, e)
  File "/home/sindre/Dokumenter/MG/info-screens/.venv/lib/python3.7/site-packages/django/template/base.py", line 476, in parse
    compiled_result = compile_func(self, token)
  File "/home/sindre/Dokumenter/MG/info-screens/.venv/lib/python3.7/site-packages/django/template/defaulttags.py", line 1094, in load
    lib = find_library(parser, name)
  File "/home/sindre/Dokumenter/MG/info-screens/.venv/lib/python3.7/site-packages/django/template/defaulttags.py", line 1041, in find_library
    name, "\n".join(sorted(parser.libraries)),
django.template.exceptions.TemplateSyntaxError: 'staticfiles' is not a registered tag library. Must be one of:
admin_list
admin_modify
admin_urls
cache
compress
i18n
infoscreen_tags
l10n
log
static
tz
2022-03-10 19:37:08,968 django.server ERROR    "GET /screens/ HTTP/1.1" 500 181118
2022-03-10 19:38:23,119 django.server INFO     "GET /screens/ HTTP/1.1" 200 18475
2022-03-10 19:38:23,136 django.server INFO     "GET /static/CACHE/css/base.e9ec07212d87.css HTTP/1.1" 200 727
2022-03-10 19:38:23,155 django.server WARNING  "GET /static/img/default.jpg HTTP/1.1" 404 1905
2022-03-10 19:38:23,271 django.server WARNING  "GET /static/img/default.jpg HTTP/1.1" 404 1905
2022-03-10 19:38:24,901 django.server INFO     "GET /screens/ HTTP/1.1" 200 18475
2022-03-10 19:38:24,916 django.server INFO     "GET /static/CACHE/css/base.e9ec07212d87.css HTTP/1.1" 200 727
2022-03-10 19:38:24,916 django.server WARNING  "GET /static/img/default.jpg HTTP/1.1" 404 1905
2022-03-10 19:38:55,929 django.server INFO     "GET /screens/ HTTP/1.1" 200 18510
2022-03-10 19:38:55,948 django.server INFO     "GET /static/CACHE/css/base.e9ec07212d87.css HTTP/1.1" 200 727
2022-03-10 19:38:55,949 django.server INFO     "GET /static/infoscreen/img/default.jpg HTTP/1.1" 200 26511
2022-03-10 19:41:39,318 django.request ERROR    Internal Server Error: /screens/
Traceback (most recent call last):
  File "/home/sindre/Dokumenter/MG/info-screens/.venv/lib/python3.7/site-packages/django/template/base.py", line 470, in parse
    compile_func = self.tags[command]
KeyError: 'endblock'

During handling of the above exception, another exception occurred:

Traceback (most recent call last):
  File "/home/sindre/Dokumenter/MG/info-screens/.venv/lib/python3.7/site-packages/django/core/handlers/exception.py", line 47, in inner
    response = get_response(request)
  File "/home/sindre/Dokumenter/MG/info-screens/.venv/lib/python3.7/site-packages/django/core/handlers/base.py", line 181, in _get_response
    response = wrapped_callback(request, *callback_args, **callback_kwargs)
  File "/home/sindre/Dokumenter/MG/info-screens/.venv/lib/python3.7/site-packages/django/views/generic/base.py", line 70, in view
    return self.dispatch(request, *args, **kwargs)
  File "/home/sindre/Dokumenter/MG/info-screens/.venv/lib/python3.7/site-packages/django/views/generic/base.py", line 98, in dispatch
    return handler(request, *args, **kwargs)
  File "/home/sindre/Dokumenter/MG/info-screens/infoscreen/views.py", line 30, in get
    'screens': screens,
  File "/home/sindre/Dokumenter/MG/info-screens/.venv/lib/python3.7/site-packages/django/shortcuts.py", line 19, in render
    content = loader.render_to_string(template_name, context, request, using=using)
  File "/home/sindre/Dokumenter/MG/info-screens/.venv/lib/python3.7/site-packages/django/template/loader.py", line 61, in render_to_string
    template = get_template(template_name, using=using)
  File "/home/sindre/Dokumenter/MG/info-screens/.venv/lib/python3.7/site-packages/django/template/loader.py", line 15, in get_template
    return engine.get_template(template_name)
  File "/home/sindre/Dokumenter/MG/info-screens/.venv/lib/python3.7/site-packages/django/template/backends/django.py", line 34, in get_template
    return Template(self.engine.get_template(template_name), self)
  File "/home/sindre/Dokumenter/MG/info-screens/.venv/lib/python3.7/site-packages/django/template/engine.py", line 143, in get_template
    template, origin = self.find_template(template_name)
  File "/home/sindre/Dokumenter/MG/info-screens/.venv/lib/python3.7/site-packages/django/template/engine.py", line 125, in find_template
    template = loader.get_template(name, skip=skip)
  File "/home/sindre/Dokumenter/MG/info-screens/.venv/lib/python3.7/site-packages/django/template/loaders/base.py", line 30, in get_template
    contents, origin, origin.template_name, self.engine,
  File "/home/sindre/Dokumenter/MG/info-screens/.venv/lib/python3.7/site-packages/django/template/base.py", line 155, in __init__
    self.nodelist = self.compile_nodelist()
  File "/home/sindre/Dokumenter/MG/info-screens/.venv/lib/python3.7/site-packages/django/template/base.py", line 193, in compile_nodelist
    return parser.parse()
  File "/home/sindre/Dokumenter/MG/info-screens/.venv/lib/python3.7/site-packages/django/template/base.py", line 478, in parse
    raise self.error(token, e)
  File "/home/sindre/Dokumenter/MG/info-screens/.venv/lib/python3.7/site-packages/django/template/base.py", line 476, in parse
    compiled_result = compile_func(self, token)
  File "/home/sindre/Dokumenter/MG/info-screens/.venv/lib/python3.7/site-packages/django/template/loader_tags.py", line 278, in do_extends
    nodelist = parser.parse()
  File "/home/sindre/Dokumenter/MG/info-screens/.venv/lib/python3.7/site-packages/django/template/base.py", line 478, in parse
    raise self.error(token, e)
  File "/home/sindre/Dokumenter/MG/info-screens/.venv/lib/python3.7/site-packages/django/template/base.py", line 476, in parse
    compiled_result = compile_func(self, token)
  File "/home/sindre/Dokumenter/MG/info-screens/.venv/lib/python3.7/site-packages/django/template/loader_tags.py", line 216, in do_block
    nodelist = parser.parse(('endblock',))
  File "/home/sindre/Dokumenter/MG/info-screens/.venv/lib/python3.7/site-packages/django/template/base.py", line 478, in parse
    raise self.error(token, e)
  File "/home/sindre/Dokumenter/MG/info-screens/.venv/lib/python3.7/site-packages/django/template/base.py", line 476, in parse
    compiled_result = compile_func(self, token)
  File "/home/sindre/Dokumenter/MG/info-screens/.venv/lib/python3.7/site-packages/django/template/defaulttags.py", line 817, in do_for
    nodelist_loop = parser.parse(('empty', 'endfor',))
  File "/home/sindre/Dokumenter/MG/info-screens/.venv/lib/python3.7/site-packages/django/template/base.py", line 472, in parse
    self.invalid_block_tag(token, command, parse_until)
  File "/home/sindre/Dokumenter/MG/info-screens/.venv/lib/python3.7/site-packages/django/template/base.py", line 528, in invalid_block_tag
    get_text_list(["'%s'" % p for p in parse_until], 'or'),
django.template.exceptions.TemplateSyntaxError: Invalid block tag on line 30: 'endblock', expected 'empty' or 'endfor'. Did you forget to register or load this tag?
2022-03-10 19:41:39,359 django.server ERROR    "GET /screens/ HTTP/1.1" 500 203077
2022-03-10 19:41:40,158 django.request ERROR    Internal Server Error: /screens/
Traceback (most recent call last):
  File "/home/sindre/Dokumenter/MG/info-screens/.venv/lib/python3.7/site-packages/django/template/base.py", line 470, in parse
    compile_func = self.tags[command]
KeyError: 'endblock'

During handling of the above exception, another exception occurred:

Traceback (most recent call last):
  File "/home/sindre/Dokumenter/MG/info-screens/.venv/lib/python3.7/site-packages/django/core/handlers/exception.py", line 47, in inner
    response = get_response(request)
  File "/home/sindre/Dokumenter/MG/info-screens/.venv/lib/python3.7/site-packages/django/core/handlers/base.py", line 181, in _get_response
    response = wrapped_callback(request, *callback_args, **callback_kwargs)
  File "/home/sindre/Dokumenter/MG/info-screens/.venv/lib/python3.7/site-packages/django/views/generic/base.py", line 70, in view
    return self.dispatch(request, *args, **kwargs)
  File "/home/sindre/Dokumenter/MG/info-screens/.venv/lib/python3.7/site-packages/django/views/generic/base.py", line 98, in dispatch
    return handler(request, *args, **kwargs)
  File "/home/sindre/Dokumenter/MG/info-screens/infoscreen/views.py", line 30, in get
    'screens': screens,
  File "/home/sindre/Dokumenter/MG/info-screens/.venv/lib/python3.7/site-packages/django/shortcuts.py", line 19, in render
    content = loader.render_to_string(template_name, context, request, using=using)
  File "/home/sindre/Dokumenter/MG/info-screens/.venv/lib/python3.7/site-packages/django/template/loader.py", line 61, in render_to_string
    template = get_template(template_name, using=using)
  File "/home/sindre/Dokumenter/MG/info-screens/.venv/lib/python3.7/site-packages/django/template/loader.py", line 15, in get_template
    return engine.get_template(template_name)
  File "/home/sindre/Dokumenter/MG/info-screens/.venv/lib/python3.7/site-packages/django/template/backends/django.py", line 34, in get_template
    return Template(self.engine.get_template(template_name), self)
  File "/home/sindre/Dokumenter/MG/info-screens/.venv/lib/python3.7/site-packages/django/template/engine.py", line 143, in get_template
    template, origin = self.find_template(template_name)
  File "/home/sindre/Dokumenter/MG/info-screens/.venv/lib/python3.7/site-packages/django/template/engine.py", line 125, in find_template
    template = loader.get_template(name, skip=skip)
  File "/home/sindre/Dokumenter/MG/info-screens/.venv/lib/python3.7/site-packages/django/template/loaders/base.py", line 30, in get_template
    contents, origin, origin.template_name, self.engine,
  File "/home/sindre/Dokumenter/MG/info-screens/.venv/lib/python3.7/site-packages/django/template/base.py", line 155, in __init__
    self.nodelist = self.compile_nodelist()
  File "/home/sindre/Dokumenter/MG/info-screens/.venv/lib/python3.7/site-packages/django/template/base.py", line 193, in compile_nodelist
    return parser.parse()
  File "/home/sindre/Dokumenter/MG/info-screens/.venv/lib/python3.7/site-packages/django/template/base.py", line 478, in parse
    raise self.error(token, e)
  File "/home/sindre/Dokumenter/MG/info-screens/.venv/lib/python3.7/site-packages/django/template/base.py", line 476, in parse
    compiled_result = compile_func(self, token)
  File "/home/sindre/Dokumenter/MG/info-screens/.venv/lib/python3.7/site-packages/django/template/loader_tags.py", line 278, in do_extends
    nodelist = parser.parse()
  File "/home/sindre/Dokumenter/MG/info-screens/.venv/lib/python3.7/site-packages/django/template/base.py", line 478, in parse
    raise self.error(token, e)
  File "/home/sindre/Dokumenter/MG/info-screens/.venv/lib/python3.7/site-packages/django/template/base.py", line 476, in parse
    compiled_result = compile_func(self, token)
  File "/home/sindre/Dokumenter/MG/info-screens/.venv/lib/python3.7/site-packages/django/template/loader_tags.py", line 216, in do_block
    nodelist = parser.parse(('endblock',))
  File "/home/sindre/Dokumenter/MG/info-screens/.venv/lib/python3.7/site-packages/django/template/base.py", line 478, in parse
    raise self.error(token, e)
  File "/home/sindre/Dokumenter/MG/info-screens/.venv/lib/python3.7/site-packages/django/template/base.py", line 476, in parse
    compiled_result = compile_func(self, token)
  File "/home/sindre/Dokumenter/MG/info-screens/.venv/lib/python3.7/site-packages/django/template/defaulttags.py", line 817, in do_for
    nodelist_loop = parser.parse(('empty', 'endfor',))
  File "/home/sindre/Dokumenter/MG/info-screens/.venv/lib/python3.7/site-packages/django/template/base.py", line 472, in parse
    self.invalid_block_tag(token, command, parse_until)
  File "/home/sindre/Dokumenter/MG/info-screens/.venv/lib/python3.7/site-packages/django/template/base.py", line 528, in invalid_block_tag
    get_text_list(["'%s'" % p for p in parse_until], 'or'),
django.template.exceptions.TemplateSyntaxError: Invalid block tag on line 30: 'endblock', expected 'empty' or 'endfor'. Did you forget to register or load this tag?
2022-03-10 19:41:40,198 django.server ERROR    "GET /screens/ HTTP/1.1" 500 203077
2022-03-10 19:42:05,318 django.server INFO     "GET /screens/ HTTP/1.1" 200 18487
2022-03-10 19:42:05,337 django.server INFO     "GET /static/CACHE/css/base.e9ec07212d87.css HTTP/1.1" 200 727
2022-03-10 19:47:32,628 django.server INFO     "GET /screens/ HTTP/1.1" 200 18487
2022-03-10 19:47:32,643 django.server INFO     "GET /static/CACHE/css/base.e9ec07212d87.css HTTP/1.1" 200 727
2022-03-10 19:47:32,657 django.server INFO     "GET /static/infoscreen/img/default.jpg HTTP/1.1" 304 0
2022-03-10 19:53:17,011 django.server INFO     "GET /screens/ HTTP/1.1" 200 18487
2022-03-10 19:53:17,028 django.server INFO     "GET /static/CACHE/css/base.e9ec07212d87.css HTTP/1.1" 200 727
2022-03-10 19:55:05,539 django.server INFO     "GET /screens/ HTTP/1.1" 200 18435
2022-03-10 19:55:05,555 django.server INFO     "GET /static/CACHE/css/base.e9ec07212d87.css HTTP/1.1" 200 727
2022-03-10 19:55:05,562 django.server INFO     "GET /static/infoscreen/img/default.jpg HTTP/1.1" 304 0
2022-03-10 19:55:20,337 django.server INFO     "GET /admin/infoscreen/screen/ HTTP/1.1" 200 18052
2022-03-10 19:55:20,381 django.server INFO     "GET /admin/jsi18n/ HTTP/1.1" 200 3195
2022-03-10 19:55:22,958 django.server INFO     "GET /admin/infoscreen/screen/add/ HTTP/1.1" 200 20323
2022-03-10 19:55:23,004 django.server INFO     "GET /admin/jsi18n/ HTTP/1.1" 200 3195
2022-03-10 19:55:33,698 django.server INFO     "POST /admin/infoscreen/screen/add/ HTTP/1.1" 302 0
2022-03-10 19:55:33,793 django.server INFO     "GET /admin/infoscreen/screen/ HTTP/1.1" 200 18463
2022-03-10 19:55:33,836 django.server INFO     "GET /admin/jsi18n/ HTTP/1.1" 200 3195
2022-03-10 19:55:35,741 django.server INFO     "GET /admin/infoscreen/screen/add/ HTTP/1.1" 200 20323
2022-03-10 19:55:35,783 django.server INFO     "GET /admin/jsi18n/ HTTP/1.1" 200 3195
2022-03-10 19:55:54,481 django.server INFO     "POST /admin/infoscreen/screen/add/ HTTP/1.1" 302 0
2022-03-10 19:55:54,628 django.server INFO     "GET /admin/infoscreen/screen/ HTTP/1.1" 200 18673
2022-03-10 19:55:54,685 django.server INFO     "GET /admin/jsi18n/ HTTP/1.1" 200 3195
2022-03-10 19:55:57,374 django.server INFO     "GET /admin/infoscreen/screen/add/ HTTP/1.1" 200 20323
2022-03-10 19:55:57,420 django.server INFO     "GET /admin/jsi18n/ HTTP/1.1" 200 3195
2022-03-10 19:56:04,363 django.server INFO     "POST /admin/infoscreen/screen/add/ HTTP/1.1" 302 0
2022-03-10 19:56:04,459 django.server INFO     "GET /admin/infoscreen/screen/ HTTP/1.1" 200 18879
2022-03-10 19:56:04,511 django.server INFO     "GET /admin/jsi18n/ HTTP/1.1" 200 3195
2022-03-10 19:56:07,669 django.server INFO     "GET /screens/ HTTP/1.1" 200 19143
2022-03-10 19:56:07,684 django.server INFO     "GET /static/CACHE/css/base.e9ec07212d87.css HTTP/1.1" 200 727
2022-03-10 19:57:16,433 django.server INFO     "GET /screens/ HTTP/1.1" 200 19234
2022-03-10 19:57:16,450 django.server INFO     "GET /static/CACHE/css/base.e9ec07212d87.css HTTP/1.1" 200 727
2022-03-10 19:57:17,664 django.server INFO     "GET /screens/ HTTP/1.1" 200 19234
2022-03-10 19:57:17,676 django.server INFO     "GET /static/CACHE/css/base.e9ec07212d87.css HTTP/1.1" 200 727
2022-03-10 19:57:18,761 django.server INFO     "GET /screens/ HTTP/1.1" 200 19234
2022-03-10 19:57:18,773 django.server INFO     "GET /static/CACHE/css/base.e9ec07212d87.css HTTP/1.1" 200 727
2022-03-10 19:57:45,565 django.server INFO     "GET /screens/ HTTP/1.1" 200 19144
2022-03-10 19:57:45,578 django.server INFO     "GET /static/CACHE/css/base.e9ec07212d87.css HTTP/1.1" 200 727
2022-03-10 20:00:10,164 django.server INFO     "GET /static/CACHE/css/base.e9ec07212d87.css HTTP/1.1" 304 0
2022-03-10 20:03:41,308 django.request ERROR    Internal Server Error: /screens/
Traceback (most recent call last):
  File "/home/sindre/Dokumenter/MG/info-screens/.venv/lib/python3.7/site-packages/django/template/base.py", line 470, in parse
    compile_func = self.tags[command]
KeyError: 'endblock'

During handling of the above exception, another exception occurred:

Traceback (most recent call last):
  File "/home/sindre/Dokumenter/MG/info-screens/.venv/lib/python3.7/site-packages/django/core/handlers/exception.py", line 47, in inner
    response = get_response(request)
  File "/home/sindre/Dokumenter/MG/info-screens/.venv/lib/python3.7/site-packages/django/core/handlers/base.py", line 181, in _get_response
    response = wrapped_callback(request, *callback_args, **callback_kwargs)
  File "/home/sindre/Dokumenter/MG/info-screens/.venv/lib/python3.7/site-packages/django/views/generic/base.py", line 70, in view
    return self.dispatch(request, *args, **kwargs)
  File "/home/sindre/Dokumenter/MG/info-screens/.venv/lib/python3.7/site-packages/django/views/generic/base.py", line 98, in dispatch
    return handler(request, *args, **kwargs)
  File "/home/sindre/Dokumenter/MG/info-screens/infoscreen/views.py", line 30, in get
    'screens': screens,
  File "/home/sindre/Dokumenter/MG/info-screens/.venv/lib/python3.7/site-packages/django/shortcuts.py", line 19, in render
    content = loader.render_to_string(template_name, context, request, using=using)
  File "/home/sindre/Dokumenter/MG/info-screens/.venv/lib/python3.7/site-packages/django/template/loader.py", line 61, in render_to_string
    template = get_template(template_name, using=using)
  File "/home/sindre/Dokumenter/MG/info-screens/.venv/lib/python3.7/site-packages/django/template/loader.py", line 15, in get_template
    return engine.get_template(template_name)
  File "/home/sindre/Dokumenter/MG/info-screens/.venv/lib/python3.7/site-packages/django/template/backends/django.py", line 34, in get_template
    return Template(self.engine.get_template(template_name), self)
  File "/home/sindre/Dokumenter/MG/info-screens/.venv/lib/python3.7/site-packages/django/template/engine.py", line 143, in get_template
    template, origin = self.find_template(template_name)
  File "/home/sindre/Dokumenter/MG/info-screens/.venv/lib/python3.7/site-packages/django/template/engine.py", line 125, in find_template
    template = loader.get_template(name, skip=skip)
  File "/home/sindre/Dokumenter/MG/info-screens/.venv/lib/python3.7/site-packages/django/template/loaders/base.py", line 30, in get_template
    contents, origin, origin.template_name, self.engine,
  File "/home/sindre/Dokumenter/MG/info-screens/.venv/lib/python3.7/site-packages/django/template/base.py", line 155, in __init__
    self.nodelist = self.compile_nodelist()
  File "/home/sindre/Dokumenter/MG/info-screens/.venv/lib/python3.7/site-packages/django/template/base.py", line 193, in compile_nodelist
    return parser.parse()
  File "/home/sindre/Dokumenter/MG/info-screens/.venv/lib/python3.7/site-packages/django/template/base.py", line 478, in parse
    raise self.error(token, e)
  File "/home/sindre/Dokumenter/MG/info-screens/.venv/lib/python3.7/site-packages/django/template/base.py", line 476, in parse
    compiled_result = compile_func(self, token)
  File "/home/sindre/Dokumenter/MG/info-screens/.venv/lib/python3.7/site-packages/django/template/loader_tags.py", line 278, in do_extends
    nodelist = parser.parse()
  File "/home/sindre/Dokumenter/MG/info-screens/.venv/lib/python3.7/site-packages/django/template/base.py", line 478, in parse
    raise self.error(token, e)
  File "/home/sindre/Dokumenter/MG/info-screens/.venv/lib/python3.7/site-packages/django/template/base.py", line 476, in parse
    compiled_result = compile_func(self, token)
  File "/home/sindre/Dokumenter/MG/info-screens/.venv/lib/python3.7/site-packages/django/template/loader_tags.py", line 216, in do_block
    nodelist = parser.parse(('endblock',))
  File "/home/sindre/Dokumenter/MG/info-screens/.venv/lib/python3.7/site-packages/django/template/base.py", line 478, in parse
    raise self.error(token, e)
  File "/home/sindre/Dokumenter/MG/info-screens/.venv/lib/python3.7/site-packages/django/template/base.py", line 476, in parse
    compiled_result = compile_func(self, token)
  File "/home/sindre/Dokumenter/MG/info-screens/.venv/lib/python3.7/site-packages/django/template/defaulttags.py", line 982, in do_if
    nodelist = parser.parse(('endif',))
  File "/home/sindre/Dokumenter/MG/info-screens/.venv/lib/python3.7/site-packages/django/template/base.py", line 472, in parse
    self.invalid_block_tag(token, command, parse_until)
  File "/home/sindre/Dokumenter/MG/info-screens/.venv/lib/python3.7/site-packages/django/template/base.py", line 528, in invalid_block_tag
    get_text_list(["'%s'" % p for p in parse_until], 'or'),
django.template.exceptions.TemplateSyntaxError: Invalid block tag on line 37: 'endblock', expected 'endif'. Did you forget to register or load this tag?
2022-03-10 20:03:41,350 django.server ERROR    "GET /screens/ HTTP/1.1" 500 202146
2022-03-10 20:03:56,586 django.server INFO     "GET /screens/ HTTP/1.1" 200 19166
2022-03-10 20:03:56,604 django.server INFO     "GET /static/CACHE/css/base.e9ec07212d87.css HTTP/1.1" 200 727
2022-03-10 20:03:56,635 django.server INFO     "GET /static/infoscreen/img/default.jpg HTTP/1.1" 304 0
2022-03-10 20:35:42,187 django.server INFO     "GET /static/CACHE/css/base.e9ec07212d87.css HTTP/1.1" 304 0
2022-03-10 20:35:42,202 django.server INFO     "GET /static/infoscreen/img/default.jpg HTTP/1.1" 304 0
2022-03-10 20:42:31,825 django.server INFO     "GET /screens/ HTTP/1.1" 200 19374
2022-03-10 20:42:31,840 django.server INFO     "GET /static/CACHE/css/base.e9ec07212d87.css HTTP/1.1" 200 727
2022-03-10 20:43:09,736 django.server INFO     "GET /screens/ HTTP/1.1" 200 19374
2022-03-10 20:43:09,752 django.server INFO     "GET /static/CACHE/css/base.e9ec07212d87.css HTTP/1.1" 200 727
2022-03-10 20:44:09,460 django.server INFO     "GET /screens/ HTTP/1.1" 200 19408
2022-03-10 20:44:09,476 django.server INFO     "GET /static/CACHE/css/base.e9ec07212d87.css HTTP/1.1" 200 727
2022-03-10 20:45:55,399 django.server INFO     "GET /screens/ HTTP/1.1" 200 19786
2022-03-10 20:45:55,413 django.server INFO     "GET /static/CACHE/css/base.e9ec07212d87.css HTTP/1.1" 200 727
2022-03-10 20:45:57,162 django.request WARNING  Not Found: /screen/
2022-03-10 20:45:57,162 django.server WARNING  "GET /screen/ HTTP/1.1" 404 12805
2022-03-10 20:46:57,729 django.request WARNING  Not Found: /screen/
2022-03-10 20:46:57,729 django.server WARNING  "GET /screen/ HTTP/1.1" 404 12805
2022-03-10 20:46:58,685 django.request WARNING  Not Found: /screen/
2022-03-10 20:46:58,685 django.server WARNING  "GET /screen/ HTTP/1.1" 404 12805
2022-03-10 20:46:59,170 django.request WARNING  Not Found: /screen/
2022-03-10 20:46:59,171 django.server WARNING  "GET /screen/ HTTP/1.1" 404 12805
2022-03-10 20:47:09,490 django.request WARNING  Not Found: /screen/
2022-03-10 20:47:09,491 django.server WARNING  "GET /screen/ HTTP/1.1" 404 12805
2022-03-10 20:47:12,208 django.server INFO     "GET /screens/ HTTP/1.1" 200 19757
2022-03-10 20:47:12,222 django.server INFO     "GET /static/CACHE/css/base.e9ec07212d87.css HTTP/1.1" 200 727
2022-03-10 20:47:12,230 django.server INFO     "GET /static/infoscreen/img/default.jpg HTTP/1.1" 304 0
2022-03-10 20:47:13,731 django.request WARNING  Not Found: /screen/
2022-03-10 20:47:13,732 django.server WARNING  "GET /screen/ HTTP/1.1" 404 12805
2022-03-10 20:47:38,092 django.server INFO     "GET /screens/ HTTP/1.1" 200 19757
2022-03-10 20:47:38,107 django.server INFO     "GET /static/CACHE/css/base.e9ec07212d87.css HTTP/1.1" 200 727
2022-03-10 20:47:40,449 django.request WARNING  Not Found: /screen/
2022-03-10 20:47:40,449 django.server WARNING  "GET /screen/ HTTP/1.1" 404 12805
2022-03-10 20:47:56,872 django.server INFO     "GET /screens/ HTTP/1.1" 200 19722
2022-03-10 20:47:56,893 django.server INFO     "GET /static/CACHE/css/base.e9ec07212d87.css HTTP/1.1" 200 727
2022-03-10 20:47:57,941 django.server INFO     "GET /screen/1 HTTP/1.1" 301 0
2022-03-10 20:47:58,027 django.server INFO     "GET /screen/1/ HTTP/1.1" 200 17692
2022-03-10 20:47:58,044 django.server INFO     "GET /static/CACHE/css/video.17410275de1d.css HTTP/1.1" 200 448
2022-03-10 20:47:58,044 django.server INFO     "GET /static/CACHE/css/base.e9ec07212d87.css HTTP/1.1" 200 727
2022-03-10 20:48:01,114 django.server INFO     "GET /screen/2 HTTP/1.1" 301 0
2022-03-10 20:48:01,207 django.server INFO     "GET /screen/2/ HTTP/1.1" 200 17660
2022-03-10 20:48:01,222 django.server INFO     "GET /static/CACHE/css/base.e9ec07212d87.css HTTP/1.1" 200 727
2022-03-10 20:48:01,223 django.server INFO     "GET /static/CACHE/css/video.17410275de1d.css HTTP/1.1" 200 448
2022-03-10 20:48:51,036 django.server INFO     "GET /screens/ HTTP/1.1" 200 19722
2022-03-10 20:48:51,049 django.server INFO     "GET /static/CACHE/css/base.e9ec07212d87.css HTTP/1.1" 200 727
2022-03-10 20:49:01,888 django.server INFO     "GET /screens/ HTTP/1.1" 200 19555
2022-03-10 20:49:01,902 django.server INFO     "GET /static/CACHE/css/base.e9ec07212d87.css HTTP/1.1" 200 727
2022-03-10 20:49:22,300 django.server INFO     "GET /screens/ HTTP/1.1" 200 19687
2022-03-10 20:49:22,314 django.server INFO     "GET /static/CACHE/css/base.e9ec07212d87.css HTTP/1.1" 200 727
2022-03-10 20:49:25,091 django.server INFO     "GET /screens/ HTTP/1.1" 200 19687
2022-03-10 20:49:25,105 django.server INFO     "GET /static/CACHE/css/base.e9ec07212d87.css HTTP/1.1" 200 727
2022-03-10 20:49:42,638 django.server INFO     "GET /screens/ HTTP/1.1" 200 19540
2022-03-10 20:49:42,651 django.server INFO     "GET /static/CACHE/css/base.e9ec07212d87.css HTTP/1.1" 200 727
2022-03-10 20:50:07,881 django.server INFO     "GET /screens/ HTTP/1.1" 200 19722
2022-03-10 20:50:07,895 django.server INFO     "GET /static/CACHE/css/base.e9ec07212d87.css HTTP/1.1" 200 727
2022-03-10 20:50:09,359 django.server INFO     "GET /screen/1/ HTTP/1.1" 200 17692
2022-03-10 20:50:09,376 django.server INFO     "GET /static/CACHE/css/base.e9ec07212d87.css HTTP/1.1" 200 727
2022-03-10 20:50:09,376 django.server INFO     "GET /static/CACHE/css/video.17410275de1d.css HTTP/1.1" 200 448
2022-03-10 20:51:28,291 django.server INFO     "GET /screens/ HTTP/1.1" 200 19722
2022-03-10 20:51:28,303 django.server INFO     "GET /static/CACHE/css/base.e9ec07212d87.css HTTP/1.1" 200 727
2022-03-10 20:52:15,743 django.server INFO     "GET /screens/ HTTP/1.1" 200 19722
2022-03-10 20:52:15,755 django.server INFO     "GET /static/CACHE/css/base.e9ec07212d87.css HTTP/1.1" 200 727
2022-03-10 20:53:00,815 django.server INFO     "GET /screens/ HTTP/1.1" 200 19555
2022-03-10 20:53:00,827 django.server INFO     "GET /static/CACHE/css/base.e9ec07212d87.css HTTP/1.1" 200 727
2022-03-10 20:53:22,375 django.server INFO     "GET /screens/ HTTP/1.1" 200 19639
2022-03-10 20:53:22,391 django.server INFO     "GET /static/CACHE/css/base.e9ec07212d87.css HTTP/1.1" 200 727
2022-03-10 20:53:23,294 django.server INFO     "GET /screens/ HTTP/1.1" 200 19639
2022-03-10 20:53:23,307 django.server INFO     "GET /static/CACHE/css/base.e9ec07212d87.css HTTP/1.1" 200 727
2022-03-10 20:53:37,730 django.server INFO     "GET /screens/ HTTP/1.1" 200 19567
2022-03-10 20:53:37,743 django.server INFO     "GET /static/CACHE/css/base.e9ec07212d87.css HTTP/1.1" 200 727
2022-03-10 20:53:47,111 django.server INFO     "GET /screens/ HTTP/1.1" 200 19639
2022-03-10 20:53:47,127 django.server INFO     "GET /static/CACHE/css/base.e9ec07212d87.css HTTP/1.1" 200 727
2022-03-10 20:53:57,733 django.server INFO     "GET /screens/ HTTP/1.1" 200 19639
2022-03-10 20:53:57,747 django.server INFO     "GET /static/CACHE/css/base.e9ec07212d87.css HTTP/1.1" 200 727
2022-03-10 20:54:07,869 django.server INFO     "GET /screens/ HTTP/1.1" 200 19806
2022-03-10 20:54:07,884 django.server INFO     "GET /static/CACHE/css/base.e9ec07212d87.css HTTP/1.1" 200 727
2022-03-10 20:54:12,757 django.server INFO     "GET /screens/ HTTP/1.1" 200 19639
2022-03-10 20:54:12,770 django.server INFO     "GET /static/CACHE/css/base.e9ec07212d87.css HTTP/1.1" 200 727
2022-03-10 20:55:27,216 django.server INFO     "GET /screens/ HTTP/1.1" 200 19771
2022-03-10 20:55:27,230 django.server INFO     "GET /static/CACHE/css/base.e9ec07212d87.css HTTP/1.1" 200 727
2022-03-10 20:55:49,706 django.server INFO     "GET /screens/ HTTP/1.1" 200 19813
2022-03-10 20:55:49,719 django.server INFO     "GET /static/CACHE/css/base.e9ec07212d87.css HTTP/1.1" 200 727
2022-03-10 20:56:18,492 django.server INFO     "GET /screens/ HTTP/1.1" 200 19778
2022-03-10 20:56:18,507 django.server INFO     "GET /static/CACHE/css/base.e9ec07212d87.css HTTP/1.1" 200 727
2022-03-10 20:59:34,969 django.server INFO     "GET /admin/infoscreen/screen/ HTTP/1.1" 200 18678
2022-03-10 20:59:35,016 django.server INFO     "GET /admin/jsi18n/ HTTP/1.1" 200 3195
2022-03-10 20:59:37,780 django.server INFO     "GET /screens/ HTTP/1.1" 200 19974
2022-03-10 20:59:37,797 django.server INFO     "GET /static/CACHE/css/base.e9ec07212d87.css HTTP/1.1" 200 727
2022-03-10 20:59:37,851 django.server INFO     "GET /static/infoscreen/img/default.jpg HTTP/1.1" 304 0
2022-03-10 21:00:22,269 django.server INFO     "GET /screens/ HTTP/1.1" 200 20135
2022-03-10 21:00:22,285 django.server INFO     "GET /static/CACHE/css/base.e9ec07212d87.css HTTP/1.1" 200 727
2022-03-10 21:00:23,898 django.server INFO     "GET /screens/ HTTP/1.1" 200 20135
2022-03-10 21:00:23,913 django.server INFO     "GET /static/CACHE/css/base.e9ec07212d87.css HTTP/1.1" 200 727
2022-03-10 21:01:24,908 django.server INFO     "GET /screens/ HTTP/1.1" 200 20135
2022-03-10 21:01:24,922 django.server INFO     "GET /static/CACHE/css/base.e9ec07212d87.css HTTP/1.1" 200 727
2022-03-10 21:01:33,172 django.server INFO     "GET /screens/ HTTP/1.1" 200 19974
2022-03-10 21:01:33,187 django.server INFO     "GET /static/CACHE/css/base.e9ec07212d87.css HTTP/1.1" 200 727
2022-03-22 17:01:19,922 django.utils.autoreload INFO     Watching for file changes with StatReloader
2022-03-22 17:01:23,666 django.server INFO     "GET / HTTP/1.1" 302 0
2022-03-22 17:01:23,860 django.server INFO     "GET /screens/ HTTP/1.1" 200 19973
2022-03-22 17:01:23,879 django.server INFO     "GET /static/CACHE/css/base.e9ec07212d87.css HTTP/1.1" 200 727
2022-03-22 17:01:24,100 django.server INFO     "GET /static/debug_toolbar/css/toolbar.css HTTP/1.1" 200 11479
2022-03-22 17:01:24,101 django.server INFO     "GET /static/infoscreen/img/default.jpg HTTP/1.1" 200 26511
2022-03-22 17:01:24,102 django.server INFO     "GET /static/debug_toolbar/js/toolbar.js HTTP/1.1" 200 11275
2022-03-22 17:01:24,213 django.server INFO     "GET /static/debug_toolbar/css/print.css HTTP/1.1" 200 43
2022-03-22 17:01:24,220 django.server INFO     "GET /static/debug_toolbar/js/utils.js HTTP/1.1" 200 3531
2022-03-22 17:01:24,292 django.request WARNING  Not Found: /favicon.ico
2022-03-22 17:01:24,293 django.server WARNING  "GET /favicon.ico HTTP/1.1" 404 12821
2022-03-22 17:01:51,919 django.server INFO     "GET /screen/1 HTTP/1.1" 301 0
2022-03-22 17:01:51,985 django.server INFO     "GET /screen/1/ HTTP/1.1" 200 17692
2022-03-22 17:01:52,004 django.server INFO     "GET /static/CACHE/css/video.17410275de1d.css HTTP/1.1" 200 448
2022-03-22 17:01:52,004 django.server INFO     "GET /static/CACHE/css/base.e9ec07212d87.css HTTP/1.1" 200 727
2022-03-22 17:01:54,698 django.server INFO     "GET /screen/2 HTTP/1.1" 301 0
2022-03-22 17:01:54,761 django.server INFO     "GET /screen/2/ HTTP/1.1" 200 17660
2022-03-22 17:01:54,775 django.server INFO     "GET /static/CACHE/css/base.e9ec07212d87.css HTTP/1.1" 200 727
2022-03-22 17:01:54,775 django.server INFO     "GET /static/CACHE/css/video.17410275de1d.css HTTP/1.1" 200 448
2022-03-22 17:02:12,897 django.server INFO     "GET /screen/4 HTTP/1.1" 301 0
2022-03-22 17:02:12,962 django.server INFO     "GET /screen/4/ HTTP/1.1" 200 17660
2022-03-22 17:02:12,978 django.server INFO     "GET /static/CACHE/css/base.e9ec07212d87.css HTTP/1.1" 200 727
2022-03-22 17:02:12,979 django.server INFO     "GET /static/CACHE/css/video.17410275de1d.css HTTP/1.1" 200 448
2022-03-22 17:02:16,625 django.server INFO     "GET /screen/1/ HTTP/1.1" 200 17692
2022-03-22 17:02:16,642 django.server INFO     "GET /static/CACHE/css/base.e9ec07212d87.css HTTP/1.1" 200 727
2022-03-22 17:02:16,642 django.server INFO     "GET /static/CACHE/css/video.17410275de1d.css HTTP/1.1" 200 448
2022-03-22 17:02:24,644 django.server INFO     "GET /screen/2/ HTTP/1.1" 200 17660
2022-03-22 17:02:24,667 django.server INFO     "GET /static/CACHE/css/base.e9ec07212d87.css HTTP/1.1" 200 727
2022-03-22 17:02:24,667 django.server INFO     "GET /static/CACHE/css/video.17410275de1d.css HTTP/1.1" 200 448
2022-03-22 17:02:58,686 django.server INFO     "GET /screen/4/ HTTP/1.1" 200 17660
2022-03-22 17:02:58,703 django.server INFO     "GET /static/CACHE/css/base.e9ec07212d87.css HTTP/1.1" 200 727
2022-03-22 17:02:58,703 django.server INFO     "GET /static/CACHE/css/video.17410275de1d.css HTTP/1.1" 200 448
2022-03-22 17:03:16,342 django.server INFO     "GET /static/CACHE/css/base.e9ec07212d87.css HTTP/1.1" 304 0
2022-03-22 17:04:16,695 django.server INFO     "GET /screen/1/ HTTP/1.1" 200 17692
2022-03-22 17:04:16,722 django.server INFO     "GET /static/CACHE/css/base.e9ec07212d87.css HTTP/1.1" 200 727
2022-03-22 17:04:16,722 django.server INFO     "GET /static/CACHE/css/video.17410275de1d.css HTTP/1.1" 200 448
2022-03-22 17:05:02,074 django.request WARNING  Not Found: /screen/
2022-03-22 17:05:02,074 django.server WARNING  "GET /screen/ HTTP/1.1" 404 12805
2022-03-22 17:05:06,058 django.server INFO     "GET /screens/ HTTP/1.1" 200 19973
2022-03-22 17:05:06,082 django.server INFO     "GET /static/CACHE/css/base.e9ec07212d87.css HTTP/1.1" 200 727
2022-03-22 17:08:19,782 django.server INFO     "GET /screens/ HTTP/1.1" 200 19997
2022-03-22 17:08:19,800 django.server INFO     "GET /static/CACHE/css/base.e9ec07212d87.css HTTP/1.1" 200 727
2022-03-22 17:08:30,821 django.server INFO     "GET /static/CACHE/css/base.e9ec07212d87.css HTTP/1.1" 304 0
2022-03-22 17:08:49,043 django.server INFO     "GET /screens/ HTTP/1.1" 200 19997
2022-03-22 17:08:49,063 django.server INFO     "GET /static/CACHE/css/base.e9ec07212d87.css HTTP/1.1" 200 727
2022-03-22 17:08:50,158 django.server INFO     "GET /screens/ HTTP/1.1" 200 19997
2022-03-22 17:08:50,173 django.server INFO     "GET /static/CACHE/css/base.e9ec07212d87.css HTTP/1.1" 200 727
2022-03-22 17:09:36,168 django.server INFO     "GET /screens/ HTTP/1.1" 200 20046
2022-03-22 17:09:36,183 django.server INFO     "GET /static/CACHE/css/base.e9ec07212d87.css HTTP/1.1" 200 727
2022-03-22 17:09:50,946 django.server INFO     "GET /screens/ HTTP/1.1" 200 20046
2022-03-22 17:09:50,963 django.server INFO     "GET /static/CACHE/css/base.e9ec07212d87.css HTTP/1.1" 200 727
2022-03-22 17:09:52,048 django.server INFO     "GET /screens/ HTTP/1.1" 200 20046
2022-03-22 17:09:52,072 django.server INFO     "GET /static/CACHE/css/base.e9ec07212d87.css HTTP/1.1" 200 727
2022-03-22 17:10:14,679 django.server INFO     "GET /screens/ HTTP/1.1" 200 20043
2022-03-22 17:10:14,694 django.server INFO     "GET /static/CACHE/css/base.e9ec07212d87.css HTTP/1.1" 200 727
2022-03-22 17:12:04,624 django.server INFO     "GET /screen/1/ HTTP/1.1" 200 17692
2022-03-22 17:12:04,646 django.server INFO     "GET /static/CACHE/css/base.e9ec07212d87.css HTTP/1.1" 200 727
2022-03-22 17:12:04,648 django.server INFO     "GET /static/CACHE/css/video.17410275de1d.css HTTP/1.1" 200 448
2022-03-22 17:12:19,036 django.server INFO     "GET /screens/ HTTP/1.1" 200 19973
2022-03-22 17:12:19,051 django.server INFO     "GET /static/CACHE/css/base.e9ec07212d87.css HTTP/1.1" 200 727
2022-03-22 17:12:31,451 django.server INFO     "GET /screens/ HTTP/1.1" 200 19973
2022-03-22 17:12:31,465 django.server INFO     "GET /static/CACHE/css/base.e9ec07212d87.css HTTP/1.1" 200 727
2022-03-22 17:12:32,380 django.server INFO     "GET /screens/ HTTP/1.1" 200 19973
2022-03-22 17:12:32,396 django.server INFO     "GET /static/CACHE/css/base.e9ec07212d87.css HTTP/1.1" 200 727
2022-03-22 17:12:33,004 django.server INFO     "GET /screens/ HTTP/1.1" 200 19973
2022-03-22 17:12:33,018 django.server INFO     "GET /static/CACHE/css/base.e9ec07212d87.css HTTP/1.1" 304 0
2022-03-22 17:14:53,086 django.server INFO     "GET /screens/ HTTP/1.1" 200 20022
2022-03-22 17:14:53,101 django.server INFO     "GET /static/CACHE/css/base.e9ec07212d87.css HTTP/1.1" 200 727
2022-03-22 17:14:59,945 django.server INFO     "GET /static/CACHE/css/base.e9ec07212d87.css HTTP/1.1" 304 0
2022-03-22 17:15:20,902 django.server INFO     "GET /screens/ HTTP/1.1" 200 20022
2022-03-22 17:15:20,922 django.server INFO     "GET /static/CACHE/css/base.e9ec07212d87.css HTTP/1.1" 200 727
2022-03-22 17:15:44,644 django.server INFO     "GET /static/CACHE/css/base.e9ec07212d87.css HTTP/1.1" 304 0
2022-03-22 17:16:13,487 django.server INFO     "GET /screens/ HTTP/1.1" 200 20022
2022-03-22 17:16:13,506 django.server INFO     "GET /static/CACHE/css/base.e9ec07212d87.css HTTP/1.1" 200 727
2022-03-22 17:16:14,368 django.server INFO     "GET /screens/ HTTP/1.1" 200 20022
2022-03-22 17:16:14,384 django.server INFO     "GET /static/CACHE/css/base.e9ec07212d87.css HTTP/1.1" 200 727
2022-03-22 17:17:59,373 django.server INFO     "GET /screen/1/ HTTP/1.1" 200 17692
2022-03-22 17:17:59,395 django.server INFO     "GET /static/CACHE/css/base.e9ec07212d87.css HTTP/1.1" 200 727
2022-03-22 17:17:59,396 django.server INFO     "GET /static/CACHE/css/video.17410275de1d.css HTTP/1.1" 200 448
2022-03-22 17:18:29,599 django.server INFO     "GET /screens/ HTTP/1.1" 200 20022
2022-03-22 17:18:29,617 django.server INFO     "GET /static/CACHE/css/base.e9ec07212d87.css HTTP/1.1" 200 727
2022-03-22 17:26:05,218 django.server INFO     "GET /screen/5 HTTP/1.1" 301 0
2022-03-22 17:26:05,279 django.server INFO     "GET /screen/5/ HTTP/1.1" 200 17660
2022-03-22 17:26:05,306 django.server INFO     "GET /static/CACHE/css/base.e9ec07212d87.css HTTP/1.1" 200 727
2022-03-22 17:26:05,306 django.server INFO     "GET /static/CACHE/css/video.17410275de1d.css HTTP/1.1" 200 448
2022-03-22 17:26:39,297 django.server INFO     "GET /screen/2/ HTTP/1.1" 200 17660
2022-03-22 17:26:39,316 django.server INFO     "GET /static/CACHE/css/video.17410275de1d.css HTTP/1.1" 200 448
2022-03-22 17:26:39,316 django.server INFO     "GET /static/CACHE/css/base.e9ec07212d87.css HTTP/1.1" 200 727
2022-03-22 17:27:50,304 django.server INFO     "GET /admin/ HTTP/1.1" 302 0
2022-03-22 17:27:50,327 django.server INFO     "GET /admin/login/?next=/admin/ HTTP/1.1" 200 12202
2022-03-22 17:27:50,350 django.server INFO     "GET /static/admin/css/base.css HTTP/1.1" 200 19513
2022-03-22 17:27:50,350 django.server INFO     "GET /static/admin/css/nav_sidebar.css HTTP/1.1" 200 2271
2022-03-22 17:27:50,353 django.server INFO     "GET /static/admin/css/login.css HTTP/1.1" 200 939
2022-03-22 17:27:50,354 django.server INFO     "GET /static/admin/js/nav_sidebar.js HTTP/1.1" 200 1360
2022-03-22 17:27:50,354 django.server INFO     "GET /static/admin/css/responsive.css HTTP/1.1" 200 18545
2022-03-22 17:27:50,397 django.server INFO     "GET /static/admin/css/fonts.css HTTP/1.1" 200 423
2022-03-22 17:27:50,414 django.server INFO     "GET /static/admin/fonts/Roboto-Regular-webfont.woff HTTP/1.1" 200 85876
2022-03-22 17:27:50,415 django.server INFO     "GET /static/admin/fonts/Roboto-Light-webfont.woff HTTP/1.1" 200 85692
2022-03-22 17:27:53,757 django.server INFO     "POST /admin/login/?next=/admin/ HTTP/1.1" 302 0
2022-03-22 17:27:53,826 django.server INFO     "GET /admin/ HTTP/1.1" 200 17750
2022-03-22 17:27:53,839 django.server INFO     "GET /static/admin/css/dashboard.css HTTP/1.1" 200 380
2022-03-22 17:27:53,890 django.server INFO     "GET /static/admin/img/icon-addlink.svg HTTP/1.1" 200 331
2022-03-22 17:27:53,890 django.server INFO     "GET /static/admin/img/icon-changelink.svg HTTP/1.1" 200 380
2022-03-22 17:27:53,899 django.server INFO     "GET /static/admin/fonts/Roboto-Bold-webfont.woff HTTP/1.1" 200 86184
2022-03-22 17:27:59,003 django.server INFO     "GET /admin/infoscreen/video/ HTTP/1.1" 200 15881
2022-03-22 17:27:59,023 django.server INFO     "GET /static/admin/js/core.js HTTP/1.1" 200 5698
2022-03-22 17:27:59,023 django.server INFO     "GET /static/admin/js/jquery.init.js HTTP/1.1" 200 347
2022-03-22 17:27:59,024 django.server INFO     "GET /static/admin/js/admin/RelatedObjectLookups.js HTTP/1.1" 200 5984
2022-03-22 17:27:59,024 django.server INFO     "GET /static/admin/css/changelists.css HTTP/1.1" 200 6874
2022-03-22 17:27:59,028 django.server INFO     "GET /static/admin/js/actions.js HTTP/1.1" 200 7867
2022-03-22 17:27:59,032 django.server INFO     "GET /static/admin/js/prepopulate.js HTTP/1.1" 200 1531
2022-03-22 17:27:59,039 django.server INFO     "GET /static/admin/js/urlify.js HTTP/1.1" 200 7902
2022-03-22 17:27:59,063 django.server INFO     "GET /static/admin/js/vendor/jquery/jquery.js HTTP/1.1" 200 287630
2022-03-22 17:27:59,065 django.server INFO     "GET /static/admin/js/vendor/xregexp/xregexp.js HTTP/1.1" 200 232381
2022-03-22 17:27:59,103 django.server INFO     "GET /admin/jsi18n/ HTTP/1.1" 200 3195
2022-03-22 17:27:59,106 django.server INFO     "GET /static/admin/img/search.svg HTTP/1.1" 200 458
2022-03-22 17:27:59,121 django.server INFO     "GET /static/admin/img/tooltag-add.svg HTTP/1.1" 200 331
2022-03-22 17:28:01,143 django.server INFO     "GET /admin/infoscreen/video/add/ HTTP/1.1" 200 18305
2022-03-22 17:28:01,159 django.server INFO     "GET /static/admin/js/prepopulate_init.js HTTP/1.1" 200 492
2022-03-22 17:28:01,160 django.server INFO     "GET /static/admin/css/forms.css HTTP/1.1" 200 8804
2022-03-22 17:28:01,165 django.server INFO     "GET /static/admin/css/widgets.css HTTP/1.1" 200 11097
2022-03-22 17:28:01,165 django.server INFO     "GET /static/admin/js/change_form.js HTTP/1.1" 200 606
2022-03-22 17:28:01,193 django.server INFO     "GET /admin/jsi18n/ HTTP/1.1" 200 3195
2022-03-22 17:29:44,700 django.server INFO     "GET /admin/infoscreen/screen/ HTTP/1.1" 200 18676
2022-03-22 17:29:44,757 django.server INFO     "GET /admin/jsi18n/ HTTP/1.1" 200 3195
2022-03-22 17:29:52,464 django.server INFO     "GET /screens/ HTTP/1.1" 200 20023
2022-03-22 17:29:52,482 django.server INFO     "GET /static/CACHE/css/base.e9ec07212d87.css HTTP/1.1" 200 727
2022-03-22 17:32:11,650 django.server INFO     "POST /admin/infoscreen/video/add/ HTTP/1.1" 302 0
2022-03-22 17:32:11,726 django.server INFO     "GET /admin/infoscreen/video/ HTTP/1.1" 200 17695
2022-03-22 17:32:11,772 django.server INFO     "GET /admin/jsi18n/ HTTP/1.1" 200 3195
2022-03-22 17:32:11,793 django.server INFO     "GET /static/admin/img/icon-yes.svg HTTP/1.1" 200 436
2022-03-22 17:32:11,797 django.server INFO     "GET /static/admin/img/sorting-icons.svg HTTP/1.1" 200 1097
2022-03-22 17:32:14,269 django.server INFO     "GET /admin/infoscreen/screen/ HTTP/1.1" 200 18922
2022-03-22 17:32:14,314 django.server INFO     "GET /admin/jsi18n/ HTTP/1.1" 200 3195
2022-03-22 17:32:16,364 django.server INFO     "GET /admin/infoscreen/screen/2/change/ HTTP/1.1" 200 20782
2022-03-22 17:32:16,381 django.server INFO     "GET /static/admin/js/SelectFilter2.js HTTP/1.1" 200 12350
2022-03-22 17:32:16,381 django.server INFO     "GET /static/admin/js/SelectBox.js HTTP/1.1" 200 4360
2022-03-22 17:32:16,411 django.server INFO     "GET /admin/jsi18n/ HTTP/1.1" 200 3195
2022-03-22 17:32:16,446 django.server INFO     "GET /static/admin/img/icon-unknown.svg HTTP/1.1" 200 655
2022-03-22 17:32:16,446 django.server INFO     "GET /static/admin/img/selector-icons.svg HTTP/1.1" 200 3291
2022-03-22 17:32:16,446 django.server INFO     "GET /static/admin/img/icon-unknown-alt.svg HTTP/1.1" 200 655
2022-03-22 17:32:33,689 django.server INFO     "POST /admin/infoscreen/screen/2/change/ HTTP/1.1" 302 0
2022-03-22 17:32:33,785 django.server INFO     "GET /admin/infoscreen/screen/ HTTP/1.1" 200 19127
2022-03-22 17:32:33,829 django.server INFO     "GET /admin/jsi18n/ HTTP/1.1" 200 3195
2022-03-22 17:32:39,332 django.server INFO     "GET /screens/ HTTP/1.1" 200 20024
2022-03-22 17:32:39,349 django.server INFO     "GET /static/CACHE/css/base.e9ec07212d87.css HTTP/1.1" 200 727
2022-03-22 17:32:41,057 django.server INFO     "GET /screen/2/ HTTP/1.1" 200 17682
2022-03-22 17:32:41,073 django.server INFO     "GET /static/CACHE/css/base.e9ec07212d87.css HTTP/1.1" 200 727
2022-03-22 17:32:41,074 django.server INFO     "GET /static/CACHE/css/video.17410275de1d.css HTTP/1.1" 200 448
2022-03-22 17:32:48,545 django.request WARNING  Not Found: /favicon.ico
2022-03-22 17:32:48,545 django.server WARNING  "GET /favicon.ico HTTP/1.1" 404 12821
2022-03-22 17:34:20,654 django.server INFO     "GET /admin/infoscreen/screen/2/change/ HTTP/1.1" 200 20791
2022-03-22 17:34:20,700 django.server INFO     "GET /admin/jsi18n/ HTTP/1.1" 200 3195
2022-03-22 17:34:26,635 django.server INFO     "POST /admin/infoscreen/screen/2/change/ HTTP/1.1" 302 0
2022-03-22 17:34:26,734 django.server INFO     "GET /admin/infoscreen/screen/ HTTP/1.1" 200 19127
2022-03-22 17:34:26,780 django.server INFO     "GET /admin/jsi18n/ HTTP/1.1" 200 3195
2022-03-22 17:34:30,181 django.server INFO     "GET /screens/ HTTP/1.1" 200 20057
2022-03-22 17:34:30,197 django.server INFO     "GET /static/CACHE/css/base.e9ec07212d87.css HTTP/1.1" 200 727
2022-03-22 17:34:31,481 django.server INFO     "GET /screen/2/ HTTP/1.1" 200 17692
2022-03-22 17:34:31,502 django.server INFO     "GET /static/CACHE/css/video.17410275de1d.css HTTP/1.1" 200 448
2022-03-22 17:34:31,502 django.server INFO     "GET /static/CACHE/css/base.e9ec07212d87.css HTTP/1.1" 200 727
2022-03-22 17:34:37,429 django.server INFO     "GET /admin/infoscreen/screen/2/change/ HTTP/1.1" 200 20800
2022-03-22 17:34:37,476 django.server INFO     "GET /admin/jsi18n/ HTTP/1.1" 200 3195
2022-03-22 17:36:01,308 django.server INFO     "GET /screens/ HTTP/1.1" 200 20057
2022-03-22 17:36:01,323 django.server INFO     "GET /static/CACHE/css/base.e9ec07212d87.css HTTP/1.1" 200 727
2022-03-22 17:36:09,699 django.server INFO     "POST /admin/infoscreen/screen/2/change/ HTTP/1.1" 302 0
2022-03-22 17:36:09,821 django.server INFO     "GET /admin/infoscreen/screen/ HTTP/1.1" 200 19129
2022-03-22 17:36:09,867 django.server INFO     "GET /admin/jsi18n/ HTTP/1.1" 200 3195
2022-03-22 17:36:11,235 django.server INFO     "GET /screens/ HTTP/1.1" 200 20023
2022-03-22 17:36:11,253 django.server INFO     "GET /static/CACHE/css/base.e9ec07212d87.css HTTP/1.1" 200 727
2022-03-22 17:36:12,746 django.server INFO     "GET /screen/2/ HTTP/1.1" 200 17682
2022-03-22 17:36:12,766 django.server INFO     "GET /static/CACHE/css/base.e9ec07212d87.css HTTP/1.1" 200 727
2022-03-22 17:36:12,766 django.server INFO     "GET /static/CACHE/css/video.17410275de1d.css HTTP/1.1" 200 448
2022-03-22 17:36:14,590 django.request WARNING  Not Found: /favicon.ico
2022-03-22 17:36:14,590 django.server WARNING  "GET /favicon.ico HTTP/1.1" 404 12821
2022-03-22 17:57:14,480 django.utils.autoreload INFO     Watching for file changes with StatReloader
2022-03-22 17:57:18,618 django.server INFO     "GET /screens/ HTTP/1.1" 200 19813
2022-03-22 17:57:18,636 django.server INFO     "GET /static/CACHE/css/base.e9ec07212d87.css HTTP/1.1" 200 727
2022-03-22 18:00:26,267 django.server INFO     "GET /screens/ HTTP/1.1" 200 19782
2022-03-22 18:00:26,285 django.server INFO     "GET /static/CACHE/css/base.e9ec07212d87.css HTTP/1.1" 200 727
2022-03-22 18:00:28,321 django.server INFO     "GET /screens/ HTTP/1.1" 200 19782
2022-03-22 18:00:28,336 django.server INFO     "GET /static/CACHE/css/base.e9ec07212d87.css HTTP/1.1" 200 727
2022-03-22 18:00:36,091 django.request WARNING  Not Found: /favicon.ico
2022-03-22 18:00:36,091 django.server WARNING  "GET /favicon.ico HTTP/1.1" 404 12821
2022-03-22 18:00:37,838 django.server INFO     "GET /screen/2/ HTTP/1.1" 200 17682
2022-03-22 18:00:37,856 django.server INFO     "GET /static/CACHE/css/base.e9ec07212d87.css HTTP/1.1" 200 727
2022-03-22 18:00:37,856 django.server INFO     "GET /static/CACHE/css/video.17410275de1d.css HTTP/1.1" 200 448
2022-03-22 18:00:57,354 django.server INFO     "GET /screens/ HTTP/1.1" 200 19834
2022-03-22 18:00:57,370 django.server INFO     "GET /static/CACHE/css/base.e9ec07212d87.css HTTP/1.1" 200 727
2022-03-22 18:01:02,145 django.server INFO     "GET /screens/ HTTP/1.1" 200 19782
2022-03-22 18:01:02,160 django.server INFO     "GET /static/CACHE/css/base.e9ec07212d87.css HTTP/1.1" 200 727
2022-03-22 18:01:10,592 django.server INFO     "GET /screens/ HTTP/1.1" 200 19834
2022-03-22 18:01:10,608 django.server INFO     "GET /static/CACHE/css/base.e9ec07212d87.css HTTP/1.1" 200 727
2022-03-22 18:02:24,423 django.server INFO     "GET /screens/ HTTP/1.1" 200 19790
2022-03-22 18:02:24,439 django.server INFO     "GET /static/CACHE/css/base.e9ec07212d87.css HTTP/1.1" 200 727
2022-03-22 18:02:34,778 django.request WARNING  Not Found: /favicon.ico
2022-03-22 18:02:34,778 django.server WARNING  "GET /favicon.ico HTTP/1.1" 404 12821
2022-03-22 18:11:09,226 django.utils.autoreload INFO     Watching for file changes with StatReloader
2022-03-22 18:11:11,987 django.server INFO     "GET /screens/ HTTP/1.1" 200 19790
2022-03-22 18:11:12,038 django.server INFO     "GET /static/CACHE/css/base.e9ec07212d87.css HTTP/1.1" 200 727
2022-03-22 18:11:13,921 django.server INFO     "GET /screen/1/ HTTP/1.1" 200 17694
2022-03-22 18:11:13,957 django.server INFO     "GET /static/CACHE/css/base.e9ec07212d87.css HTTP/1.1" 200 727
2022-03-22 18:11:13,958 django.server INFO     "GET /static/CACHE/css/video.17410275de1d.css HTTP/1.1" 200 448
2022-03-22 18:11:21,848 django.server INFO     "GET /screen/2/ HTTP/1.1" 200 17684
2022-03-22 18:11:21,883 django.server INFO     "GET /static/CACHE/css/video.17410275de1d.css HTTP/1.1" 200 448
2022-03-22 18:11:21,883 django.server INFO     "GET /static/CACHE/css/base.e9ec07212d87.css HTTP/1.1" 200 727
2022-03-22 18:11:24,063 django.request WARNING  Not Found: /favicon.ico
2022-03-22 18:11:24,064 django.server WARNING  "GET /favicon.ico HTTP/1.1" 404 12821
2022-03-22 18:18:05,836 django.server INFO     "GET /screen/1/ HTTP/1.1" 200 17694
2022-03-22 18:18:05,878 django.server INFO     "GET /static/CACHE/css/video.17410275de1d.css HTTP/1.1" 200 448
2022-03-22 18:18:05,878 django.server INFO     "GET /static/CACHE/css/base.e9ec07212d87.css HTTP/1.1" 200 727
