2022-03-10 17:52:26,189 django.utils.autoreload INFO     Watching for file changes with StatReloader
2022-03-10 17:52:36,754 django.utils.autoreload INFO     /home/sindre/Dokumenter/MG/info-screens/root/settings/base.py changed, reloading.
2022-03-10 17:52:44,156 django.utils.autoreload INFO     Watching for file changes with StatReloader
2022-03-10 17:54:38,020 django.server INFO     "GET /screens/ HTTP/1.1" 200 16922
2022-03-10 17:54:38,046 django.server INFO     "GET /static/CACHE/css/base.e9ec07212d87.css HTTP/1.1" 200 727
2022-03-10 17:56:28,384 django.server INFO     "GET /screens/ HTTP/1.1" 200 16922
2022-03-10 17:56:28,420 django.server INFO     "GET /static/CACHE/css/base.e9ec07212d87.css HTTP/1.1" 200 727
2022-03-10 17:56:37,351 django.server INFO     "GET /static/CACHE/css/base.e9ec07212d87.css HTTP/1.1" 304 0
2022-03-10 17:59:32,630 django.server INFO     "GET /screens/ HTTP/1.1" 200 16920
2022-03-10 17:59:32,659 django.server INFO     "GET /static/CACHE/css/base.e9ec07212d87.css HTTP/1.1" 200 727
2022-03-10 18:05:06,788 django.server INFO     "GET /screens/ HTTP/1.1" 200 18015
2022-03-10 18:05:06,829 django.server INFO     "GET /static/CACHE/css/base.e9ec07212d87.css HTTP/1.1" 200 727
2022-03-10 18:05:51,415 django.server INFO     "GET /screens/ HTTP/1.1" 200 18012
2022-03-10 18:05:51,450 django.server INFO     "GET /static/CACHE/css/base.e9ec07212d87.css HTTP/1.1" 200 727
2022-03-10 18:07:39,027 django.server INFO     "GET /screens/ HTTP/1.1" 200 17455
2022-03-10 18:07:39,063 django.server INFO     "GET /static/CACHE/css/base.e9ec07212d87.css HTTP/1.1" 200 727
2022-03-10 18:13:32,094 django.request ERROR    Internal Server Error: /screens/
Traceback (most recent call last):
  File "/home/sindre/Dokumenter/MG/info-screens/.venv/lib/python3.7/site-packages/django/core/handlers/exception.py", line 47, in inner
    response = get_response(request)
  File "/home/sindre/Dokumenter/MG/info-screens/.venv/lib/python3.7/site-packages/django/core/handlers/base.py", line 181, in _get_response
    response = wrapped_callback(request, *callback_args, **callback_kwargs)
  File "/home/sindre/Dokumenter/MG/info-screens/.venv/lib/python3.7/site-packages/django/views/generic/base.py", line 70, in view
    return self.dispatch(request, *args, **kwargs)
  File "/home/sindre/Dokumenter/MG/info-screens/.venv/lib/python3.7/site-packages/django/views/generic/base.py", line 98, in dispatch
    return handler(request, *args, **kwargs)
  File "/home/sindre/Dokumenter/MG/info-screens/infoscreen/views.py", line 30, in get
    'screens': screens,
  File "/home/sindre/Dokumenter/MG/info-screens/.venv/lib/python3.7/site-packages/django/shortcuts.py", line 19, in render
    content = loader.render_to_string(template_name, context, request, using=using)
  File "/home/sindre/Dokumenter/MG/info-screens/.venv/lib/python3.7/site-packages/django/template/loader.py", line 62, in render_to_string
    return template.render(context, request)
  File "/home/sindre/Dokumenter/MG/info-screens/.venv/lib/python3.7/site-packages/django/template/backends/django.py", line 61, in render
    return self.template.render(context)
  File "/home/sindre/Dokumenter/MG/info-screens/.venv/lib/python3.7/site-packages/django/template/base.py", line 170, in render
    return self._render(context)
  File "/home/sindre/Dokumenter/MG/info-screens/.venv/lib/python3.7/site-packages/django/test/utils.py", line 100, in instrumented_test_render
    return self.nodelist.render(context)
  File "/home/sindre/Dokumenter/MG/info-screens/.venv/lib/python3.7/site-packages/django/template/base.py", line 938, in render
    bit = node.render_annotated(context)
  File "/home/sindre/Dokumenter/MG/info-screens/.venv/lib/python3.7/site-packages/django/template/base.py", line 905, in render_annotated
    return self.render(context)
  File "/home/sindre/Dokumenter/MG/info-screens/.venv/lib/python3.7/site-packages/django/template/loader_tags.py", line 150, in render
    return compiled_parent._render(context)
  File "/home/sindre/Dokumenter/MG/info-screens/.venv/lib/python3.7/site-packages/django/test/utils.py", line 100, in instrumented_test_render
    return self.nodelist.render(context)
  File "/home/sindre/Dokumenter/MG/info-screens/.venv/lib/python3.7/site-packages/django/template/base.py", line 938, in render
    bit = node.render_annotated(context)
  File "/home/sindre/Dokumenter/MG/info-screens/.venv/lib/python3.7/site-packages/django/template/base.py", line 905, in render_annotated
    return self.render(context)
  File "/home/sindre/Dokumenter/MG/info-screens/.venv/lib/python3.7/site-packages/compressor/templatetags/compress.py", line 151, in render
    return self.render_compressed(context, self.kind, self.mode, forced=forced, log=log, verbosity=verbosity)
  File "/home/sindre/Dokumenter/MG/info-screens/.venv/lib/python3.7/site-packages/compressor/templatetags/compress.py", line 121, in render_compressed
    rendered_output = compressor.output(mode, forced=forced, basename=file_basename)
  File "/home/sindre/Dokumenter/MG/info-screens/.venv/lib/python3.7/site-packages/compressor/css.py", line 46, in output
    ret.append(subnode.output(*args, **kwargs))
  File "/home/sindre/Dokumenter/MG/info-screens/.venv/lib/python3.7/site-packages/compressor/css.py", line 48, in output
    return super().output(*args, **kwargs)
  File "/home/sindre/Dokumenter/MG/info-screens/.venv/lib/python3.7/site-packages/compressor/base.py", line 323, in output
    output = '\n'.join(self.filter_input(forced))
  File "/home/sindre/Dokumenter/MG/info-screens/.venv/lib/python3.7/site-packages/compressor/base.py", line 263, in filter_input
    for hunk in self.hunks(forced):
  File "/home/sindre/Dokumenter/MG/info-screens/.venv/lib/python3.7/site-packages/compressor/base.py", line 237, in hunks
    precompiled, value = self.precompile(value, **options)
  File "/home/sindre/Dokumenter/MG/info-screens/.venv/lib/python3.7/site-packages/compressor/base.py", line 304, in precompile
    return True, filter.input(**kwargs)
  File "/home/sindre/Dokumenter/MG/info-screens/.venv/lib/python3.7/site-packages/django_libsass.py", line 150, in input
    source_comments=SOURCE_COMMENTS)
  File "/home/sindre/Dokumenter/MG/info-screens/.venv/lib/python3.7/site-packages/django_libsass.py", line 135, in compile
    output = sass.compile(**kwargs)
  File "/home/sindre/Dokumenter/MG/info-screens/.venv/lib/python3.7/site-packages/sass.py", line 738, in compile
    raise CompileError(v)
sass.CompileError: Error: Undefined variable: "$light4".
        on line 5:6 of infoscreen/static/infoscreen/scss/base.scss
>> $bg: $light4;

   -----^

2022-03-10 18:13:32,263 django.server ERROR    "GET /screens/ HTTP/1.1" 500 210187
2022-03-10 18:13:40,448 django.server INFO     "GET /screens/ HTTP/1.1" 200 17457
2022-03-10 18:13:40,485 django.server INFO     "GET /static/CACHE/css/base.e9ec07212d87.css HTTP/1.1" 200 727
2022-03-10 18:14:56,038 django.server INFO     "GET /screens/ HTTP/1.1" 200 16920
2022-03-10 18:14:56,074 django.server INFO     "GET /static/CACHE/css/base.e9ec07212d87.css HTTP/1.1" 200 727
2022-03-10 18:16:30,692 django.server INFO     "GET /screens/ HTTP/1.1" 200 17957
2022-03-10 18:16:30,726 django.server INFO     "GET /static/CACHE/css/base.e9ec07212d87.css HTTP/1.1" 200 727
2022-03-10 18:17:02,970 django.server INFO     "GET /screens/ HTTP/1.1" 200 17416
2022-03-10 18:17:03,003 django.server INFO     "GET /static/CACHE/css/base.e9ec07212d87.css HTTP/1.1" 200 727
2022-03-10 18:17:44,866 django.server INFO     "GET /screens/ HTTP/1.1" 200 17434
2022-03-10 18:17:44,896 django.server INFO     "GET /static/CACHE/css/base.e9ec07212d87.css HTTP/1.1" 200 727
2022-03-10 18:19:17,978 django.server INFO     "GET /screens/ HTTP/1.1" 200 17436
2022-03-10 18:19:18,007 django.server INFO     "GET /static/CACHE/css/base.e9ec07212d87.css HTTP/1.1" 200 727
2022-03-10 18:21:53,659 django.server INFO     "GET /screens/ HTTP/1.1" 200 17428
2022-03-10 18:21:53,692 django.server INFO     "GET /static/CACHE/css/base.e9ec07212d87.css HTTP/1.1" 200 727
2022-03-10 18:21:54,533 django.server INFO     "GET /screens/ HTTP/1.1" 200 17426
2022-03-10 18:21:54,560 django.server INFO     "GET /static/CACHE/css/base.e9ec07212d87.css HTTP/1.1" 200 727
2022-03-10 18:22:31,285 django.server INFO     "GET /screens/ HTTP/1.1" 200 17426
2022-03-10 18:22:31,312 django.server INFO     "GET /static/CACHE/css/base.e9ec07212d87.css HTTP/1.1" 200 727
2022-03-10 18:22:52,581 django.request WARNING  Not Found: /screen_list
2022-03-10 18:22:52,581 django.server WARNING  "GET /screen_list HTTP/1.1" 404 12821
2022-03-10 18:23:35,802 django.server INFO     "GET /screens/ HTTP/1.1" 200 17434
2022-03-10 18:23:35,824 django.server INFO     "GET /static/CACHE/css/base.e9ec07212d87.css HTTP/1.1" 200 727
2022-03-10 18:23:36,533 django.server INFO     "GET /screens/ HTTP/1.1" 200 17434
2022-03-10 18:23:36,556 django.server INFO     "GET /static/CACHE/css/base.e9ec07212d87.css HTTP/1.1" 200 727
2022-03-10 18:23:47,369 django.server INFO     "GET /screens/ HTTP/1.1" 200 17434
2022-03-10 18:23:47,396 django.server INFO     "GET /static/CACHE/css/base.e9ec07212d87.css HTTP/1.1" 200 727
2022-03-10 18:25:29,563 django.server INFO     "GET /screens/ HTTP/1.1" 200 17426
2022-03-10 18:25:29,590 django.server INFO     "GET /static/CACHE/css/base.e9ec07212d87.css HTTP/1.1" 200 727
2022-03-10 18:25:30,568 django.server INFO     "GET /screens/ HTTP/1.1" 200 17426
2022-03-10 18:25:30,596 django.server INFO     "GET /static/CACHE/css/base.e9ec07212d87.css HTTP/1.1" 200 727
2022-03-10 18:25:36,838 django.server INFO     "GET /screens/ HTTP/1.1" 200 17446
2022-03-10 18:25:36,864 django.server INFO     "GET /static/CACHE/css/base.e9ec07212d87.css HTTP/1.1" 200 727
2022-03-10 18:26:08,437 django.server INFO     "GET /screens/ HTTP/1.1" 200 17612
2022-03-10 18:26:08,468 django.server INFO     "GET /static/CACHE/css/base.e9ec07212d87.css HTTP/1.1" 200 727
2022-03-10 18:27:06,153 django.server INFO     "GET /screens/ HTTP/1.1" 200 17643
2022-03-10 18:27:06,182 django.server INFO     "GET /static/CACHE/css/base.e9ec07212d87.css HTTP/1.1" 200 727
2022-03-10 18:29:23,213 django.server INFO     "GET /screens/ HTTP/1.1" 200 17696
2022-03-10 18:29:23,239 django.server INFO     "GET /static/CACHE/css/base.e9ec07212d87.css HTTP/1.1" 200 727
2022-03-10 18:29:30,360 django.server INFO     "GET /screens/ HTTP/1.1" 200 17748
2022-03-10 18:29:30,388 django.server INFO     "GET /static/CACHE/css/base.e9ec07212d87.css HTTP/1.1" 200 727
2022-03-10 19:06:58,592 django.server INFO     "GET /screens/ HTTP/1.1" 200 17477
2022-03-10 19:06:58,625 django.server INFO     "GET /static/CACHE/css/base.e9ec07212d87.css HTTP/1.1" 200 727
2022-03-10 19:07:05,727 django.server INFO     "GET /admin/infoscreen/image/ HTTP/1.1" 200 15883
2022-03-10 19:07:05,818 django.server INFO     "GET /admin/jsi18n/ HTTP/1.1" 200 3195
2022-03-10 19:07:17,395 django.server INFO     "GET /admin/infoscreen/screen/add/ HTTP/1.1" 200 20290
2022-03-10 19:07:17,421 django.server INFO     "GET /static/admin/css/forms.css HTTP/1.1" 200 8804
2022-03-10 19:07:17,435 django.server INFO     "GET /static/admin/js/SelectBox.js HTTP/1.1" 200 4360
2022-03-10 19:07:17,436 django.server INFO     "GET /static/admin/js/SelectFilter2.js HTTP/1.1" 200 12350
2022-03-10 19:07:17,492 django.server INFO     "GET /static/admin/css/widgets.css HTTP/1.1" 200 11097
2022-03-10 19:07:17,494 django.server INFO     "GET /static/admin/js/prepopulate_init.js HTTP/1.1" 200 492
2022-03-10 19:07:17,505 django.server INFO     "GET /admin/jsi18n/ HTTP/1.1" 200 3195
2022-03-10 19:07:17,506 django.server INFO     "GET /static/admin/js/change_form.js HTTP/1.1" 200 606
2022-03-10 19:07:17,560 django.server INFO     "GET /static/admin/img/icon-unknown.svg HTTP/1.1" 200 655
2022-03-10 19:07:17,561 django.server INFO     "GET /static/admin/img/selector-icons.svg HTTP/1.1" 200 3291
2022-03-10 19:07:17,561 django.server INFO     "GET /static/admin/img/icon-unknown-alt.svg HTTP/1.1" 200 655
2022-03-10 19:07:26,189 django.server INFO     "POST /admin/infoscreen/screen/add/ HTTP/1.1" 200 20449
2022-03-10 19:07:26,271 django.server INFO     "GET /admin/jsi18n/ HTTP/1.1" 200 3195
2022-03-10 19:07:31,661 django.server INFO     "POST /admin/infoscreen/screen/add/ HTTP/1.1" 302 0
2022-03-10 19:07:31,827 django.server INFO     "GET /admin/infoscreen/screen/ HTTP/1.1" 200 17264
2022-03-10 19:07:31,927 django.server INFO     "GET /admin/jsi18n/ HTTP/1.1" 200 3195
2022-03-10 19:07:31,952 django.server INFO     "GET /static/admin/img/icon-yes.svg HTTP/1.1" 200 436
2022-03-10 19:07:35,816 django.server INFO     "GET /screens/ HTTP/1.1" 200 17600
2022-03-10 19:07:35,841 django.server INFO     "GET /static/CACHE/css/base.e9ec07212d87.css HTTP/1.1" 200 727
2022-03-10 19:07:35,866 django.server WARNING  "GET /static/img/default.jpg HTTP/1.1" 404 1905
2022-03-10 19:07:49,339 django.server INFO     "GET /admin/infoscreen/screen/1/change/ HTTP/1.1" 200 20709
2022-03-10 19:07:49,423 django.server INFO     "GET /admin/jsi18n/ HTTP/1.1" 200 3195
2022-03-10 19:07:57,685 django.server INFO     "GET /admin/infoscreen/image/add/?_to_field=id&_popup=1 HTTP/1.1" 200 14966
2022-03-10 19:07:57,932 django.server INFO     "GET /admin/jsi18n/ HTTP/1.1" 200 3195
2022-03-10 19:08:25,552 django.server INFO     "GET /admin/infoscreen/image/add/?_to_field=id&_popup=1 HTTP/1.1" 200 14966
2022-03-10 19:08:25,635 django.server INFO     "GET /admin/jsi18n/ HTTP/1.1" 200 3195
2022-03-10 19:08:34,032 django.server INFO     "POST /admin/infoscreen/image/add/?_to_field=id&_popup=1 HTTP/1.1" 200 10351
2022-03-10 19:08:34,074 django.server INFO     "GET /static/admin/js/popup_response.js HTTP/1.1" 200 551
2022-03-10 19:08:37,508 django.server INFO     "GET /screens/ HTTP/1.1" 200 17602
2022-03-10 19:08:37,538 django.server INFO     "GET /static/CACHE/css/base.e9ec07212d87.css HTTP/1.1" 200 727
2022-03-10 19:08:37,556 django.server WARNING  "GET /static/img/default.jpg HTTP/1.1" 404 1905
2022-03-10 19:08:38,363 django.server INFO     "GET /screens/ HTTP/1.1" 200 17600
2022-03-10 19:08:38,393 django.server INFO     "GET /static/CACHE/css/base.e9ec07212d87.css HTTP/1.1" 200 727
2022-03-10 19:08:38,394 django.server WARNING  "GET /static/img/default.jpg HTTP/1.1" 404 1905
2022-03-10 19:08:50,395 django.server INFO     "GET /screens/ HTTP/1.1" 200 17600
2022-03-10 19:08:50,431 django.server INFO     "GET /static/CACHE/css/base.e9ec07212d87.css HTTP/1.1" 200 727
2022-03-10 19:08:50,432 django.server WARNING  "GET /static/img/default.jpg HTTP/1.1" 404 1905
2022-03-10 19:08:51,028 django.server INFO     "GET /screens/ HTTP/1.1" 200 17600
2022-03-10 19:08:51,063 django.server INFO     "GET /static/CACHE/css/base.e9ec07212d87.css HTTP/1.1" 304 0
2022-03-10 19:08:51,064 django.server WARNING  "GET /static/img/default.jpg HTTP/1.1" 404 1905
2022-03-10 19:09:08,560 django.server INFO     "GET /screens/ HTTP/1.1" 200 17600
2022-03-10 19:09:08,598 django.server INFO     "GET /static/CACHE/css/base.e9ec07212d87.css HTTP/1.1" 200 727
2022-03-10 19:09:08,600 django.server WARNING  "GET /static/img/default.jpg HTTP/1.1" 404 1905
2022-03-10 19:09:09,493 django.server INFO     "GET /screens/ HTTP/1.1" 200 17600
2022-03-10 19:09:09,527 django.server INFO     "GET /static/CACHE/css/base.e9ec07212d87.css HTTP/1.1" 200 727
2022-03-10 19:09:09,527 django.server WARNING  "GET /static/img/default.jpg HTTP/1.1" 404 1905
2022-03-10 19:09:23,777 django.server INFO     "GET /screens/ HTTP/1.1" 200 17633
2022-03-10 19:09:23,809 django.server INFO     "GET /static/CACHE/css/base.e9ec07212d87.css HTTP/1.1" 200 727
2022-03-10 19:09:23,810 django.server WARNING  "GET /static/img/default.jpg HTTP/1.1" 404 1905
2022-03-10 19:09:33,062 django.server INFO     "GET /screens/ HTTP/1.1" 200 17633
2022-03-10 19:09:33,091 django.server INFO     "GET /static/CACHE/css/base.e9ec07212d87.css HTTP/1.1" 200 727
2022-03-10 19:09:33,092 django.server WARNING  "GET /static/img/default.jpg HTTP/1.1" 404 1905
2022-03-10 19:09:34,071 django.server INFO     "GET /screens/ HTTP/1.1" 200 17633
2022-03-10 19:09:34,119 django.server INFO     "GET /static/CACHE/css/base.e9ec07212d87.css HTTP/1.1" 200 727
2022-03-10 19:09:34,120 django.server WARNING  "GET /static/img/default.jpg HTTP/1.1" 404 1905
2022-03-10 19:09:38,267 django.server INFO     "POST /admin/infoscreen/screen/1/change/ HTTP/1.1" 302 0
2022-03-10 19:09:38,432 django.server INFO     "GET /admin/infoscreen/screen/ HTTP/1.1" 200 17634
2022-03-10 19:09:38,523 django.server INFO     "GET /admin/jsi18n/ HTTP/1.1" 200 3195
2022-03-10 19:09:40,459 django.server INFO     "GET /screens/ HTTP/1.1" 200 17633
2022-03-10 19:09:40,486 django.server INFO     "GET /static/CACHE/css/base.e9ec07212d87.css HTTP/1.1" 200 727
2022-03-10 19:09:40,547 django.server WARNING  "GET /static/img/default.jpg HTTP/1.1" 404 1905
2022-03-10 19:09:41,438 django.server INFO     "GET /screens/ HTTP/1.1" 200 17633
2022-03-10 19:09:41,472 django.server INFO     "GET /static/CACHE/css/base.e9ec07212d87.css HTTP/1.1" 200 727
2022-03-10 19:09:41,473 django.server WARNING  "GET /static/img/default.jpg HTTP/1.1" 404 1905
2022-03-10 19:09:54,005 django.server INFO     "GET /screens/ HTTP/1.1" 200 17634
2022-03-10 19:09:54,036 django.server INFO     "GET /static/CACHE/css/base.e9ec07212d87.css HTTP/1.1" 200 727
2022-03-10 19:09:54,043 django.server WARNING  "GET /static/img/default.jpg HTTP/1.1" 404 1905
2022-03-10 19:09:54,829 django.server INFO     "GET /screens/ HTTP/1.1" 200 17634
2022-03-10 19:09:54,857 django.server INFO     "GET /static/CACHE/css/base.e9ec07212d87.css HTTP/1.1" 200 727
2022-03-10 19:09:54,858 django.server WARNING  "GET /static/img/default.jpg HTTP/1.1" 404 1905
2022-03-10 19:10:08,875 django.server INFO     "GET /admin/infoscreen/screen/1/change/ HTTP/1.1" 200 20753
2022-03-10 19:10:08,982 django.server INFO     "GET /admin/jsi18n/ HTTP/1.1" 200 3195
2022-03-10 19:10:18,827 django.server INFO     "POST /admin/infoscreen/screen/1/change/ HTTP/1.1" 302 0
2022-03-10 19:10:19,048 django.server INFO     "GET /admin/infoscreen/screen/ HTTP/1.1" 200 17634
2022-03-10 19:10:19,128 django.server INFO     "GET /admin/jsi18n/ HTTP/1.1" 200 3195
2022-03-10 19:10:22,742 django.server INFO     "GET /screens/ HTTP/1.1" 200 17636
2022-03-10 19:10:22,779 django.server INFO     "GET /static/CACHE/css/base.e9ec07212d87.css HTTP/1.1" 200 727
2022-03-10 19:10:22,779 django.server WARNING  "GET /static/img/default.jpg HTTP/1.1" 404 1905
2022-03-10 19:10:23,510 django.server INFO     "GET /screens/ HTTP/1.1" 200 17636
2022-03-10 19:10:23,550 django.server INFO     "GET /static/CACHE/css/base.e9ec07212d87.css HTTP/1.1" 200 727
2022-03-10 19:10:23,551 django.server WARNING  "GET /static/img/default.jpg HTTP/1.1" 404 1905
2022-03-10 19:10:36,142 django.server INFO     "GET /admin/infoscreen/screen/ HTTP/1.1" 200 17429
2022-03-10 19:10:36,235 django.server INFO     "GET /admin/jsi18n/ HTTP/1.1" 200 3195
2022-03-10 19:10:37,871 django.server INFO     "GET /screens/ HTTP/1.1" 200 17634
2022-03-10 19:10:37,906 django.server INFO     "GET /static/CACHE/css/base.e9ec07212d87.css HTTP/1.1" 200 727
2022-03-10 19:10:37,909 django.server WARNING  "GET /static/img/default.jpg HTTP/1.1" 404 1905
2022-03-10 19:10:40,182 django.server INFO     "GET /admin/infoscreen/screen/1/change/ HTTP/1.1" 200 20744
2022-03-10 19:10:40,284 django.server INFO     "GET /admin/jsi18n/ HTTP/1.1" 200 3195
2022-03-10 19:10:53,890 django.server INFO     "POST /admin/infoscreen/screen/1/change/ HTTP/1.1" 302 0
2022-03-10 19:10:54,048 django.server INFO     "GET /admin/infoscreen/screen/ HTTP/1.1" 200 17634
2022-03-10 19:10:54,195 django.server INFO     "GET /admin/jsi18n/ HTTP/1.1" 200 3195
2022-03-10 19:10:57,341 django.server INFO     "GET /admin/infoscreen/screen/?images__id__exact=1 HTTP/1.1" 200 17727
2022-03-10 19:10:57,482 django.server INFO     "GET /admin/jsi18n/ HTTP/1.1" 200 3195
2022-03-10 19:11:00,629 django.server INFO     "GET /admin/infoscreen/image/ HTTP/1.1" 200 17522
2022-03-10 19:11:00,702 django.server INFO     "GET /admin/jsi18n/ HTTP/1.1" 200 3195
2022-03-10 19:11:00,772 django.server INFO     "GET /static/admin/img/sorting-icons.svg HTTP/1.1" 200 1097
2022-03-10 19:11:03,121 django.server INFO     "GET /admin/infoscreen/image/1/change/ HTTP/1.1" 200 18924
2022-03-10 19:11:03,197 django.server INFO     "GET /admin/jsi18n/ HTTP/1.1" 200 3195
2022-03-10 19:11:06,344 django.server INFO     "GET /admin/infoscreen/screen/ HTTP/1.1" 200 17429
2022-03-10 19:11:06,433 django.server INFO     "GET /admin/jsi18n/ HTTP/1.1" 200 3195
2022-03-10 19:11:31,101 django.server INFO     "GET /screens/ HTTP/1.1" 200 17634
2022-03-10 19:11:31,128 django.server INFO     "GET /static/CACHE/css/base.e9ec07212d87.css HTTP/1.1" 200 727
2022-03-10 19:11:31,143 django.server WARNING  "GET /static/img/default.jpg HTTP/1.1" 404 1905
2022-03-10 19:11:31,839 django.server INFO     "GET /screens/ HTTP/1.1" 200 17634
2022-03-10 19:11:31,872 django.server INFO     "GET /static/CACHE/css/base.e9ec07212d87.css HTTP/1.1" 304 0
2022-03-10 19:11:31,873 django.server WARNING  "GET /static/img/default.jpg HTTP/1.1" 404 1905
2022-03-10 19:11:50,629 django.server INFO     "GET /screens/ HTTP/1.1" 200 17634
2022-03-10 19:11:50,663 django.server INFO     "GET /static/CACHE/css/base.e9ec07212d87.css HTTP/1.1" 200 727
2022-03-10 19:11:50,666 django.server WARNING  "GET /static/img/default.jpg HTTP/1.1" 404 1905
2022-03-10 19:11:51,265 django.server INFO     "GET /screens/ HTTP/1.1" 200 17634
2022-03-10 19:11:51,301 django.server INFO     "GET /static/CACHE/css/base.e9ec07212d87.css HTTP/1.1" 200 727
2022-03-10 19:11:51,303 django.server WARNING  "GET /static/img/default.jpg HTTP/1.1" 404 1905
2022-03-10 19:14:20,741 django.server INFO     "GET /admin/infoscreen/screen/1/change/ HTTP/1.1" 200 20753
2022-03-10 19:14:20,825 django.server INFO     "GET /admin/jsi18n/ HTTP/1.1" 200 3195
2022-03-10 19:14:31,709 django.server INFO     "GET /screens/ HTTP/1.1" 200 17634
2022-03-10 19:14:31,737 django.server INFO     "GET /static/CACHE/css/base.e9ec07212d87.css HTTP/1.1" 200 727
2022-03-10 19:14:31,767 django.server WARNING  "GET /static/img/default.jpg HTTP/1.1" 404 1905
2022-03-10 19:15:04,493 django.server INFO     "GET /screens/ HTTP/1.1" 200 17633
2022-03-10 19:15:04,524 django.server INFO     "GET /static/CACHE/css/base.e9ec07212d87.css HTTP/1.1" 200 727
2022-03-10 19:15:04,584 django.request WARNING  Not Found: /screens/screen.images.first.url/
2022-03-10 19:15:04,585 django.server WARNING  "GET /screens/screen.images.first.url/ HTTP/1.1" 404 12905
2022-03-10 19:16:00,172 django.server INFO     "GET /screens/ HTTP/1.1" 200 17646
2022-03-10 19:16:00,200 django.server INFO     "GET /static/CACHE/css/base.e9ec07212d87.css HTTP/1.1" 200 727
2022-03-10 19:16:00,266 django.request WARNING  Not Found: /screens/screen.images.first.url/
2022-03-10 19:16:00,266 django.server WARNING  "GET /screens/screen.images.first.url/ HTTP/1.1" 404 12905
2022-03-10 19:16:22,051 django.server INFO     "GET /admin/infoscreen/image/ HTTP/1.1" 200 17522
2022-03-10 19:16:22,175 django.server INFO     "GET /admin/jsi18n/ HTTP/1.1" 200 3195
2022-03-10 19:17:06,492 django.server INFO     "GET /admin/infoscreen/image/ HTTP/1.1" 200 17522
2022-03-10 19:17:06,576 django.server INFO     "GET /admin/jsi18n/ HTTP/1.1" 200 3195
2022-03-10 19:17:09,322 django.server INFO     "GET /screens/ HTTP/1.1" 200 17599
2022-03-10 19:17:09,353 django.server INFO     "GET /static/CACHE/css/base.e9ec07212d87.css HTTP/1.1" 200 727
2022-03-10 19:17:09,399 django.request WARNING  Not Found: /screens/screen.images.first.url/
2022-03-10 19:17:09,400 django.server WARNING  "GET /screens/screen.images.first.url/ HTTP/1.1" 404 12905
2022-03-10 19:17:10,242 django.server INFO     "GET /screens/ HTTP/1.1" 200 17601
2022-03-10 19:17:10,274 django.server INFO     "GET /static/CACHE/css/base.e9ec07212d87.css HTTP/1.1" 200 727
2022-03-10 19:17:10,314 django.request WARNING  Not Found: /screens/screen.images.first.url/
2022-03-10 19:17:10,315 django.server WARNING  "GET /screens/screen.images.first.url/ HTTP/1.1" 404 12905
2022-03-10 19:17:47,276 django.server INFO     "GET /admin/infoscreen/screen/ HTTP/1.1" 200 17429
2022-03-10 19:17:47,347 django.server INFO     "GET /admin/jsi18n/ HTTP/1.1" 200 3195
2022-03-10 19:17:50,698 django.server INFO     "GET /admin/infoscreen/screen/add/ HTTP/1.1" 200 20325
2022-03-10 19:17:50,789 django.server INFO     "GET /admin/jsi18n/ HTTP/1.1" 200 3195
2022-03-10 19:17:58,887 django.server INFO     "POST /admin/infoscreen/screen/add/ HTTP/1.1" 200 20508
2022-03-10 19:17:58,975 django.server INFO     "GET /admin/jsi18n/ HTTP/1.1" 200 3195
2022-03-10 19:18:04,438 django.server INFO     "POST /admin/infoscreen/screen/add/ HTTP/1.1" 302 0
2022-03-10 19:18:04,676 django.server INFO     "GET /admin/infoscreen/screen/ HTTP/1.1" 200 17841
2022-03-10 19:18:04,754 django.server INFO     "GET /admin/jsi18n/ HTTP/1.1" 200 3195
2022-03-10 19:18:06,635 django.server INFO     "GET /admin/infoscreen/screen/add/ HTTP/1.1" 200 20325
2022-03-10 19:18:06,728 django.server INFO     "GET /admin/jsi18n/ HTTP/1.1" 200 3195
2022-03-10 19:18:11,918 django.server INFO     "POST /admin/infoscreen/screen/add/ HTTP/1.1" 302 0
2022-03-10 19:18:12,080 django.server INFO     "GET /admin/infoscreen/screen/ HTTP/1.1" 200 18049
2022-03-10 19:18:12,214 django.server INFO     "GET /admin/jsi18n/ HTTP/1.1" 200 3195
2022-03-10 19:18:14,073 django.server INFO     "GET /admin/infoscreen/screen/add/ HTTP/1.1" 200 20325
2022-03-10 19:18:14,165 django.server INFO     "GET /admin/jsi18n/ HTTP/1.1" 200 3195
2022-03-10 19:18:20,406 django.server INFO     "POST /admin/infoscreen/screen/add/ HTTP/1.1" 302 0
2022-03-10 19:18:20,596 django.server INFO     "GET /admin/infoscreen/screen/ HTTP/1.1" 200 18257
2022-03-10 19:18:20,745 django.server INFO     "GET /admin/jsi18n/ HTTP/1.1" 200 3195
2022-03-10 19:18:23,174 django.server INFO     "GET /screens/ HTTP/1.1" 200 17976
2022-03-10 19:18:23,200 django.server INFO     "GET /static/CACHE/css/base.e9ec07212d87.css HTTP/1.1" 200 727
2022-03-10 19:18:23,246 django.request WARNING  Not Found: /screens/screen.images.first.url/
2022-03-10 19:18:23,247 django.server WARNING  "GET /screens/screen.images.first.url/ HTTP/1.1" 404 12905
2022-03-10 19:18:23,255 django.server WARNING  "GET /static/img/default.jpg HTTP/1.1" 404 1905
2022-03-10 19:18:23,353 django.server WARNING  "GET /static/img/default.jpg HTTP/1.1" 404 1905
2022-03-10 19:19:18,807 django.server INFO     "GET /screens/ HTTP/1.1" 200 18292
2022-03-10 19:19:18,863 django.server INFO     "GET /static/CACHE/css/base.e9ec07212d87.css HTTP/1.1" 200 727
2022-03-10 19:19:18,872 django.server WARNING  "GET /static/img/default.jpg HTTP/1.1" 404 1905
2022-03-10 19:19:18,902 django.request WARNING  Not Found: /screens/screen.images.first.url/
2022-03-10 19:19:18,903 django.server WARNING  "GET /screens/screen.images.first.url/ HTTP/1.1" 404 12905
2022-03-10 19:19:27,211 django.server INFO     "GET /static/CACHE/css/base.e9ec07212d87.css HTTP/1.1" 304 0
2022-03-10 19:20:02,141 django.server INFO     "GET /screens/ HTTP/1.1" 200 18337
2022-03-10 19:20:02,175 django.server INFO     "GET /static/CACHE/css/base.e9ec07212d87.css HTTP/1.1" 200 727
2022-03-10 19:20:02,263 django.server WARNING  "GET /static/img/default.jpg HTTP/1.1" 404 1905
2022-03-10 19:20:32,069 django.server INFO     "GET /admin/infoscreen/screen/1/change/ HTTP/1.1" 200 20753
2022-03-10 19:20:32,163 django.server INFO     "GET /admin/jsi18n/ HTTP/1.1" 200 3195
2022-03-10 19:20:35,545 django.server INFO     "GET /admin/infoscreen/image/ HTTP/1.1" 200 17522
2022-03-10 19:20:35,733 django.server INFO     "GET /admin/jsi18n/ HTTP/1.1" 200 3195
2022-03-10 19:23:09,185 django.request ERROR    Internal Server Error: /screens/
Traceback (most recent call last):
  File "/home/sindre/Dokumenter/MG/info-screens/.venv/lib/python3.7/site-packages/django/template/base.py", line 470, in parse
    compile_func = self.tags[command]
KeyError: 'screen.images.first.url'

During handling of the above exception, another exception occurred:

Traceback (most recent call last):
  File "/home/sindre/Dokumenter/MG/info-screens/.venv/lib/python3.7/site-packages/django/core/handlers/exception.py", line 47, in inner
    response = get_response(request)
  File "/home/sindre/Dokumenter/MG/info-screens/.venv/lib/python3.7/site-packages/django/core/handlers/base.py", line 181, in _get_response
    response = wrapped_callback(request, *callback_args, **callback_kwargs)
  File "/home/sindre/Dokumenter/MG/info-screens/.venv/lib/python3.7/site-packages/django/views/generic/base.py", line 70, in view
    return self.dispatch(request, *args, **kwargs)
  File "/home/sindre/Dokumenter/MG/info-screens/.venv/lib/python3.7/site-packages/django/views/generic/base.py", line 98, in dispatch
    return handler(request, *args, **kwargs)
  File "/home/sindre/Dokumenter/MG/info-screens/infoscreen/views.py", line 30, in get
    'screens': screens,
  File "/home/sindre/Dokumenter/MG/info-screens/.venv/lib/python3.7/site-packages/django/shortcuts.py", line 19, in render
    content = loader.render_to_string(template_name, context, request, using=using)
  File "/home/sindre/Dokumenter/MG/info-screens/.venv/lib/python3.7/site-packages/django/template/loader.py", line 61, in render_to_string
    template = get_template(template_name, using=using)
  File "/home/sindre/Dokumenter/MG/info-screens/.venv/lib/python3.7/site-packages/django/template/loader.py", line 15, in get_template
    return engine.get_template(template_name)
  File "/home/sindre/Dokumenter/MG/info-screens/.venv/lib/python3.7/site-packages/django/template/backends/django.py", line 34, in get_template
    return Template(self.engine.get_template(template_name), self)
  File "/home/sindre/Dokumenter/MG/info-screens/.venv/lib/python3.7/site-packages/django/template/engine.py", line 143, in get_template
    template, origin = self.find_template(template_name)
  File "/home/sindre/Dokumenter/MG/info-screens/.venv/lib/python3.7/site-packages/django/template/engine.py", line 125, in find_template
    template = loader.get_template(name, skip=skip)
  File "/home/sindre/Dokumenter/MG/info-screens/.venv/lib/python3.7/site-packages/django/template/loaders/base.py", line 30, in get_template
    contents, origin, origin.template_name, self.engine,
  File "/home/sindre/Dokumenter/MG/info-screens/.venv/lib/python3.7/site-packages/django/template/base.py", line 155, in __init__
    self.nodelist = self.compile_nodelist()
  File "/home/sindre/Dokumenter/MG/info-screens/.venv/lib/python3.7/site-packages/django/template/base.py", line 193, in compile_nodelist
    return parser.parse()
  File "/home/sindre/Dokumenter/MG/info-screens/.venv/lib/python3.7/site-packages/django/template/base.py", line 478, in parse
    raise self.error(token, e)
  File "/home/sindre/Dokumenter/MG/info-screens/.venv/lib/python3.7/site-packages/django/template/base.py", line 476, in parse
    compiled_result = compile_func(self, token)
  File "/home/sindre/Dokumenter/MG/info-screens/.venv/lib/python3.7/site-packages/django/template/loader_tags.py", line 278, in do_extends
    nodelist = parser.parse()
  File "/home/sindre/Dokumenter/MG/info-screens/.venv/lib/python3.7/site-packages/django/template/base.py", line 478, in parse
    raise self.error(token, e)
  File "/home/sindre/Dokumenter/MG/info-screens/.venv/lib/python3.7/site-packages/django/template/base.py", line 476, in parse
    compiled_result = compile_func(self, token)
  File "/home/sindre/Dokumenter/MG/info-screens/.venv/lib/python3.7/site-packages/django/template/loader_tags.py", line 216, in do_block
    nodelist = parser.parse(('endblock',))
  File "/home/sindre/Dokumenter/MG/info-screens/.venv/lib/python3.7/site-packages/django/template/base.py", line 478, in parse
    raise self.error(token, e)
  File "/home/sindre/Dokumenter/MG/info-screens/.venv/lib/python3.7/site-packages/django/template/base.py", line 476, in parse
    compiled_result = compile_func(self, token)
  File "/home/sindre/Dokumenter/MG/info-screens/.venv/lib/python3.7/site-packages/django/template/defaulttags.py", line 817, in do_for
    nodelist_loop = parser.parse(('empty', 'endfor',))
  File "/home/sindre/Dokumenter/MG/info-screens/.venv/lib/python3.7/site-packages/django/template/base.py", line 478, in parse
    raise self.error(token, e)
  File "/home/sindre/Dokumenter/MG/info-screens/.venv/lib/python3.7/site-packages/django/template/base.py", line 476, in parse
    compiled_result = compile_func(self, token)
  File "/home/sindre/Dokumenter/MG/info-screens/.venv/lib/python3.7/site-packages/django/template/defaulttags.py", line 968, in do_if
    nodelist = parser.parse(('elif', 'else', 'endif'))
  File "/home/sindre/Dokumenter/MG/info-screens/.venv/lib/python3.7/site-packages/django/template/base.py", line 472, in parse
    self.invalid_block_tag(token, command, parse_until)
  File "/home/sindre/Dokumenter/MG/info-screens/.venv/lib/python3.7/site-packages/django/template/base.py", line 528, in invalid_block_tag
    get_text_list(["'%s'" % p for p in parse_until], 'or'),
django.template.exceptions.TemplateSyntaxError: Invalid block tag on line 20: 'screen.images.first.url', expected 'elif', 'else' or 'endif'. Did you forget to register or load this tag?
2022-03-10 19:23:09,254 django.server ERROR    "GET /screens/ HTTP/1.1" 500 219389
2022-03-10 19:23:27,463 django.request ERROR    Internal Server Error: /screens/
Traceback (most recent call last):
  File "/home/sindre/Dokumenter/MG/info-screens/.venv/lib/python3.7/site-packages/django/template/base.py", line 470, in parse
    compile_func = self.tags[command]
KeyError: 'screen.images.first.url'

During handling of the above exception, another exception occurred:

Traceback (most recent call last):
  File "/home/sindre/Dokumenter/MG/info-screens/.venv/lib/python3.7/site-packages/django/core/handlers/exception.py", line 47, in inner
    response = get_response(request)
  File "/home/sindre/Dokumenter/MG/info-screens/.venv/lib/python3.7/site-packages/django/core/handlers/base.py", line 181, in _get_response
    response = wrapped_callback(request, *callback_args, **callback_kwargs)
  File "/home/sindre/Dokumenter/MG/info-screens/.venv/lib/python3.7/site-packages/django/views/generic/base.py", line 70, in view
    return self.dispatch(request, *args, **kwargs)
  File "/home/sindre/Dokumenter/MG/info-screens/.venv/lib/python3.7/site-packages/django/views/generic/base.py", line 98, in dispatch
    return handler(request, *args, **kwargs)
  File "/home/sindre/Dokumenter/MG/info-screens/infoscreen/views.py", line 30, in get
    'screens': screens,
  File "/home/sindre/Dokumenter/MG/info-screens/.venv/lib/python3.7/site-packages/django/shortcuts.py", line 19, in render
    content = loader.render_to_string(template_name, context, request, using=using)
  File "/home/sindre/Dokumenter/MG/info-screens/.venv/lib/python3.7/site-packages/django/template/loader.py", line 61, in render_to_string
    template = get_template(template_name, using=using)
  File "/home/sindre/Dokumenter/MG/info-screens/.venv/lib/python3.7/site-packages/django/template/loader.py", line 15, in get_template
    return engine.get_template(template_name)
  File "/home/sindre/Dokumenter/MG/info-screens/.venv/lib/python3.7/site-packages/django/template/backends/django.py", line 34, in get_template
    return Template(self.engine.get_template(template_name), self)
  File "/home/sindre/Dokumenter/MG/info-screens/.venv/lib/python3.7/site-packages/django/template/engine.py", line 143, in get_template
    template, origin = self.find_template(template_name)
  File "/home/sindre/Dokumenter/MG/info-screens/.venv/lib/python3.7/site-packages/django/template/engine.py", line 125, in find_template
    template = loader.get_template(name, skip=skip)
  File "/home/sindre/Dokumenter/MG/info-screens/.venv/lib/python3.7/site-packages/django/template/loaders/base.py", line 30, in get_template
    contents, origin, origin.template_name, self.engine,
  File "/home/sindre/Dokumenter/MG/info-screens/.venv/lib/python3.7/site-packages/django/template/base.py", line 155, in __init__
    self.nodelist = self.compile_nodelist()
  File "/home/sindre/Dokumenter/MG/info-screens/.venv/lib/python3.7/site-packages/django/template/base.py", line 193, in compile_nodelist
    return parser.parse()
  File "/home/sindre/Dokumenter/MG/info-screens/.venv/lib/python3.7/site-packages/django/template/base.py", line 478, in parse
    raise self.error(token, e)
  File "/home/sindre/Dokumenter/MG/info-screens/.venv/lib/python3.7/site-packages/django/template/base.py", line 476, in parse
    compiled_result = compile_func(self, token)
  File "/home/sindre/Dokumenter/MG/info-screens/.venv/lib/python3.7/site-packages/django/template/loader_tags.py", line 278, in do_extends
    nodelist = parser.parse()
  File "/home/sindre/Dokumenter/MG/info-screens/.venv/lib/python3.7/site-packages/django/template/base.py", line 478, in parse
    raise self.error(token, e)
  File "/home/sindre/Dokumenter/MG/info-screens/.venv/lib/python3.7/site-packages/django/template/base.py", line 476, in parse
    compiled_result = compile_func(self, token)
  File "/home/sindre/Dokumenter/MG/info-screens/.venv/lib/python3.7/site-packages/django/template/loader_tags.py", line 216, in do_block
    nodelist = parser.parse(('endblock',))
  File "/home/sindre/Dokumenter/MG/info-screens/.venv/lib/python3.7/site-packages/django/template/base.py", line 478, in parse
    raise self.error(token, e)
  File "/home/sindre/Dokumenter/MG/info-screens/.venv/lib/python3.7/site-packages/django/template/base.py", line 476, in parse
    compiled_result = compile_func(self, token)
  File "/home/sindre/Dokumenter/MG/info-screens/.venv/lib/python3.7/site-packages/django/template/defaulttags.py", line 817, in do_for
    nodelist_loop = parser.parse(('empty', 'endfor',))
  File "/home/sindre/Dokumenter/MG/info-screens/.venv/lib/python3.7/site-packages/django/template/base.py", line 478, in parse
    raise self.error(token, e)
  File "/home/sindre/Dokumenter/MG/info-screens/.venv/lib/python3.7/site-packages/django/template/base.py", line 476, in parse
    compiled_result = compile_func(self, token)
  File "/home/sindre/Dokumenter/MG/info-screens/.venv/lib/python3.7/site-packages/django/template/defaulttags.py", line 968, in do_if
    nodelist = parser.parse(('elif', 'else', 'endif'))
  File "/home/sindre/Dokumenter/MG/info-screens/.venv/lib/python3.7/site-packages/django/template/base.py", line 472, in parse
    self.invalid_block_tag(token, command, parse_until)
  File "/home/sindre/Dokumenter/MG/info-screens/.venv/lib/python3.7/site-packages/django/template/base.py", line 528, in invalid_block_tag
    get_text_list(["'%s'" % p for p in parse_until], 'or'),
django.template.exceptions.TemplateSyntaxError: Invalid block tag on line 20: 'screen.images.first.url', expected 'elif', 'else' or 'endif'. Did you forget to register or load this tag?
2022-03-10 19:23:27,544 django.server ERROR    "GET /screens/ HTTP/1.1" 500 219373
2022-03-10 19:23:44,395 django.server INFO     "GET /screens/ HTTP/1.1" 200 18325
2022-03-10 19:23:44,439 django.server INFO     "GET /static/CACHE/css/base.e9ec07212d87.css HTTP/1.1" 200 727
2022-03-10 19:23:44,555 django.server WARNING  "GET /static/img/default.jpg HTTP/1.1" 404 1905
2022-03-10 19:25:40,649 django.server INFO     "GET /screens/ HTTP/1.1" 200 18327
2022-03-10 19:25:40,683 django.server INFO     "GET /static/CACHE/css/base.e9ec07212d87.css HTTP/1.1" 200 727
2022-03-10 19:25:40,809 django.server WARNING  "GET /static/img/default.jpg HTTP/1.1" 404 1905
2022-03-10 19:26:15,938 django.server INFO     "GET /screens/ HTTP/1.1" 200 18341
2022-03-10 19:26:15,967 django.server INFO     "GET /static/CACHE/css/base.e9ec07212d87.css HTTP/1.1" 200 727
2022-03-10 19:26:16,010 django.server WARNING  "GET /static/img/default.jpg HTTP/1.1" 404 1905
2022-03-10 19:26:25,480 django.server INFO     "GET /screens/ HTTP/1.1" 200 18340
2022-03-10 19:26:25,518 django.server INFO     "GET /static/CACHE/css/base.e9ec07212d87.css HTTP/1.1" 200 727
2022-03-10 19:26:25,571 django.server WARNING  "GET /static/img/default.jpg HTTP/1.1" 404 1905
2022-03-10 19:26:36,341 django.server INFO     "GET /screens/ HTTP/1.1" 200 18339
2022-03-10 19:26:36,379 django.server INFO     "GET /static/CACHE/css/base.e9ec07212d87.css HTTP/1.1" 200 727
2022-03-10 19:26:36,422 django.server WARNING  "GET /static/img/default.jpg HTTP/1.1" 404 1905
2022-03-10 19:26:41,449 django.server INFO     "GET /screens/ HTTP/1.1" 200 18340
2022-03-10 19:26:41,484 django.server INFO     "GET /static/CACHE/css/base.e9ec07212d87.css HTTP/1.1" 200 727
2022-03-10 19:26:41,559 django.server WARNING  "GET /static/img/default.jpg HTTP/1.1" 404 1905
2022-03-10 19:26:50,528 django.server INFO     "GET /screens/ HTTP/1.1" 200 18339
2022-03-10 19:26:50,557 django.server INFO     "GET /static/CACHE/css/base.e9ec07212d87.css HTTP/1.1" 200 727
2022-03-10 19:26:50,619 django.server WARNING  "GET /static/img/default.jpg HTTP/1.1" 404 1905
2022-03-10 19:26:50,644 django.server WARNING  "GET /static/img/default.jpg HTTP/1.1" 404 1905
2022-03-10 19:28:30,216 django.server INFO     "GET /screens/ HTTP/1.1" 200 18351
2022-03-10 19:28:30,252 django.server INFO     "GET /static/CACHE/css/base.e9ec07212d87.css HTTP/1.1" 200 727
2022-03-10 19:28:30,344 django.request WARNING  Not Found: /screens/{ static
2022-03-10 19:28:30,345 django.server WARNING  "GET /screens/%7B%20static HTTP/1.1" 404 12849
2022-03-10 19:28:30,506 django.request WARNING  Not Found: /screens/{ static
2022-03-10 19:28:30,507 django.server WARNING  "GET /screens/%7B%20static HTTP/1.1" 404 12849
2022-03-10 19:28:42,311 django.server INFO     "GET /screens/ HTTP/1.1" 200 18354
2022-03-10 19:28:42,345 django.server INFO     "GET /static/CACHE/css/base.e9ec07212d87.css HTTP/1.1" 200 727
2022-03-10 19:28:42,447 django.request WARNING  Not Found: /screens/{ %static
2022-03-10 19:28:42,448 django.server WARNING  "GET /screens/%7B%20%static HTTP/1.1" 404 12857
2022-03-10 19:29:21,622 django.request ERROR    Internal Server Error: /screens/
Traceback (most recent call last):
  File "/home/sindre/Dokumenter/MG/info-screens/.venv/lib/python3.7/site-packages/django/template/base.py", line 470, in parse
    compile_func = self.tags[command]
KeyError: 'static'

During handling of the above exception, another exception occurred:

Traceback (most recent call last):
  File "/home/sindre/Dokumenter/MG/info-screens/.venv/lib/python3.7/site-packages/django/core/handlers/exception.py", line 47, in inner
    response = get_response(request)
  File "/home/sindre/Dokumenter/MG/info-screens/.venv/lib/python3.7/site-packages/django/core/handlers/base.py", line 181, in _get_response
    response = wrapped_callback(request, *callback_args, **callback_kwargs)
  File "/home/sindre/Dokumenter/MG/info-screens/.venv/lib/python3.7/site-packages/django/views/generic/base.py", line 70, in view
    return self.dispatch(request, *args, **kwargs)
  File "/home/sindre/Dokumenter/MG/info-screens/.venv/lib/python3.7/site-packages/django/views/generic/base.py", line 98, in dispatch
    return handler(request, *args, **kwargs)
  File "/home/sindre/Dokumenter/MG/info-screens/infoscreen/views.py", line 30, in get
    'screens': screens,
  File "/home/sindre/Dokumenter/MG/info-screens/.venv/lib/python3.7/site-packages/django/shortcuts.py", line 19, in render
    content = loader.render_to_string(template_name, context, request, using=using)
  File "/home/sindre/Dokumenter/MG/info-screens/.venv/lib/python3.7/site-packages/django/template/loader.py", line 61, in render_to_string
    template = get_template(template_name, using=using)
  File "/home/sindre/Dokumenter/MG/info-screens/.venv/lib/python3.7/site-packages/django/template/loader.py", line 15, in get_template
    return engine.get_template(template_name)
  File "/home/sindre/Dokumenter/MG/info-screens/.venv/lib/python3.7/site-packages/django/template/backends/django.py", line 34, in get_template
    return Template(self.engine.get_template(template_name), self)
  File "/home/sindre/Dokumenter/MG/info-screens/.venv/lib/python3.7/site-packages/django/template/engine.py", line 143, in get_template
    template, origin = self.find_template(template_name)
  File "/home/sindre/Dokumenter/MG/info-screens/.venv/lib/python3.7/site-packages/django/template/engine.py", line 125, in find_template
    template = loader.get_template(name, skip=skip)
  File "/home/sindre/Dokumenter/MG/info-screens/.venv/lib/python3.7/site-packages/django/template/loaders/base.py", line 30, in get_template
    contents, origin, origin.template_name, self.engine,
  File "/home/sindre/Dokumenter/MG/info-screens/.venv/lib/python3.7/site-packages/django/template/base.py", line 155, in __init__
    self.nodelist = self.compile_nodelist()
  File "/home/sindre/Dokumenter/MG/info-screens/.venv/lib/python3.7/site-packages/django/template/base.py", line 193, in compile_nodelist
    return parser.parse()
  File "/home/sindre/Dokumenter/MG/info-screens/.venv/lib/python3.7/site-packages/django/template/base.py", line 478, in parse
    raise self.error(token, e)
  File "/home/sindre/Dokumenter/MG/info-screens/.venv/lib/python3.7/site-packages/django/template/base.py", line 476, in parse
    compiled_result = compile_func(self, token)
  File "/home/sindre/Dokumenter/MG/info-screens/.venv/lib/python3.7/site-packages/django/template/loader_tags.py", line 278, in do_extends
    nodelist = parser.parse()
  File "/home/sindre/Dokumenter/MG/info-screens/.venv/lib/python3.7/site-packages/django/template/base.py", line 478, in parse
    raise self.error(token, e)
  File "/home/sindre/Dokumenter/MG/info-screens/.venv/lib/python3.7/site-packages/django/template/base.py", line 476, in parse
    compiled_result = compile_func(self, token)
  File "/home/sindre/Dokumenter/MG/info-screens/.venv/lib/python3.7/site-packages/django/template/loader_tags.py", line 216, in do_block
    nodelist = parser.parse(('endblock',))
  File "/home/sindre/Dokumenter/MG/info-screens/.venv/lib/python3.7/site-packages/django/template/base.py", line 478, in parse
    raise self.error(token, e)
  File "/home/sindre/Dokumenter/MG/info-screens/.venv/lib/python3.7/site-packages/django/template/base.py", line 476, in parse
    compiled_result = compile_func(self, token)
  File "/home/sindre/Dokumenter/MG/info-screens/.venv/lib/python3.7/site-packages/django/template/defaulttags.py", line 817, in do_for
    nodelist_loop = parser.parse(('empty', 'endfor',))
  File "/home/sindre/Dokumenter/MG/info-screens/.venv/lib/python3.7/site-packages/django/template/base.py", line 478, in parse
    raise self.error(token, e)
  File "/home/sindre/Dokumenter/MG/info-screens/.venv/lib/python3.7/site-packages/django/template/base.py", line 476, in parse
    compiled_result = compile_func(self, token)
  File "/home/sindre/Dokumenter/MG/info-screens/.venv/lib/python3.7/site-packages/django/template/defaulttags.py", line 982, in do_if
    nodelist = parser.parse(('endif',))
  File "/home/sindre/Dokumenter/MG/info-screens/.venv/lib/python3.7/site-packages/django/template/base.py", line 472, in parse
    self.invalid_block_tag(token, command, parse_until)
  File "/home/sindre/Dokumenter/MG/info-screens/.venv/lib/python3.7/site-packages/django/template/base.py", line 528, in invalid_block_tag
    get_text_list(["'%s'" % p for p in parse_until], 'or'),
django.template.exceptions.TemplateSyntaxError: Invalid block tag on line 25: 'static', expected 'endif'. Did you forget to register or load this tag?
2022-03-10 19:29:21,695 django.server ERROR    "GET /screens/ HTTP/1.1" 500 219983
2022-03-10 19:29:39,948 django.request ERROR    Internal Server Error: /screens/
Traceback (most recent call last):
  File "/home/sindre/Dokumenter/MG/info-screens/.venv/lib/python3.7/site-packages/django/template/base.py", line 470, in parse
    compile_func = self.tags[command]
KeyError: 'static'

During handling of the above exception, another exception occurred:

Traceback (most recent call last):
  File "/home/sindre/Dokumenter/MG/info-screens/.venv/lib/python3.7/site-packages/django/core/handlers/exception.py", line 47, in inner
    response = get_response(request)
  File "/home/sindre/Dokumenter/MG/info-screens/.venv/lib/python3.7/site-packages/django/core/handlers/base.py", line 181, in _get_response
    response = wrapped_callback(request, *callback_args, **callback_kwargs)
  File "/home/sindre/Dokumenter/MG/info-screens/.venv/lib/python3.7/site-packages/django/views/generic/base.py", line 70, in view
    return self.dispatch(request, *args, **kwargs)
  File "/home/sindre/Dokumenter/MG/info-screens/.venv/lib/python3.7/site-packages/django/views/generic/base.py", line 98, in dispatch
    return handler(request, *args, **kwargs)
  File "/home/sindre/Dokumenter/MG/info-screens/infoscreen/views.py", line 30, in get
    'screens': screens,
  File "/home/sindre/Dokumenter/MG/info-screens/.venv/lib/python3.7/site-packages/django/shortcuts.py", line 19, in render
    content = loader.render_to_string(template_name, context, request, using=using)
  File "/home/sindre/Dokumenter/MG/info-screens/.venv/lib/python3.7/site-packages/django/template/loader.py", line 61, in render_to_string
    template = get_template(template_name, using=using)
  File "/home/sindre/Dokumenter/MG/info-screens/.venv/lib/python3.7/site-packages/django/template/loader.py", line 15, in get_template
    return engine.get_template(template_name)
  File "/home/sindre/Dokumenter/MG/info-screens/.venv/lib/python3.7/site-packages/django/template/backends/django.py", line 34, in get_template
    return Template(self.engine.get_template(template_name), self)
  File "/home/sindre/Dokumenter/MG/info-screens/.venv/lib/python3.7/site-packages/django/template/engine.py", line 143, in get_template
    template, origin = self.find_template(template_name)
  File "/home/sindre/Dokumenter/MG/info-screens/.venv/lib/python3.7/site-packages/django/template/engine.py", line 125, in find_template
    template = loader.get_template(name, skip=skip)
  File "/home/sindre/Dokumenter/MG/info-screens/.venv/lib/python3.7/site-packages/django/template/loaders/base.py", line 30, in get_template
    contents, origin, origin.template_name, self.engine,
  File "/home/sindre/Dokumenter/MG/info-screens/.venv/lib/python3.7/site-packages/django/template/base.py", line 155, in __init__
    self.nodelist = self.compile_nodelist()
  File "/home/sindre/Dokumenter/MG/info-screens/.venv/lib/python3.7/site-packages/django/template/base.py", line 193, in compile_nodelist
    return parser.parse()
  File "/home/sindre/Dokumenter/MG/info-screens/.venv/lib/python3.7/site-packages/django/template/base.py", line 478, in parse
    raise self.error(token, e)
  File "/home/sindre/Dokumenter/MG/info-screens/.venv/lib/python3.7/site-packages/django/template/base.py", line 476, in parse
    compiled_result = compile_func(self, token)
  File "/home/sindre/Dokumenter/MG/info-screens/.venv/lib/python3.7/site-packages/django/template/loader_tags.py", line 278, in do_extends
    nodelist = parser.parse()
  File "/home/sindre/Dokumenter/MG/info-screens/.venv/lib/python3.7/site-packages/django/template/base.py", line 478, in parse
    raise self.error(token, e)
  File "/home/sindre/Dokumenter/MG/info-screens/.venv/lib/python3.7/site-packages/django/template/base.py", line 476, in parse
    compiled_result = compile_func(self, token)
  File "/home/sindre/Dokumenter/MG/info-screens/.venv/lib/python3.7/site-packages/django/template/loader_tags.py", line 216, in do_block
    nodelist = parser.parse(('endblock',))
  File "/home/sindre/Dokumenter/MG/info-screens/.venv/lib/python3.7/site-packages/django/template/base.py", line 478, in parse
    raise self.error(token, e)
  File "/home/sindre/Dokumenter/MG/info-screens/.venv/lib/python3.7/site-packages/django/template/base.py", line 476, in parse
    compiled_result = compile_func(self, token)
  File "/home/sindre/Dokumenter/MG/info-screens/.venv/lib/python3.7/site-packages/django/template/defaulttags.py", line 817, in do_for
    nodelist_loop = parser.parse(('empty', 'endfor',))
  File "/home/sindre/Dokumenter/MG/info-screens/.venv/lib/python3.7/site-packages/django/template/base.py", line 478, in parse
    raise self.error(token, e)
  File "/home/sindre/Dokumenter/MG/info-screens/.venv/lib/python3.7/site-packages/django/template/base.py", line 476, in parse
    compiled_result = compile_func(self, token)
  File "/home/sindre/Dokumenter/MG/info-screens/.venv/lib/python3.7/site-packages/django/template/defaulttags.py", line 982, in do_if
    nodelist = parser.parse(('endif',))
  File "/home/sindre/Dokumenter/MG/info-screens/.venv/lib/python3.7/site-packages/django/template/base.py", line 472, in parse
    self.invalid_block_tag(token, command, parse_until)
  File "/home/sindre/Dokumenter/MG/info-screens/.venv/lib/python3.7/site-packages/django/template/base.py", line 528, in invalid_block_tag
    get_text_list(["'%s'" % p for p in parse_until], 'or'),
django.template.exceptions.TemplateSyntaxError: Invalid block tag on line 25: 'static', expected 'endif'. Did you forget to register or load this tag?
2022-03-10 19:29:40,030 django.server ERROR    "GET /screens/ HTTP/1.1" 500 219987
2022-03-10 19:29:40,849 django.request ERROR    Internal Server Error: /screens/
Traceback (most recent call last):
  File "/home/sindre/Dokumenter/MG/info-screens/.venv/lib/python3.7/site-packages/django/template/base.py", line 470, in parse
    compile_func = self.tags[command]
KeyError: 'static'

During handling of the above exception, another exception occurred:

Traceback (most recent call last):
  File "/home/sindre/Dokumenter/MG/info-screens/.venv/lib/python3.7/site-packages/django/core/handlers/exception.py", line 47, in inner
    response = get_response(request)
  File "/home/sindre/Dokumenter/MG/info-screens/.venv/lib/python3.7/site-packages/django/core/handlers/base.py", line 181, in _get_response
    response = wrapped_callback(request, *callback_args, **callback_kwargs)
  File "/home/sindre/Dokumenter/MG/info-screens/.venv/lib/python3.7/site-packages/django/views/generic/base.py", line 70, in view
    return self.dispatch(request, *args, **kwargs)
  File "/home/sindre/Dokumenter/MG/info-screens/.venv/lib/python3.7/site-packages/django/views/generic/base.py", line 98, in dispatch
    return handler(request, *args, **kwargs)
  File "/home/sindre/Dokumenter/MG/info-screens/infoscreen/views.py", line 30, in get
    'screens': screens,
  File "/home/sindre/Dokumenter/MG/info-screens/.venv/lib/python3.7/site-packages/django/shortcuts.py", line 19, in render
    content = loader.render_to_string(template_name, context, request, using=using)
  File "/home/sindre/Dokumenter/MG/info-screens/.venv/lib/python3.7/site-packages/django/template/loader.py", line 61, in render_to_string
    template = get_template(template_name, using=using)
  File "/home/sindre/Dokumenter/MG/info-screens/.venv/lib/python3.7/site-packages/django/template/loader.py", line 15, in get_template
    return engine.get_template(template_name)
  File "/home/sindre/Dokumenter/MG/info-screens/.venv/lib/python3.7/site-packages/django/template/backends/django.py", line 34, in get_template
    return Template(self.engine.get_template(template_name), self)
  File "/home/sindre/Dokumenter/MG/info-screens/.venv/lib/python3.7/site-packages/django/template/engine.py", line 143, in get_template
    template, origin = self.find_template(template_name)
  File "/home/sindre/Dokumenter/MG/info-screens/.venv/lib/python3.7/site-packages/django/template/engine.py", line 125, in find_template
    template = loader.get_template(name, skip=skip)
  File "/home/sindre/Dokumenter/MG/info-screens/.venv/lib/python3.7/site-packages/django/template/loaders/base.py", line 30, in get_template
    contents, origin, origin.template_name, self.engine,
  File "/home/sindre/Dokumenter/MG/info-screens/.venv/lib/python3.7/site-packages/django/template/base.py", line 155, in __init__
    self.nodelist = self.compile_nodelist()
  File "/home/sindre/Dokumenter/MG/info-screens/.venv/lib/python3.7/site-packages/django/template/base.py", line 193, in compile_nodelist
    return parser.parse()
  File "/home/sindre/Dokumenter/MG/info-screens/.venv/lib/python3.7/site-packages/django/template/base.py", line 478, in parse
    raise self.error(token, e)
  File "/home/sindre/Dokumenter/MG/info-screens/.venv/lib/python3.7/site-packages/django/template/base.py", line 476, in parse
    compiled_result = compile_func(self, token)
  File "/home/sindre/Dokumenter/MG/info-screens/.venv/lib/python3.7/site-packages/django/template/loader_tags.py", line 278, in do_extends
    nodelist = parser.parse()
  File "/home/sindre/Dokumenter/MG/info-screens/.venv/lib/python3.7/site-packages/django/template/base.py", line 478, in parse
    raise self.error(token, e)
  File "/home/sindre/Dokumenter/MG/info-screens/.venv/lib/python3.7/site-packages/django/template/base.py", line 476, in parse
    compiled_result = compile_func(self, token)
  File "/home/sindre/Dokumenter/MG/info-screens/.venv/lib/python3.7/site-packages/django/template/loader_tags.py", line 216, in do_block
    nodelist = parser.parse(('endblock',))
  File "/home/sindre/Dokumenter/MG/info-screens/.venv/lib/python3.7/site-packages/django/template/base.py", line 478, in parse
    raise self.error(token, e)
  File "/home/sindre/Dokumenter/MG/info-screens/.venv/lib/python3.7/site-packages/django/template/base.py", line 476, in parse
    compiled_result = compile_func(self, token)
  File "/home/sindre/Dokumenter/MG/info-screens/.venv/lib/python3.7/site-packages/django/template/defaulttags.py", line 817, in do_for
    nodelist_loop = parser.parse(('empty', 'endfor',))
  File "/home/sindre/Dokumenter/MG/info-screens/.venv/lib/python3.7/site-packages/django/template/base.py", line 478, in parse
    raise self.error(token, e)
  File "/home/sindre/Dokumenter/MG/info-screens/.venv/lib/python3.7/site-packages/django/template/base.py", line 476, in parse
    compiled_result = compile_func(self, token)
  File "/home/sindre/Dokumenter/MG/info-screens/.venv/lib/python3.7/site-packages/django/template/defaulttags.py", line 982, in do_if
    nodelist = parser.parse(('endif',))
  File "/home/sindre/Dokumenter/MG/info-screens/.venv/lib/python3.7/site-packages/django/template/base.py", line 472, in parse
    self.invalid_block_tag(token, command, parse_until)
  File "/home/sindre/Dokumenter/MG/info-screens/.venv/lib/python3.7/site-packages/django/template/base.py", line 528, in invalid_block_tag
    get_text_list(["'%s'" % p for p in parse_until], 'or'),
django.template.exceptions.TemplateSyntaxError: Invalid block tag on line 25: 'static', expected 'endif'. Did you forget to register or load this tag?
2022-03-10 19:29:40,920 django.server ERROR    "GET /screens/ HTTP/1.1" 500 219987
2022-03-10 19:32:30,942 django.request ERROR    Internal Server Error: /screens/
Traceback (most recent call last):
  File "/home/sindre/Dokumenter/MG/info-screens/.venv/lib/python3.7/site-packages/django/template/base.py", line 470, in parse
    compile_func = self.tags[command]
KeyError: 'static'

During handling of the above exception, another exception occurred:

Traceback (most recent call last):
  File "/home/sindre/Dokumenter/MG/info-screens/.venv/lib/python3.7/site-packages/django/core/handlers/exception.py", line 47, in inner
    response = get_response(request)
  File "/home/sindre/Dokumenter/MG/info-screens/.venv/lib/python3.7/site-packages/django/core/handlers/base.py", line 181, in _get_response
    response = wrapped_callback(request, *callback_args, **callback_kwargs)
  File "/home/sindre/Dokumenter/MG/info-screens/.venv/lib/python3.7/site-packages/django/views/generic/base.py", line 70, in view
    return self.dispatch(request, *args, **kwargs)
  File "/home/sindre/Dokumenter/MG/info-screens/.venv/lib/python3.7/site-packages/django/views/generic/base.py", line 98, in dispatch
    return handler(request, *args, **kwargs)
  File "/home/sindre/Dokumenter/MG/info-screens/infoscreen/views.py", line 30, in get
    'screens': screens,
  File "/home/sindre/Dokumenter/MG/info-screens/.venv/lib/python3.7/site-packages/django/shortcuts.py", line 19, in render
    content = loader.render_to_string(template_name, context, request, using=using)
  File "/home/sindre/Dokumenter/MG/info-screens/.venv/lib/python3.7/site-packages/django/template/loader.py", line 61, in render_to_string
    template = get_template(template_name, using=using)
  File "/home/sindre/Dokumenter/MG/info-screens/.venv/lib/python3.7/site-packages/django/template/loader.py", line 15, in get_template
    return engine.get_template(template_name)
  File "/home/sindre/Dokumenter/MG/info-screens/.venv/lib/python3.7/site-packages/django/template/backends/django.py", line 34, in get_template
    return Template(self.engine.get_template(template_name), self)
  File "/home/sindre/Dokumenter/MG/info-screens/.venv/lib/python3.7/site-packages/django/template/engine.py", line 143, in get_template
    template, origin = self.find_template(template_name)
  File "/home/sindre/Dokumenter/MG/info-screens/.venv/lib/python3.7/site-packages/django/template/engine.py", line 125, in find_template
    template = loader.get_template(name, skip=skip)
  File "/home/sindre/Dokumenter/MG/info-screens/.venv/lib/python3.7/site-packages/django/template/loaders/base.py", line 30, in get_template
    contents, origin, origin.template_name, self.engine,
  File "/home/sindre/Dokumenter/MG/info-screens/.venv/lib/python3.7/site-packages/django/template/base.py", line 155, in __init__
    self.nodelist = self.compile_nodelist()
  File "/home/sindre/Dokumenter/MG/info-screens/.venv/lib/python3.7/site-packages/django/template/base.py", line 193, in compile_nodelist
    return parser.parse()
  File "/home/sindre/Dokumenter/MG/info-screens/.venv/lib/python3.7/site-packages/django/template/base.py", line 478, in parse
    raise self.error(token, e)
  File "/home/sindre/Dokumenter/MG/info-screens/.venv/lib/python3.7/site-packages/django/template/base.py", line 476, in parse
    compiled_result = compile_func(self, token)
  File "/home/sindre/Dokumenter/MG/info-screens/.venv/lib/python3.7/site-packages/django/template/loader_tags.py", line 278, in do_extends
    nodelist = parser.parse()
  File "/home/sindre/Dokumenter/MG/info-screens/.venv/lib/python3.7/site-packages/django/template/base.py", line 478, in parse
    raise self.error(token, e)
  File "/home/sindre/Dokumenter/MG/info-screens/.venv/lib/python3.7/site-packages/django/template/base.py", line 476, in parse
    compiled_result = compile_func(self, token)
  File "/home/sindre/Dokumenter/MG/info-screens/.venv/lib/python3.7/site-packages/django/template/loader_tags.py", line 216, in do_block
    nodelist = parser.parse(('endblock',))
  File "/home/sindre/Dokumenter/MG/info-screens/.venv/lib/python3.7/site-packages/django/template/base.py", line 478, in parse
    raise self.error(token, e)
  File "/home/sindre/Dokumenter/MG/info-screens/.venv/lib/python3.7/site-packages/django/template/base.py", line 476, in parse
    compiled_result = compile_func(self, token)
  File "/home/sindre/Dokumenter/MG/info-screens/.venv/lib/python3.7/site-packages/django/template/defaulttags.py", line 817, in do_for
    nodelist_loop = parser.parse(('empty', 'endfor',))
  File "/home/sindre/Dokumenter/MG/info-screens/.venv/lib/python3.7/site-packages/django/template/base.py", line 478, in parse
    raise self.error(token, e)
  File "/home/sindre/Dokumenter/MG/info-screens/.venv/lib/python3.7/site-packages/django/template/base.py", line 476, in parse
    compiled_result = compile_func(self, token)
  File "/home/sindre/Dokumenter/MG/info-screens/.venv/lib/python3.7/site-packages/django/template/defaulttags.py", line 982, in do_if
    nodelist = parser.parse(('endif',))
  File "/home/sindre/Dokumenter/MG/info-screens/.venv/lib/python3.7/site-packages/django/template/base.py", line 472, in parse
    self.invalid_block_tag(token, command, parse_until)
  File "/home/sindre/Dokumenter/MG/info-screens/.venv/lib/python3.7/site-packages/django/template/base.py", line 528, in invalid_block_tag
    get_text_list(["'%s'" % p for p in parse_until], 'or'),
django.template.exceptions.TemplateSyntaxError: Invalid block tag on line 27: 'static', expected 'endif'. Did you forget to register or load this tag?
2022-03-10 19:32:31,013 django.server ERROR    "GET /screens/ HTTP/1.1" 500 220993
2022-03-10 19:32:49,167 django.request ERROR    Internal Server Error: /screens/
Traceback (most recent call last):
  File "/home/sindre/Dokumenter/MG/info-screens/.venv/lib/python3.7/site-packages/django/template/base.py", line 470, in parse
    compile_func = self.tags[command]
KeyError: 'static'

During handling of the above exception, another exception occurred:

Traceback (most recent call last):
  File "/home/sindre/Dokumenter/MG/info-screens/.venv/lib/python3.7/site-packages/django/core/handlers/exception.py", line 47, in inner
    response = get_response(request)
  File "/home/sindre/Dokumenter/MG/info-screens/.venv/lib/python3.7/site-packages/django/core/handlers/base.py", line 181, in _get_response
    response = wrapped_callback(request, *callback_args, **callback_kwargs)
  File "/home/sindre/Dokumenter/MG/info-screens/.venv/lib/python3.7/site-packages/django/views/generic/base.py", line 70, in view
    return self.dispatch(request, *args, **kwargs)
  File "/home/sindre/Dokumenter/MG/info-screens/.venv/lib/python3.7/site-packages/django/views/generic/base.py", line 98, in dispatch
    return handler(request, *args, **kwargs)
  File "/home/sindre/Dokumenter/MG/info-screens/infoscreen/views.py", line 30, in get
    'screens': screens,
  File "/home/sindre/Dokumenter/MG/info-screens/.venv/lib/python3.7/site-packages/django/shortcuts.py", line 19, in render
    content = loader.render_to_string(template_name, context, request, using=using)
  File "/home/sindre/Dokumenter/MG/info-screens/.venv/lib/python3.7/site-packages/django/template/loader.py", line 61, in render_to_string
    template = get_template(template_name, using=using)
  File "/home/sindre/Dokumenter/MG/info-screens/.venv/lib/python3.7/site-packages/django/template/loader.py", line 15, in get_template
    return engine.get_template(template_name)
  File "/home/sindre/Dokumenter/MG/info-screens/.venv/lib/python3.7/site-packages/django/template/backends/django.py", line 34, in get_template
    return Template(self.engine.get_template(template_name), self)
  File "/home/sindre/Dokumenter/MG/info-screens/.venv/lib/python3.7/site-packages/django/template/engine.py", line 143, in get_template
    template, origin = self.find_template(template_name)
  File "/home/sindre/Dokumenter/MG/info-screens/.venv/lib/python3.7/site-packages/django/template/engine.py", line 125, in find_template
    template = loader.get_template(name, skip=skip)
  File "/home/sindre/Dokumenter/MG/info-screens/.venv/lib/python3.7/site-packages/django/template/loaders/base.py", line 30, in get_template
    contents, origin, origin.template_name, self.engine,
  File "/home/sindre/Dokumenter/MG/info-screens/.venv/lib/python3.7/site-packages/django/template/base.py", line 155, in __init__
    self.nodelist = self.compile_nodelist()
  File "/home/sindre/Dokumenter/MG/info-screens/.venv/lib/python3.7/site-packages/django/template/base.py", line 193, in compile_nodelist
    return parser.parse()
  File "/home/sindre/Dokumenter/MG/info-screens/.venv/lib/python3.7/site-packages/django/template/base.py", line 478, in parse
    raise self.error(token, e)
  File "/home/sindre/Dokumenter/MG/info-screens/.venv/lib/python3.7/site-packages/django/template/base.py", line 476, in parse
    compiled_result = compile_func(self, token)
  File "/home/sindre/Dokumenter/MG/info-screens/.venv/lib/python3.7/site-packages/django/template/loader_tags.py", line 278, in do_extends
    nodelist = parser.parse()
  File "/home/sindre/Dokumenter/MG/info-screens/.venv/lib/python3.7/site-packages/django/template/base.py", line 478, in parse
    raise self.error(token, e)
  File "/home/sindre/Dokumenter/MG/info-screens/.venv/lib/python3.7/site-packages/django/template/base.py", line 476, in parse
    compiled_result = compile_func(self, token)
  File "/home/sindre/Dokumenter/MG/info-screens/.venv/lib/python3.7/site-packages/django/template/loader_tags.py", line 216, in do_block
    nodelist = parser.parse(('endblock',))
  File "/home/sindre/Dokumenter/MG/info-screens/.venv/lib/python3.7/site-packages/django/template/base.py", line 478, in parse
    raise self.error(token, e)
  File "/home/sindre/Dokumenter/MG/info-screens/.venv/lib/python3.7/site-packages/django/template/base.py", line 476, in parse
    compiled_result = compile_func(self, token)
  File "/home/sindre/Dokumenter/MG/info-screens/.venv/lib/python3.7/site-packages/django/template/defaulttags.py", line 817, in do_for
    nodelist_loop = parser.parse(('empty', 'endfor',))
  File "/home/sindre/Dokumenter/MG/info-screens/.venv/lib/python3.7/site-packages/django/template/base.py", line 478, in parse
    raise self.error(token, e)
  File "/home/sindre/Dokumenter/MG/info-screens/.venv/lib/python3.7/site-packages/django/template/base.py", line 476, in parse
    compiled_result = compile_func(self, token)
  File "/home/sindre/Dokumenter/MG/info-screens/.venv/lib/python3.7/site-packages/django/template/defaulttags.py", line 982, in do_if
    nodelist = parser.parse(('endif',))
  File "/home/sindre/Dokumenter/MG/info-screens/.venv/lib/python3.7/site-packages/django/template/base.py", line 472, in parse
    self.invalid_block_tag(token, command, parse_until)
  File "/home/sindre/Dokumenter/MG/info-screens/.venv/lib/python3.7/site-packages/django/template/base.py", line 528, in invalid_block_tag
    get_text_list(["'%s'" % p for p in parse_until], 'or'),
django.template.exceptions.TemplateSyntaxError: Invalid block tag on line 27: 'static', expected 'endif'. Did you forget to register or load this tag?
2022-03-10 19:32:49,242 django.server ERROR    "GET /screens/ HTTP/1.1" 500 221041
2022-03-10 19:32:50,023 django.request ERROR    Internal Server Error: /screens/
Traceback (most recent call last):
  File "/home/sindre/Dokumenter/MG/info-screens/.venv/lib/python3.7/site-packages/django/template/base.py", line 470, in parse
    compile_func = self.tags[command]
KeyError: 'static'

During handling of the above exception, another exception occurred:

Traceback (most recent call last):
  File "/home/sindre/Dokumenter/MG/info-screens/.venv/lib/python3.7/site-packages/django/core/handlers/exception.py", line 47, in inner
    response = get_response(request)
  File "/home/sindre/Dokumenter/MG/info-screens/.venv/lib/python3.7/site-packages/django/core/handlers/base.py", line 181, in _get_response
    response = wrapped_callback(request, *callback_args, **callback_kwargs)
  File "/home/sindre/Dokumenter/MG/info-screens/.venv/lib/python3.7/site-packages/django/views/generic/base.py", line 70, in view
    return self.dispatch(request, *args, **kwargs)
  File "/home/sindre/Dokumenter/MG/info-screens/.venv/lib/python3.7/site-packages/django/views/generic/base.py", line 98, in dispatch
    return handler(request, *args, **kwargs)
  File "/home/sindre/Dokumenter/MG/info-screens/infoscreen/views.py", line 30, in get
    'screens': screens,
  File "/home/sindre/Dokumenter/MG/info-screens/.venv/lib/python3.7/site-packages/django/shortcuts.py", line 19, in render
    content = loader.render_to_string(template_name, context, request, using=using)
  File "/home/sindre/Dokumenter/MG/info-screens/.venv/lib/python3.7/site-packages/django/template/loader.py", line 61, in render_to_string
    template = get_template(template_name, using=using)
  File "/home/sindre/Dokumenter/MG/info-screens/.venv/lib/python3.7/site-packages/django/template/loader.py", line 15, in get_template
    return engine.get_template(template_name)
  File "/home/sindre/Dokumenter/MG/info-screens/.venv/lib/python3.7/site-packages/django/template/backends/django.py", line 34, in get_template
    return Template(self.engine.get_template(template_name), self)
  File "/home/sindre/Dokumenter/MG/info-screens/.venv/lib/python3.7/site-packages/django/template/engine.py", line 143, in get_template
    template, origin = self.find_template(template_name)
  File "/home/sindre/Dokumenter/MG/info-screens/.venv/lib/python3.7/site-packages/django/template/engine.py", line 125, in find_template
    template = loader.get_template(name, skip=skip)
  File "/home/sindre/Dokumenter/MG/info-screens/.venv/lib/python3.7/site-packages/django/template/loaders/base.py", line 30, in get_template
    contents, origin, origin.template_name, self.engine,
  File "/home/sindre/Dokumenter/MG/info-screens/.venv/lib/python3.7/site-packages/django/template/base.py", line 155, in __init__
    self.nodelist = self.compile_nodelist()
  File "/home/sindre/Dokumenter/MG/info-screens/.venv/lib/python3.7/site-packages/django/template/base.py", line 193, in compile_nodelist
    return parser.parse()
  File "/home/sindre/Dokumenter/MG/info-screens/.venv/lib/python3.7/site-packages/django/template/base.py", line 478, in parse
    raise self.error(token, e)
  File "/home/sindre/Dokumenter/MG/info-screens/.venv/lib/python3.7/site-packages/django/template/base.py", line 476, in parse
    compiled_result = compile_func(self, token)
  File "/home/sindre/Dokumenter/MG/info-screens/.venv/lib/python3.7/site-packages/django/template/loader_tags.py", line 278, in do_extends
    nodelist = parser.parse()
  File "/home/sindre/Dokumenter/MG/info-screens/.venv/lib/python3.7/site-packages/django/template/base.py", line 478, in parse
    raise self.error(token, e)
  File "/home/sindre/Dokumenter/MG/info-screens/.venv/lib/python3.7/site-packages/django/template/base.py", line 476, in parse
    compiled_result = compile_func(self, token)
  File "/home/sindre/Dokumenter/MG/info-screens/.venv/lib/python3.7/site-packages/django/template/loader_tags.py", line 216, in do_block
    nodelist = parser.parse(('endblock',))
  File "/home/sindre/Dokumenter/MG/info-screens/.venv/lib/python3.7/site-packages/django/template/base.py", line 478, in parse
    raise self.error(token, e)
  File "/home/sindre/Dokumenter/MG/info-screens/.venv/lib/python3.7/site-packages/django/template/base.py", line 476, in parse
    compiled_result = compile_func(self, token)
  File "/home/sindre/Dokumenter/MG/info-screens/.venv/lib/python3.7/site-packages/django/template/defaulttags.py", line 817, in do_for
    nodelist_loop = parser.parse(('empty', 'endfor',))
  File "/home/sindre/Dokumenter/MG/info-screens/.venv/lib/python3.7/site-packages/django/template/base.py", line 478, in parse
    raise self.error(token, e)
  File "/home/sindre/Dokumenter/MG/info-screens/.venv/lib/python3.7/site-packages/django/template/base.py", line 476, in parse
    compiled_result = compile_func(self, token)
  File "/home/sindre/Dokumenter/MG/info-screens/.venv/lib/python3.7/site-packages/django/template/defaulttags.py", line 982, in do_if
    nodelist = parser.parse(('endif',))
  File "/home/sindre/Dokumenter/MG/info-screens/.venv/lib/python3.7/site-packages/django/template/base.py", line 472, in parse
    self.invalid_block_tag(token, command, parse_until)
  File "/home/sindre/Dokumenter/MG/info-screens/.venv/lib/python3.7/site-packages/django/template/base.py", line 528, in invalid_block_tag
    get_text_list(["'%s'" % p for p in parse_until], 'or'),
django.template.exceptions.TemplateSyntaxError: Invalid block tag on line 27: 'static', expected 'endif'. Did you forget to register or load this tag?
2022-03-10 19:32:50,104 django.server ERROR    "GET /screens/ HTTP/1.1" 500 221041
2022-03-10 19:34:16,171 django.request ERROR    Internal Server Error: /screens/
Traceback (most recent call last):
  File "/home/sindre/Dokumenter/MG/info-screens/.venv/lib/python3.7/site-packages/django/template/base.py", line 470, in parse
    compile_func = self.tags[command]
KeyError: 'static'

During handling of the above exception, another exception occurred:

Traceback (most recent call last):
  File "/home/sindre/Dokumenter/MG/info-screens/.venv/lib/python3.7/site-packages/django/core/handlers/exception.py", line 47, in inner
    response = get_response(request)
  File "/home/sindre/Dokumenter/MG/info-screens/.venv/lib/python3.7/site-packages/django/core/handlers/base.py", line 181, in _get_response
    response = wrapped_callback(request, *callback_args, **callback_kwargs)
  File "/home/sindre/Dokumenter/MG/info-screens/.venv/lib/python3.7/site-packages/django/views/generic/base.py", line 70, in view
    return self.dispatch(request, *args, **kwargs)
  File "/home/sindre/Dokumenter/MG/info-screens/.venv/lib/python3.7/site-packages/django/views/generic/base.py", line 98, in dispatch
    return handler(request, *args, **kwargs)
  File "/home/sindre/Dokumenter/MG/info-screens/infoscreen/views.py", line 30, in get
    'screens': screens,
  File "/home/sindre/Dokumenter/MG/info-screens/.venv/lib/python3.7/site-packages/django/shortcuts.py", line 19, in render
    content = loader.render_to_string(template_name, context, request, using=using)
  File "/home/sindre/Dokumenter/MG/info-screens/.venv/lib/python3.7/site-packages/django/template/loader.py", line 61, in render_to_string
    template = get_template(template_name, using=using)
  File "/home/sindre/Dokumenter/MG/info-screens/.venv/lib/python3.7/site-packages/django/template/loader.py", line 15, in get_template
    return engine.get_template(template_name)
  File "/home/sindre/Dokumenter/MG/info-screens/.venv/lib/python3.7/site-packages/django/template/backends/django.py", line 34, in get_template
    return Template(self.engine.get_template(template_name), self)
  File "/home/sindre/Dokumenter/MG/info-screens/.venv/lib/python3.7/site-packages/django/template/engine.py", line 143, in get_template
    template, origin = self.find_template(template_name)
  File "/home/sindre/Dokumenter/MG/info-screens/.venv/lib/python3.7/site-packages/django/template/engine.py", line 125, in find_template
    template = loader.get_template(name, skip=skip)
  File "/home/sindre/Dokumenter/MG/info-screens/.venv/lib/python3.7/site-packages/django/template/loaders/base.py", line 30, in get_template
    contents, origin, origin.template_name, self.engine,
  File "/home/sindre/Dokumenter/MG/info-screens/.venv/lib/python3.7/site-packages/django/template/base.py", line 155, in __init__
    self.nodelist = self.compile_nodelist()
  File "/home/sindre/Dokumenter/MG/info-screens/.venv/lib/python3.7/site-packages/django/template/base.py", line 193, in compile_nodelist
    return parser.parse()
  File "/home/sindre/Dokumenter/MG/info-screens/.venv/lib/python3.7/site-packages/django/template/base.py", line 478, in parse
    raise self.error(token, e)
  File "/home/sindre/Dokumenter/MG/info-screens/.venv/lib/python3.7/site-packages/django/template/base.py", line 476, in parse
    compiled_result = compile_func(self, token)
  File "/home/sindre/Dokumenter/MG/info-screens/.venv/lib/python3.7/site-packages/django/template/loader_tags.py", line 278, in do_extends
    nodelist = parser.parse()
  File "/home/sindre/Dokumenter/MG/info-screens/.venv/lib/python3.7/site-packages/django/template/base.py", line 478, in parse
    raise self.error(token, e)
  File "/home/sindre/Dokumenter/MG/info-screens/.venv/lib/python3.7/site-packages/django/template/base.py", line 476, in parse
    compiled_result = compile_func(self, token)
  File "/home/sindre/Dokumenter/MG/info-screens/.venv/lib/python3.7/site-packages/django/template/loader_tags.py", line 216, in do_block
    nodelist = parser.parse(('endblock',))
  File "/home/sindre/Dokumenter/MG/info-screens/.venv/lib/python3.7/site-packages/django/template/base.py", line 478, in parse
    raise self.error(token, e)
  File "/home/sindre/Dokumenter/MG/info-screens/.venv/lib/python3.7/site-packages/django/template/base.py", line 476, in parse
    compiled_result = compile_func(self, token)
  File "/home/sindre/Dokumenter/MG/info-screens/.venv/lib/python3.7/site-packages/django/template/defaulttags.py", line 817, in do_for
    nodelist_loop = parser.parse(('empty', 'endfor',))
  File "/home/sindre/Dokumenter/MG/info-screens/.venv/lib/python3.7/site-packages/django/template/base.py", line 478, in parse
    raise self.error(token, e)
  File "/home/sindre/Dokumenter/MG/info-screens/.venv/lib/python3.7/site-packages/django/template/base.py", line 476, in parse
    compiled_result = compile_func(self, token)
  File "/home/sindre/Dokumenter/MG/info-screens/.venv/lib/python3.7/site-packages/django/template/defaulttags.py", line 982, in do_if
    nodelist = parser.parse(('endif',))
  File "/home/sindre/Dokumenter/MG/info-screens/.venv/lib/python3.7/site-packages/django/template/base.py", line 472, in parse
    self.invalid_block_tag(token, command, parse_until)
  File "/home/sindre/Dokumenter/MG/info-screens/.venv/lib/python3.7/site-packages/django/template/base.py", line 528, in invalid_block_tag
    get_text_list(["'%s'" % p for p in parse_until], 'or'),
django.template.exceptions.TemplateSyntaxError: Invalid block tag on line 27: 'static', expected 'endif'. Did you forget to register or load this tag?
2022-03-10 19:34:16,256 django.server ERROR    "GET /screens/ HTTP/1.1" 500 221041
2022-03-10 19:34:33,903 django.server INFO     "GET /screens/ HTTP/1.1" 200 18288
2022-03-10 19:34:33,938 django.server INFO     "GET /static/CACHE/css/base.e9ec07212d87.css HTTP/1.1" 200 727
2022-03-10 19:34:56,943 django.request ERROR    Internal Server Error: /screens/
Traceback (most recent call last):
  File "/home/sindre/Dokumenter/MG/info-screens/.venv/lib/python3.7/site-packages/django/template/base.py", line 470, in parse
    compile_func = self.tags[command]
KeyError: 'static'

During handling of the above exception, another exception occurred:

Traceback (most recent call last):
  File "/home/sindre/Dokumenter/MG/info-screens/.venv/lib/python3.7/site-packages/django/core/handlers/exception.py", line 47, in inner
    response = get_response(request)
  File "/home/sindre/Dokumenter/MG/info-screens/.venv/lib/python3.7/site-packages/django/core/handlers/base.py", line 181, in _get_response
    response = wrapped_callback(request, *callback_args, **callback_kwargs)
  File "/home/sindre/Dokumenter/MG/info-screens/.venv/lib/python3.7/site-packages/django/views/generic/base.py", line 70, in view
    return self.dispatch(request, *args, **kwargs)
  File "/home/sindre/Dokumenter/MG/info-screens/.venv/lib/python3.7/site-packages/django/views/generic/base.py", line 98, in dispatch
    return handler(request, *args, **kwargs)
  File "/home/sindre/Dokumenter/MG/info-screens/infoscreen/views.py", line 30, in get
    'screens': screens,
  File "/home/sindre/Dokumenter/MG/info-screens/.venv/lib/python3.7/site-packages/django/shortcuts.py", line 19, in render
    content = loader.render_to_string(template_name, context, request, using=using)
  File "/home/sindre/Dokumenter/MG/info-screens/.venv/lib/python3.7/site-packages/django/template/loader.py", line 61, in render_to_string
    template = get_template(template_name, using=using)
  File "/home/sindre/Dokumenter/MG/info-screens/.venv/lib/python3.7/site-packages/django/template/loader.py", line 15, in get_template
    return engine.get_template(template_name)
  File "/home/sindre/Dokumenter/MG/info-screens/.venv/lib/python3.7/site-packages/django/template/backends/django.py", line 34, in get_template
    return Template(self.engine.get_template(template_name), self)
  File "/home/sindre/Dokumenter/MG/info-screens/.venv/lib/python3.7/site-packages/django/template/engine.py", line 143, in get_template
    template, origin = self.find_template(template_name)
  File "/home/sindre/Dokumenter/MG/info-screens/.venv/lib/python3.7/site-packages/django/template/engine.py", line 125, in find_template
    template = loader.get_template(name, skip=skip)
  File "/home/sindre/Dokumenter/MG/info-screens/.venv/lib/python3.7/site-packages/django/template/loaders/base.py", line 30, in get_template
    contents, origin, origin.template_name, self.engine,
  File "/home/sindre/Dokumenter/MG/info-screens/.venv/lib/python3.7/site-packages/django/template/base.py", line 155, in __init__
    self.nodelist = self.compile_nodelist()
  File "/home/sindre/Dokumenter/MG/info-screens/.venv/lib/python3.7/site-packages/django/template/base.py", line 193, in compile_nodelist
    return parser.parse()
  File "/home/sindre/Dokumenter/MG/info-screens/.venv/lib/python3.7/site-packages/django/template/base.py", line 478, in parse
    raise self.error(token, e)
  File "/home/sindre/Dokumenter/MG/info-screens/.venv/lib/python3.7/site-packages/django/template/base.py", line 476, in parse
    compiled_result = compile_func(self, token)
  File "/home/sindre/Dokumenter/MG/info-screens/.venv/lib/python3.7/site-packages/django/template/loader_tags.py", line 278, in do_extends
    nodelist = parser.parse()
  File "/home/sindre/Dokumenter/MG/info-screens/.venv/lib/python3.7/site-packages/django/template/base.py", line 478, in parse
    raise self.error(token, e)
  File "/home/sindre/Dokumenter/MG/info-screens/.venv/lib/python3.7/site-packages/django/template/base.py", line 476, in parse
    compiled_result = compile_func(self, token)
  File "/home/sindre/Dokumenter/MG/info-screens/.venv/lib/python3.7/site-packages/django/template/loader_tags.py", line 216, in do_block
    nodelist = parser.parse(('endblock',))
  File "/home/sindre/Dokumenter/MG/info-screens/.venv/lib/python3.7/site-packages/django/template/base.py", line 478, in parse
    raise self.error(token, e)
  File "/home/sindre/Dokumenter/MG/info-screens/.venv/lib/python3.7/site-packages/django/template/base.py", line 476, in parse
    compiled_result = compile_func(self, token)
  File "/home/sindre/Dokumenter/MG/info-screens/.venv/lib/python3.7/site-packages/django/template/defaulttags.py", line 817, in do_for
    nodelist_loop = parser.parse(('empty', 'endfor',))
  File "/home/sindre/Dokumenter/MG/info-screens/.venv/lib/python3.7/site-packages/django/template/base.py", line 478, in parse
    raise self.error(token, e)
  File "/home/sindre/Dokumenter/MG/info-screens/.venv/lib/python3.7/site-packages/django/template/base.py", line 476, in parse
    compiled_result = compile_func(self, token)
  File "/home/sindre/Dokumenter/MG/info-screens/.venv/lib/python3.7/site-packages/django/template/defaulttags.py", line 982, in do_if
    nodelist = parser.parse(('endif',))
  File "/home/sindre/Dokumenter/MG/info-screens/.venv/lib/python3.7/site-packages/django/template/base.py", line 472, in parse
    self.invalid_block_tag(token, command, parse_until)
  File "/home/sindre/Dokumenter/MG/info-screens/.venv/lib/python3.7/site-packages/django/template/base.py", line 528, in invalid_block_tag
    get_text_list(["'%s'" % p for p in parse_until], 'or'),
django.template.exceptions.TemplateSyntaxError: Invalid block tag on line 27: 'static', expected 'endif'. Did you forget to register or load this tag?
2022-03-10 19:34:57,045 django.server ERROR    "GET /screens/ HTTP/1.1" 500 221045
2022-03-10 19:34:58,746 django.request ERROR    Internal Server Error: /screens/
Traceback (most recent call last):
  File "/home/sindre/Dokumenter/MG/info-screens/.venv/lib/python3.7/site-packages/django/template/base.py", line 470, in parse
    compile_func = self.tags[command]
KeyError: 'static'

During handling of the above exception, another exception occurred:

Traceback (most recent call last):
  File "/home/sindre/Dokumenter/MG/info-screens/.venv/lib/python3.7/site-packages/django/core/handlers/exception.py", line 47, in inner
    response = get_response(request)
  File "/home/sindre/Dokumenter/MG/info-screens/.venv/lib/python3.7/site-packages/django/core/handlers/base.py", line 181, in _get_response
    response = wrapped_callback(request, *callback_args, **callback_kwargs)
  File "/home/sindre/Dokumenter/MG/info-screens/.venv/lib/python3.7/site-packages/django/views/generic/base.py", line 70, in view
    return self.dispatch(request, *args, **kwargs)
  File "/home/sindre/Dokumenter/MG/info-screens/.venv/lib/python3.7/site-packages/django/views/generic/base.py", line 98, in dispatch
    return handler(request, *args, **kwargs)
  File "/home/sindre/Dokumenter/MG/info-screens/infoscreen/views.py", line 30, in get
    'screens': screens,
  File "/home/sindre/Dokumenter/MG/info-screens/.venv/lib/python3.7/site-packages/django/shortcuts.py", line 19, in render
    content = loader.render_to_string(template_name, context, request, using=using)
  File "/home/sindre/Dokumenter/MG/info-screens/.venv/lib/python3.7/site-packages/django/template/loader.py", line 61, in render_to_string
    template = get_template(template_name, using=using)
  File "/home/sindre/Dokumenter/MG/info-screens/.venv/lib/python3.7/site-packages/django/template/loader.py", line 15, in get_template
    return engine.get_template(template_name)
  File "/home/sindre/Dokumenter/MG/info-screens/.venv/lib/python3.7/site-packages/django/template/backends/django.py", line 34, in get_template
    return Template(self.engine.get_template(template_name), self)
  File "/home/sindre/Dokumenter/MG/info-screens/.venv/lib/python3.7/site-packages/django/template/engine.py", line 143, in get_template
    template, origin = self.find_template(template_name)
  File "/home/sindre/Dokumenter/MG/info-screens/.venv/lib/python3.7/site-packages/django/template/engine.py", line 125, in find_template
    template = loader.get_template(name, skip=skip)
  File "/home/sindre/Dokumenter/MG/info-screens/.venv/lib/python3.7/site-packages/django/template/loaders/base.py", line 30, in get_template
    contents, origin, origin.template_name, self.engine,
  File "/home/sindre/Dokumenter/MG/info-screens/.venv/lib/python3.7/site-packages/django/template/base.py", line 155, in __init__
    self.nodelist = self.compile_nodelist()
  File "/home/sindre/Dokumenter/MG/info-screens/.venv/lib/python3.7/site-packages/django/template/base.py", line 193, in compile_nodelist
    return parser.parse()
  File "/home/sindre/Dokumenter/MG/info-screens/.venv/lib/python3.7/site-packages/django/template/base.py", line 478, in parse
    raise self.error(token, e)
  File "/home/sindre/Dokumenter/MG/info-screens/.venv/lib/python3.7/site-packages/django/template/base.py", line 476, in parse
    compiled_result = compile_func(self, token)
  File "/home/sindre/Dokumenter/MG/info-screens/.venv/lib/python3.7/site-packages/django/template/loader_tags.py", line 278, in do_extends
    nodelist = parser.parse()
  File "/home/sindre/Dokumenter/MG/info-screens/.venv/lib/python3.7/site-packages/django/template/base.py", line 478, in parse
    raise self.error(token, e)
  File "/home/sindre/Dokumenter/MG/info-screens/.venv/lib/python3.7/site-packages/django/template/base.py", line 476, in parse
    compiled_result = compile_func(self, token)
  File "/home/sindre/Dokumenter/MG/info-screens/.venv/lib/python3.7/site-packages/django/template/loader_tags.py", line 216, in do_block
    nodelist = parser.parse(('endblock',))
  File "/home/sindre/Dokumenter/MG/info-screens/.venv/lib/python3.7/site-packages/django/template/base.py", line 478, in parse
    raise self.error(token, e)
  File "/home/sindre/Dokumenter/MG/info-screens/.venv/lib/python3.7/site-packages/django/template/base.py", line 476, in parse
    compiled_result = compile_func(self, token)
  File "/home/sindre/Dokumenter/MG/info-screens/.venv/lib/python3.7/site-packages/django/template/defaulttags.py", line 817, in do_for
    nodelist_loop = parser.parse(('empty', 'endfor',))
  File "/home/sindre/Dokumenter/MG/info-screens/.venv/lib/python3.7/site-packages/django/template/base.py", line 478, in parse
    raise self.error(token, e)
  File "/home/sindre/Dokumenter/MG/info-screens/.venv/lib/python3.7/site-packages/django/template/base.py", line 476, in parse
    compiled_result = compile_func(self, token)
  File "/home/sindre/Dokumenter/MG/info-screens/.venv/lib/python3.7/site-packages/django/template/defaulttags.py", line 982, in do_if
    nodelist = parser.parse(('endif',))
  File "/home/sindre/Dokumenter/MG/info-screens/.venv/lib/python3.7/site-packages/django/template/base.py", line 472, in parse
    self.invalid_block_tag(token, command, parse_until)
  File "/home/sindre/Dokumenter/MG/info-screens/.venv/lib/python3.7/site-packages/django/template/base.py", line 528, in invalid_block_tag
    get_text_list(["'%s'" % p for p in parse_until], 'or'),
django.template.exceptions.TemplateSyntaxError: Invalid block tag on line 27: 'static', expected 'endif'. Did you forget to register or load this tag?
2022-03-10 19:34:58,815 django.server ERROR    "GET /screens/ HTTP/1.1" 500 221045
2022-03-10 19:36:32,753 django.request ERROR    Internal Server Error: /screens/
Traceback (most recent call last):
  File "/home/sindre/Dokumenter/MG/info-screens/.venv/lib/python3.7/site-packages/django/template/base.py", line 470, in parse
    compile_func = self.tags[command]
KeyError: 'static'

During handling of the above exception, another exception occurred:

Traceback (most recent call last):
  File "/home/sindre/Dokumenter/MG/info-screens/.venv/lib/python3.7/site-packages/django/core/handlers/exception.py", line 47, in inner
    response = get_response(request)
  File "/home/sindre/Dokumenter/MG/info-screens/.venv/lib/python3.7/site-packages/django/core/handlers/base.py", line 181, in _get_response
    response = wrapped_callback(request, *callback_args, **callback_kwargs)
  File "/home/sindre/Dokumenter/MG/info-screens/.venv/lib/python3.7/site-packages/django/views/generic/base.py", line 70, in view
    return self.dispatch(request, *args, **kwargs)
  File "/home/sindre/Dokumenter/MG/info-screens/.venv/lib/python3.7/site-packages/django/views/generic/base.py", line 98, in dispatch
    return handler(request, *args, **kwargs)
  File "/home/sindre/Dokumenter/MG/info-screens/infoscreen/views.py", line 30, in get
    'screens': screens,
  File "/home/sindre/Dokumenter/MG/info-screens/.venv/lib/python3.7/site-packages/django/shortcuts.py", line 19, in render
    content = loader.render_to_string(template_name, context, request, using=using)
  File "/home/sindre/Dokumenter/MG/info-screens/.venv/lib/python3.7/site-packages/django/template/loader.py", line 61, in render_to_string
    template = get_template(template_name, using=using)
  File "/home/sindre/Dokumenter/MG/info-screens/.venv/lib/python3.7/site-packages/django/template/loader.py", line 15, in get_template
    return engine.get_template(template_name)
  File "/home/sindre/Dokumenter/MG/info-screens/.venv/lib/python3.7/site-packages/django/template/backends/django.py", line 34, in get_template
    return Template(self.engine.get_template(template_name), self)
  File "/home/sindre/Dokumenter/MG/info-screens/.venv/lib/python3.7/site-packages/django/template/engine.py", line 143, in get_template
    template, origin = self.find_template(template_name)
  File "/home/sindre/Dokumenter/MG/info-screens/.venv/lib/python3.7/site-packages/django/template/engine.py", line 125, in find_template
    template = loader.get_template(name, skip=skip)
  File "/home/sindre/Dokumenter/MG/info-screens/.venv/lib/python3.7/site-packages/django/template/loaders/base.py", line 30, in get_template
    contents, origin, origin.template_name, self.engine,
  File "/home/sindre/Dokumenter/MG/info-screens/.venv/lib/python3.7/site-packages/django/template/base.py", line 155, in __init__
    self.nodelist = self.compile_nodelist()
  File "/home/sindre/Dokumenter/MG/info-screens/.venv/lib/python3.7/site-packages/django/template/base.py", line 193, in compile_nodelist
    return parser.parse()
  File "/home/sindre/Dokumenter/MG/info-screens/.venv/lib/python3.7/site-packages/django/template/base.py", line 478, in parse
    raise self.error(token, e)
  File "/home/sindre/Dokumenter/MG/info-screens/.venv/lib/python3.7/site-packages/django/template/base.py", line 476, in parse
    compiled_result = compile_func(self, token)
  File "/home/sindre/Dokumenter/MG/info-screens/.venv/lib/python3.7/site-packages/django/template/loader_tags.py", line 278, in do_extends
    nodelist = parser.parse()
  File "/home/sindre/Dokumenter/MG/info-screens/.venv/lib/python3.7/site-packages/django/template/base.py", line 478, in parse
    raise self.error(token, e)
  File "/home/sindre/Dokumenter/MG/info-screens/.venv/lib/python3.7/site-packages/django/template/base.py", line 476, in parse
    compiled_result = compile_func(self, token)
  File "/home/sindre/Dokumenter/MG/info-screens/.venv/lib/python3.7/site-packages/django/template/loader_tags.py", line 216, in do_block
    nodelist = parser.parse(('endblock',))
  File "/home/sindre/Dokumenter/MG/info-screens/.venv/lib/python3.7/site-packages/django/template/base.py", line 478, in parse
    raise self.error(token, e)
  File "/home/sindre/Dokumenter/MG/info-screens/.venv/lib/python3.7/site-packages/django/template/base.py", line 476, in parse
    compiled_result = compile_func(self, token)
  File "/home/sindre/Dokumenter/MG/info-screens/.venv/lib/python3.7/site-packages/django/template/defaulttags.py", line 817, in do_for
    nodelist_loop = parser.parse(('empty', 'endfor',))
  File "/home/sindre/Dokumenter/MG/info-screens/.venv/lib/python3.7/site-packages/django/template/base.py", line 478, in parse
    raise self.error(token, e)
  File "/home/sindre/Dokumenter/MG/info-screens/.venv/lib/python3.7/site-packages/django/template/base.py", line 476, in parse
    compiled_result = compile_func(self, token)
  File "/home/sindre/Dokumenter/MG/info-screens/.venv/lib/python3.7/site-packages/django/template/defaulttags.py", line 982, in do_if
    nodelist = parser.parse(('endif',))
  File "/home/sindre/Dokumenter/MG/info-screens/.venv/lib/python3.7/site-packages/django/template/base.py", line 472, in parse
    self.invalid_block_tag(token, command, parse_until)
  File "/home/sindre/Dokumenter/MG/info-screens/.venv/lib/python3.7/site-packages/django/template/base.py", line 528, in invalid_block_tag
    get_text_list(["'%s'" % p for p in parse_until], 'or'),
django.template.exceptions.TemplateSyntaxError: Invalid block tag on line 27: 'static', expected 'endif'. Did you forget to register or load this tag?
2022-03-10 19:36:32,824 django.server ERROR    "GET /screens/ HTTP/1.1" 500 221269
2022-03-10 19:36:33,689 django.request ERROR    Internal Server Error: /screens/
Traceback (most recent call last):
  File "/home/sindre/Dokumenter/MG/info-screens/.venv/lib/python3.7/site-packages/django/template/base.py", line 470, in parse
    compile_func = self.tags[command]
KeyError: 'static'

During handling of the above exception, another exception occurred:

Traceback (most recent call last):
  File "/home/sindre/Dokumenter/MG/info-screens/.venv/lib/python3.7/site-packages/django/core/handlers/exception.py", line 47, in inner
    response = get_response(request)
  File "/home/sindre/Dokumenter/MG/info-screens/.venv/lib/python3.7/site-packages/django/core/handlers/base.py", line 181, in _get_response
    response = wrapped_callback(request, *callback_args, **callback_kwargs)
  File "/home/sindre/Dokumenter/MG/info-screens/.venv/lib/python3.7/site-packages/django/views/generic/base.py", line 70, in view
    return self.dispatch(request, *args, **kwargs)
  File "/home/sindre/Dokumenter/MG/info-screens/.venv/lib/python3.7/site-packages/django/views/generic/base.py", line 98, in dispatch
    return handler(request, *args, **kwargs)
  File "/home/sindre/Dokumenter/MG/info-screens/infoscreen/views.py", line 30, in get
    'screens': screens,
  File "/home/sindre/Dokumenter/MG/info-screens/.venv/lib/python3.7/site-packages/django/shortcuts.py", line 19, in render
    content = loader.render_to_string(template_name, context, request, using=using)
  File "/home/sindre/Dokumenter/MG/info-screens/.venv/lib/python3.7/site-packages/django/template/loader.py", line 61, in render_to_string
    template = get_template(template_name, using=using)
  File "/home/sindre/Dokumenter/MG/info-screens/.venv/lib/python3.7/site-packages/django/template/loader.py", line 15, in get_template
    return engine.get_template(template_name)
  File "/home/sindre/Dokumenter/MG/info-screens/.venv/lib/python3.7/site-packages/django/template/backends/django.py", line 34, in get_template
    return Template(self.engine.get_template(template_name), self)
  File "/home/sindre/Dokumenter/MG/info-screens/.venv/lib/python3.7/site-packages/django/template/engine.py", line 143, in get_template
    template, origin = self.find_template(template_name)
  File "/home/sindre/Dokumenter/MG/info-screens/.venv/lib/python3.7/site-packages/django/template/engine.py", line 125, in find_template
    template = loader.get_template(name, skip=skip)
  File "/home/sindre/Dokumenter/MG/info-screens/.venv/lib/python3.7/site-packages/django/template/loaders/base.py", line 30, in get_template
    contents, origin, origin.template_name, self.engine,
  File "/home/sindre/Dokumenter/MG/info-screens/.venv/lib/python3.7/site-packages/django/template/base.py", line 155, in __init__
    self.nodelist = self.compile_nodelist()
  File "/home/sindre/Dokumenter/MG/info-screens/.venv/lib/python3.7/site-packages/django/template/base.py", line 193, in compile_nodelist
    return parser.parse()
  File "/home/sindre/Dokumenter/MG/info-screens/.venv/lib/python3.7/site-packages/django/template/base.py", line 478, in parse
    raise self.error(token, e)
  File "/home/sindre/Dokumenter/MG/info-screens/.venv/lib/python3.7/site-packages/django/template/base.py", line 476, in parse
    compiled_result = compile_func(self, token)
  File "/home/sindre/Dokumenter/MG/info-screens/.venv/lib/python3.7/site-packages/django/template/loader_tags.py", line 278, in do_extends
    nodelist = parser.parse()
  File "/home/sindre/Dokumenter/MG/info-screens/.venv/lib/python3.7/site-packages/django/template/base.py", line 478, in parse
    raise self.error(token, e)
  File "/home/sindre/Dokumenter/MG/info-screens/.venv/lib/python3.7/site-packages/django/template/base.py", line 476, in parse
    compiled_result = compile_func(self, token)
  File "/home/sindre/Dokumenter/MG/info-screens/.venv/lib/python3.7/site-packages/django/template/loader_tags.py", line 216, in do_block
    nodelist = parser.parse(('endblock',))
  File "/home/sindre/Dokumenter/MG/info-screens/.venv/lib/python3.7/site-packages/django/template/base.py", line 478, in parse
    raise self.error(token, e)
  File "/home/sindre/Dokumenter/MG/info-screens/.venv/lib/python3.7/site-packages/django/template/base.py", line 476, in parse
    compiled_result = compile_func(self, token)
  File "/home/sindre/Dokumenter/MG/info-screens/.venv/lib/python3.7/site-packages/django/template/defaulttags.py", line 817, in do_for
    nodelist_loop = parser.parse(('empty', 'endfor',))
  File "/home/sindre/Dokumenter/MG/info-screens/.venv/lib/python3.7/site-packages/django/template/base.py", line 478, in parse
    raise self.error(token, e)
  File "/home/sindre/Dokumenter/MG/info-screens/.venv/lib/python3.7/site-packages/django/template/base.py", line 476, in parse
    compiled_result = compile_func(self, token)
  File "/home/sindre/Dokumenter/MG/info-screens/.venv/lib/python3.7/site-packages/django/template/defaulttags.py", line 982, in do_if
    nodelist = parser.parse(('endif',))
  File "/home/sindre/Dokumenter/MG/info-screens/.venv/lib/python3.7/site-packages/django/template/base.py", line 472, in parse
    self.invalid_block_tag(token, command, parse_until)
  File "/home/sindre/Dokumenter/MG/info-screens/.venv/lib/python3.7/site-packages/django/template/base.py", line 528, in invalid_block_tag
    get_text_list(["'%s'" % p for p in parse_until], 'or'),
django.template.exceptions.TemplateSyntaxError: Invalid block tag on line 27: 'static', expected 'endif'. Did you forget to register or load this tag?
2022-03-10 19:36:33,765 django.server ERROR    "GET /screens/ HTTP/1.1" 500 221269
2022-03-10 19:37:07,742 django.request ERROR    Internal Server Error: /screens/
Traceback (most recent call last):
  File "/home/sindre/Dokumenter/MG/info-screens/.venv/lib/python3.7/site-packages/django/template/defaulttags.py", line 1037, in find_library
    return parser.libraries[name]
KeyError: 'staticfiles'

During handling of the above exception, another exception occurred:

Traceback (most recent call last):
  File "/home/sindre/Dokumenter/MG/info-screens/.venv/lib/python3.7/site-packages/django/core/handlers/exception.py", line 47, in inner
    response = get_response(request)
  File "/home/sindre/Dokumenter/MG/info-screens/.venv/lib/python3.7/site-packages/django/core/handlers/base.py", line 181, in _get_response
    response = wrapped_callback(request, *callback_args, **callback_kwargs)
  File "/home/sindre/Dokumenter/MG/info-screens/.venv/lib/python3.7/site-packages/django/views/generic/base.py", line 70, in view
    return self.dispatch(request, *args, **kwargs)
  File "/home/sindre/Dokumenter/MG/info-screens/.venv/lib/python3.7/site-packages/django/views/generic/base.py", line 98, in dispatch
    return handler(request, *args, **kwargs)
  File "/home/sindre/Dokumenter/MG/info-screens/infoscreen/views.py", line 30, in get
    'screens': screens,
  File "/home/sindre/Dokumenter/MG/info-screens/.venv/lib/python3.7/site-packages/django/shortcuts.py", line 19, in render
    content = loader.render_to_string(template_name, context, request, using=using)
  File "/home/sindre/Dokumenter/MG/info-screens/.venv/lib/python3.7/site-packages/django/template/loader.py", line 61, in render_to_string
    template = get_template(template_name, using=using)
  File "/home/sindre/Dokumenter/MG/info-screens/.venv/lib/python3.7/site-packages/django/template/loader.py", line 15, in get_template
    return engine.get_template(template_name)
  File "/home/sindre/Dokumenter/MG/info-screens/.venv/lib/python3.7/site-packages/django/template/backends/django.py", line 34, in get_template
    return Template(self.engine.get_template(template_name), self)
  File "/home/sindre/Dokumenter/MG/info-screens/.venv/lib/python3.7/site-packages/django/template/engine.py", line 143, in get_template
    template, origin = self.find_template(template_name)
  File "/home/sindre/Dokumenter/MG/info-screens/.venv/lib/python3.7/site-packages/django/template/engine.py", line 125, in find_template
    template = loader.get_template(name, skip=skip)
  File "/home/sindre/Dokumenter/MG/info-screens/.venv/lib/python3.7/site-packages/django/template/loaders/base.py", line 30, in get_template
    contents, origin, origin.template_name, self.engine,
  File "/home/sindre/Dokumenter/MG/info-screens/.venv/lib/python3.7/site-packages/django/template/base.py", line 155, in __init__
    self.nodelist = self.compile_nodelist()
  File "/home/sindre/Dokumenter/MG/info-screens/.venv/lib/python3.7/site-packages/django/template/base.py", line 193, in compile_nodelist
    return parser.parse()
  File "/home/sindre/Dokumenter/MG/info-screens/.venv/lib/python3.7/site-packages/django/template/base.py", line 478, in parse
    raise self.error(token, e)
  File "/home/sindre/Dokumenter/MG/info-screens/.venv/lib/python3.7/site-packages/django/template/base.py", line 476, in parse
    compiled_result = compile_func(self, token)
  File "/home/sindre/Dokumenter/MG/info-screens/.venv/lib/python3.7/site-packages/django/template/loader_tags.py", line 278, in do_extends
    nodelist = parser.parse()
  File "/home/sindre/Dokumenter/MG/info-screens/.venv/lib/python3.7/site-packages/django/template/base.py", line 478, in parse
    raise self.error(token, e)
  File "/home/sindre/Dokumenter/MG/info-screens/.venv/lib/python3.7/site-packages/django/template/base.py", line 476, in parse
    compiled_result = compile_func(self, token)
  File "/home/sindre/Dokumenter/MG/info-screens/.venv/lib/python3.7/site-packages/django/template/defaulttags.py", line 1094, in load
    lib = find_library(parser, name)
  File "/home/sindre/Dokumenter/MG/info-screens/.venv/lib/python3.7/site-packages/django/template/defaulttags.py", line 1041, in find_library
    name, "\n".join(sorted(parser.libraries)),
django.template.exceptions.TemplateSyntaxError: 'staticfiles' is not a registered tag library. Must be one of:
admin_list
admin_modify
admin_urls
cache
compress
i18n
infoscreen_tags
l10n
log
static
tz
2022-03-10 19:37:07,816 django.server ERROR    "GET /screens/ HTTP/1.1" 500 181118
2022-03-10 19:37:08,900 django.request ERROR    Internal Server Error: /screens/
Traceback (most recent call last):
  File "/home/sindre/Dokumenter/MG/info-screens/.venv/lib/python3.7/site-packages/django/template/defaulttags.py", line 1037, in find_library
    return parser.libraries[name]
KeyError: 'staticfiles'

During handling of the above exception, another exception occurred:

Traceback (most recent call last):
  File "/home/sindre/Dokumenter/MG/info-screens/.venv/lib/python3.7/site-packages/django/core/handlers/exception.py", line 47, in inner
    response = get_response(request)
  File "/home/sindre/Dokumenter/MG/info-screens/.venv/lib/python3.7/site-packages/django/core/handlers/base.py", line 181, in _get_response
    response = wrapped_callback(request, *callback_args, **callback_kwargs)
  File "/home/sindre/Dokumenter/MG/info-screens/.venv/lib/python3.7/site-packages/django/views/generic/base.py", line 70, in view
    return self.dispatch(request, *args, **kwargs)
  File "/home/sindre/Dokumenter/MG/info-screens/.venv/lib/python3.7/site-packages/django/views/generic/base.py", line 98, in dispatch
    return handler(request, *args, **kwargs)
  File "/home/sindre/Dokumenter/MG/info-screens/infoscreen/views.py", line 30, in get
    'screens': screens,
  File "/home/sindre/Dokumenter/MG/info-screens/.venv/lib/python3.7/site-packages/django/shortcuts.py", line 19, in render
    content = loader.render_to_string(template_name, context, request, using=using)
  File "/home/sindre/Dokumenter/MG/info-screens/.venv/lib/python3.7/site-packages/django/template/loader.py", line 61, in render_to_string
    template = get_template(template_name, using=using)
  File "/home/sindre/Dokumenter/MG/info-screens/.venv/lib/python3.7/site-packages/django/template/loader.py", line 15, in get_template
    return engine.get_template(template_name)
  File "/home/sindre/Dokumenter/MG/info-screens/.venv/lib/python3.7/site-packages/django/template/backends/django.py", line 34, in get_template
    return Template(self.engine.get_template(template_name), self)
  File "/home/sindre/Dokumenter/MG/info-screens/.venv/lib/python3.7/site-packages/django/template/engine.py", line 143, in get_template
    template, origin = self.find_template(template_name)
  File "/home/sindre/Dokumenter/MG/info-screens/.venv/lib/python3.7/site-packages/django/template/engine.py", line 125, in find_template
    template = loader.get_template(name, skip=skip)
  File "/home/sindre/Dokumenter/MG/info-screens/.venv/lib/python3.7/site-packages/django/template/loaders/base.py", line 30, in get_template
    contents, origin, origin.template_name, self.engine,
  File "/home/sindre/Dokumenter/MG/info-screens/.venv/lib/python3.7/site-packages/django/template/base.py", line 155, in __init__
    self.nodelist = self.compile_nodelist()
  File "/home/sindre/Dokumenter/MG/info-screens/.venv/lib/python3.7/site-packages/django/template/base.py", line 193, in compile_nodelist
    return parser.parse()
  File "/home/sindre/Dokumenter/MG/info-screens/.venv/lib/python3.7/site-packages/django/template/base.py", line 478, in parse
    raise self.error(token, e)
  File "/home/sindre/Dokumenter/MG/info-screens/.venv/lib/python3.7/site-packages/django/template/base.py", line 476, in parse
    compiled_result = compile_func(self, token)
  File "/home/sindre/Dokumenter/MG/info-screens/.venv/lib/python3.7/site-packages/django/template/loader_tags.py", line 278, in do_extends
    nodelist = parser.parse()
  File "/home/sindre/Dokumenter/MG/info-screens/.venv/lib/python3.7/site-packages/django/template/base.py", line 478, in parse
    raise self.error(token, e)
  File "/home/sindre/Dokumenter/MG/info-screens/.venv/lib/python3.7/site-packages/django/template/base.py", line 476, in parse
    compiled_result = compile_func(self, token)
  File "/home/sindre/Dokumenter/MG/info-screens/.venv/lib/python3.7/site-packages/django/template/defaulttags.py", line 1094, in load
    lib = find_library(parser, name)
  File "/home/sindre/Dokumenter/MG/info-screens/.venv/lib/python3.7/site-packages/django/template/defaulttags.py", line 1041, in find_library
    name, "\n".join(sorted(parser.libraries)),
django.template.exceptions.TemplateSyntaxError: 'staticfiles' is not a registered tag library. Must be one of:
admin_list
admin_modify
admin_urls
cache
compress
i18n
infoscreen_tags
l10n
log
static
tz
2022-03-10 19:37:08,968 django.server ERROR    "GET /screens/ HTTP/1.1" 500 181118
2022-03-10 19:38:23,119 django.server INFO     "GET /screens/ HTTP/1.1" 200 18475
2022-03-10 19:38:23,136 django.server INFO     "GET /static/CACHE/css/base.e9ec07212d87.css HTTP/1.1" 200 727
2022-03-10 19:38:23,155 django.server WARNING  "GET /static/img/default.jpg HTTP/1.1" 404 1905
2022-03-10 19:38:23,271 django.server WARNING  "GET /static/img/default.jpg HTTP/1.1" 404 1905
2022-03-10 19:38:24,901 django.server INFO     "GET /screens/ HTTP/1.1" 200 18475
2022-03-10 19:38:24,916 django.server INFO     "GET /static/CACHE/css/base.e9ec07212d87.css HTTP/1.1" 200 727
2022-03-10 19:38:24,916 django.server WARNING  "GET /static/img/default.jpg HTTP/1.1" 404 1905
2022-03-10 19:38:55,929 django.server INFO     "GET /screens/ HTTP/1.1" 200 18510
2022-03-10 19:38:55,948 django.server INFO     "GET /static/CACHE/css/base.e9ec07212d87.css HTTP/1.1" 200 727
2022-03-10 19:38:55,949 django.server INFO     "GET /static/infoscreen/img/default.jpg HTTP/1.1" 200 26511
2022-03-10 19:41:39,318 django.request ERROR    Internal Server Error: /screens/
Traceback (most recent call last):
  File "/home/sindre/Dokumenter/MG/info-screens/.venv/lib/python3.7/site-packages/django/template/base.py", line 470, in parse
    compile_func = self.tags[command]
KeyError: 'endblock'

During handling of the above exception, another exception occurred:

Traceback (most recent call last):
  File "/home/sindre/Dokumenter/MG/info-screens/.venv/lib/python3.7/site-packages/django/core/handlers/exception.py", line 47, in inner
    response = get_response(request)
  File "/home/sindre/Dokumenter/MG/info-screens/.venv/lib/python3.7/site-packages/django/core/handlers/base.py", line 181, in _get_response
    response = wrapped_callback(request, *callback_args, **callback_kwargs)
  File "/home/sindre/Dokumenter/MG/info-screens/.venv/lib/python3.7/site-packages/django/views/generic/base.py", line 70, in view
    return self.dispatch(request, *args, **kwargs)
  File "/home/sindre/Dokumenter/MG/info-screens/.venv/lib/python3.7/site-packages/django/views/generic/base.py", line 98, in dispatch
    return handler(request, *args, **kwargs)
  File "/home/sindre/Dokumenter/MG/info-screens/infoscreen/views.py", line 30, in get
    'screens': screens,
  File "/home/sindre/Dokumenter/MG/info-screens/.venv/lib/python3.7/site-packages/django/shortcuts.py", line 19, in render
    content = loader.render_to_string(template_name, context, request, using=using)
  File "/home/sindre/Dokumenter/MG/info-screens/.venv/lib/python3.7/site-packages/django/template/loader.py", line 61, in render_to_string
    template = get_template(template_name, using=using)
  File "/home/sindre/Dokumenter/MG/info-screens/.venv/lib/python3.7/site-packages/django/template/loader.py", line 15, in get_template
    return engine.get_template(template_name)
  File "/home/sindre/Dokumenter/MG/info-screens/.venv/lib/python3.7/site-packages/django/template/backends/django.py", line 34, in get_template
    return Template(self.engine.get_template(template_name), self)
  File "/home/sindre/Dokumenter/MG/info-screens/.venv/lib/python3.7/site-packages/django/template/engine.py", line 143, in get_template
    template, origin = self.find_template(template_name)
  File "/home/sindre/Dokumenter/MG/info-screens/.venv/lib/python3.7/site-packages/django/template/engine.py", line 125, in find_template
    template = loader.get_template(name, skip=skip)
  File "/home/sindre/Dokumenter/MG/info-screens/.venv/lib/python3.7/site-packages/django/template/loaders/base.py", line 30, in get_template
    contents, origin, origin.template_name, self.engine,
  File "/home/sindre/Dokumenter/MG/info-screens/.venv/lib/python3.7/site-packages/django/template/base.py", line 155, in __init__
    self.nodelist = self.compile_nodelist()
  File "/home/sindre/Dokumenter/MG/info-screens/.venv/lib/python3.7/site-packages/django/template/base.py", line 193, in compile_nodelist
    return parser.parse()
  File "/home/sindre/Dokumenter/MG/info-screens/.venv/lib/python3.7/site-packages/django/template/base.py", line 478, in parse
    raise self.error(token, e)
  File "/home/sindre/Dokumenter/MG/info-screens/.venv/lib/python3.7/site-packages/django/template/base.py", line 476, in parse
    compiled_result = compile_func(self, token)
  File "/home/sindre/Dokumenter/MG/info-screens/.venv/lib/python3.7/site-packages/django/template/loader_tags.py", line 278, in do_extends
    nodelist = parser.parse()
  File "/home/sindre/Dokumenter/MG/info-screens/.venv/lib/python3.7/site-packages/django/template/base.py", line 478, in parse
    raise self.error(token, e)
  File "/home/sindre/Dokumenter/MG/info-screens/.venv/lib/python3.7/site-packages/django/template/base.py", line 476, in parse
    compiled_result = compile_func(self, token)
  File "/home/sindre/Dokumenter/MG/info-screens/.venv/lib/python3.7/site-packages/django/template/loader_tags.py", line 216, in do_block
    nodelist = parser.parse(('endblock',))
  File "/home/sindre/Dokumenter/MG/info-screens/.venv/lib/python3.7/site-packages/django/template/base.py", line 478, in parse
    raise self.error(token, e)
  File "/home/sindre/Dokumenter/MG/info-screens/.venv/lib/python3.7/site-packages/django/template/base.py", line 476, in parse
    compiled_result = compile_func(self, token)
  File "/home/sindre/Dokumenter/MG/info-screens/.venv/lib/python3.7/site-packages/django/template/defaulttags.py", line 817, in do_for
    nodelist_loop = parser.parse(('empty', 'endfor',))
  File "/home/sindre/Dokumenter/MG/info-screens/.venv/lib/python3.7/site-packages/django/template/base.py", line 472, in parse
    self.invalid_block_tag(token, command, parse_until)
  File "/home/sindre/Dokumenter/MG/info-screens/.venv/lib/python3.7/site-packages/django/template/base.py", line 528, in invalid_block_tag
    get_text_list(["'%s'" % p for p in parse_until], 'or'),
django.template.exceptions.TemplateSyntaxError: Invalid block tag on line 30: 'endblock', expected 'empty' or 'endfor'. Did you forget to register or load this tag?
2022-03-10 19:41:39,359 django.server ERROR    "GET /screens/ HTTP/1.1" 500 203077
2022-03-10 19:41:40,158 django.request ERROR    Internal Server Error: /screens/
Traceback (most recent call last):
  File "/home/sindre/Dokumenter/MG/info-screens/.venv/lib/python3.7/site-packages/django/template/base.py", line 470, in parse
    compile_func = self.tags[command]
KeyError: 'endblock'

During handling of the above exception, another exception occurred:

Traceback (most recent call last):
  File "/home/sindre/Dokumenter/MG/info-screens/.venv/lib/python3.7/site-packages/django/core/handlers/exception.py", line 47, in inner
    response = get_response(request)
  File "/home/sindre/Dokumenter/MG/info-screens/.venv/lib/python3.7/site-packages/django/core/handlers/base.py", line 181, in _get_response
    response = wrapped_callback(request, *callback_args, **callback_kwargs)
  File "/home/sindre/Dokumenter/MG/info-screens/.venv/lib/python3.7/site-packages/django/views/generic/base.py", line 70, in view
    return self.dispatch(request, *args, **kwargs)
  File "/home/sindre/Dokumenter/MG/info-screens/.venv/lib/python3.7/site-packages/django/views/generic/base.py", line 98, in dispatch
    return handler(request, *args, **kwargs)
  File "/home/sindre/Dokumenter/MG/info-screens/infoscreen/views.py", line 30, in get
    'screens': screens,
  File "/home/sindre/Dokumenter/MG/info-screens/.venv/lib/python3.7/site-packages/django/shortcuts.py", line 19, in render
    content = loader.render_to_string(template_name, context, request, using=using)
  File "/home/sindre/Dokumenter/MG/info-screens/.venv/lib/python3.7/site-packages/django/template/loader.py", line 61, in render_to_string
    template = get_template(template_name, using=using)
  File "/home/sindre/Dokumenter/MG/info-screens/.venv/lib/python3.7/site-packages/django/template/loader.py", line 15, in get_template
    return engine.get_template(template_name)
  File "/home/sindre/Dokumenter/MG/info-screens/.venv/lib/python3.7/site-packages/django/template/backends/django.py", line 34, in get_template
    return Template(self.engine.get_template(template_name), self)
  File "/home/sindre/Dokumenter/MG/info-screens/.venv/lib/python3.7/site-packages/django/template/engine.py", line 143, in get_template
    template, origin = self.find_template(template_name)
  File "/home/sindre/Dokumenter/MG/info-screens/.venv/lib/python3.7/site-packages/django/template/engine.py", line 125, in find_template
    template = loader.get_template(name, skip=skip)
  File "/home/sindre/Dokumenter/MG/info-screens/.venv/lib/python3.7/site-packages/django/template/loaders/base.py", line 30, in get_template
    contents, origin, origin.template_name, self.engine,
  File "/home/sindre/Dokumenter/MG/info-screens/.venv/lib/python3.7/site-packages/django/template/base.py", line 155, in __init__
    self.nodelist = self.compile_nodelist()
  File "/home/sindre/Dokumenter/MG/info-screens/.venv/lib/python3.7/site-packages/django/template/base.py", line 193, in compile_nodelist
    return parser.parse()
  File "/home/sindre/Dokumenter/MG/info-screens/.venv/lib/python3.7/site-packages/django/template/base.py", line 478, in parse
    raise self.error(token, e)
  File "/home/sindre/Dokumenter/MG/info-screens/.venv/lib/python3.7/site-packages/django/template/base.py", line 476, in parse
    compiled_result = compile_func(self, token)
  File "/home/sindre/Dokumenter/MG/info-screens/.venv/lib/python3.7/site-packages/django/template/loader_tags.py", line 278, in do_extends
    nodelist = parser.parse()
  File "/home/sindre/Dokumenter/MG/info-screens/.venv/lib/python3.7/site-packages/django/template/base.py", line 478, in parse
    raise self.error(token, e)
  File "/home/sindre/Dokumenter/MG/info-screens/.venv/lib/python3.7/site-packages/django/template/base.py", line 476, in parse
    compiled_result = compile_func(self, token)
  File "/home/sindre/Dokumenter/MG/info-screens/.venv/lib/python3.7/site-packages/django/template/loader_tags.py", line 216, in do_block
    nodelist = parser.parse(('endblock',))
  File "/home/sindre/Dokumenter/MG/info-screens/.venv/lib/python3.7/site-packages/django/template/base.py", line 478, in parse
    raise self.error(token, e)
  File "/home/sindre/Dokumenter/MG/info-screens/.venv/lib/python3.7/site-packages/django/template/base.py", line 476, in parse
    compiled_result = compile_func(self, token)
  File "/home/sindre/Dokumenter/MG/info-screens/.venv/lib/python3.7/site-packages/django/template/defaulttags.py", line 817, in do_for
    nodelist_loop = parser.parse(('empty', 'endfor',))
  File "/home/sindre/Dokumenter/MG/info-screens/.venv/lib/python3.7/site-packages/django/template/base.py", line 472, in parse
    self.invalid_block_tag(token, command, parse_until)
  File "/home/sindre/Dokumenter/MG/info-screens/.venv/lib/python3.7/site-packages/django/template/base.py", line 528, in invalid_block_tag
    get_text_list(["'%s'" % p for p in parse_until], 'or'),
django.template.exceptions.TemplateSyntaxError: Invalid block tag on line 30: 'endblock', expected 'empty' or 'endfor'. Did you forget to register or load this tag?
2022-03-10 19:41:40,198 django.server ERROR    "GET /screens/ HTTP/1.1" 500 203077
2022-03-10 19:42:05,318 django.server INFO     "GET /screens/ HTTP/1.1" 200 18487
2022-03-10 19:42:05,337 django.server INFO     "GET /static/CACHE/css/base.e9ec07212d87.css HTTP/1.1" 200 727
